#
# A fatal error has been detected by the Java Runtime Environment:
#
#  Internal Error (jvmciRuntime.cpp:1609), pid=26, tid=40
#  fatal error: Fatal exception in JVMCI: Error calling jdk.vm.ci.services.Services.serializeSavedProperties
#
# JRE version: OpenJDK Runtime Environment GraalVM CE 22.3.0 (17.0.5+8) (build 17.0.5+8-jvmci-22.3-b08)
# Java VM: OpenJDK 64-Bit Server VM GraalVM CE 22.3.0 (17.0.5+8-jvmci-22.3-b08, mixed mode, sharing, tiered, jvmci, jvmci compiler, compressed oops, compressed class ptrs, parallel gc, linux-amd64)
# Problematic frame:
# V  [libjvm.so+0x972714]  JVMCIRuntime::fatal_exception(JVMCIEnv*, char const*)+0x74
#
# Core dump will be written. Default location: Core dumps may be processed with "/usr/share/apport/apport -p%p -s%s -c%c -d%d -P%P -u%u -g%g -- %E" (or dumping to /home/runner/Ship-Shape-V2/core.26)
#
# If you would like to submit a bug report, please visit:
#   https://github.com/oracle/graal/issues
#

---------------  S U M M A R Y ------------

Command Line: -XX:ThreadPriorityPolicy=1 -XX:+UnlockExperimentalVMOptions -XX:+EnableJVMCIProduct -XX:JVMCIThreadsPerNativeLibraryRuntime=1 -XX:-UnlockExperimentalVMOptions -Declipse.application=org.eclipse.jdt.ls.core.id1 -Dosgi.bundles.defaultStartLevel=4 -Declipse.product=org.eclipse.jdt.ls.core.product -Dlog.level=ALL -Xverify:none -XX:+UseParallelGC -XX:GCTimeRatio=4 -XX:AdaptiveSizePolicyWeight=90 -Dsun.zip.disableMemoryMapping=true -Xmx512m -Xms100m /nix/store/m6gcpi1ii6rghy04cjwjddcavv7i90df-jdt-language-server-1.9.0/share/java/plugins/org.eclipse.equinox.launcher_1.6.400.v20210924-0641.jar --add-modules=ALL-SYSTEM --add-opens java.base/java.util=ALL-UNNAMED --add-opens java.base/java.lang=ALL-UNNAMED -configuration /home/runner/.cache/jdt-language-server/config -data /home/runner/.cache/jdt-language-server/data/home/runner/Ship-Shape-V2

Host: AMD EPYC 7B12, 8 cores, 1G, Ubuntu 20.04.2 LTS
Time: Thu Feb 23 05:45:12 2023 UTC elapsed time: 727.564404 seconds (0d 0h 12m 7s)

---------------  T H R E A D  ---------------

Current thread (0x00007ff5040b21e0):  JavaThread "JVMCI-native CompilerThread0" daemon [_thread_in_vm, id=40, stack(0x00007ff4e861a000,0x00007ff4e881a000)]


Current CompileTask:
JVMCI-native: 727565 8512 % !   4       org.eclipse.jdt.internal.compiler.parser.Parser::parse @ 52 (907 bytes)

Stack: [0x00007ff4e861a000,0x00007ff4e881a000],  sp=0x00007ff4e8818380,  free space=2040k
Native frames: (J=compiled Java code, j=interpreted, Vv=VM code, C=native code)
V  [libjvm.so+0x972714]  JVMCIRuntime::fatal_exception(JVMCIEnv*, char const*)+0x74
V  [libjvm.so+0x93e2fe]  JVMCIEnv::copy_saved_properties()+0x14e
V  [libjvm.so+0x9732a9]  JVMCIRuntime::initialize(JVMCIEnv*)+0xb19
V  [libjvm.so+0x9738a2]  JVMCIRuntime::get_HotSpotJVMCIRuntime(JVMCIEnv*)+0x12
V  [libjvm.so+0x9749f2]  JVMCIRuntime::compile_method(JVMCIEnv*, JVMCICompiler*, methodHandle const&, int)+0xd2
V  [libjvm.so+0x5b0d20]  CompileBroker::invoke_compiler_on_method(CompileTask*)+0x1470
V  [libjvm.so+0x5b12e8]  CompileBroker::compiler_thread_loop()+0x528
V  [libjvm.so+0xd82460]  JavaThread::thread_main_inner()+0xd0
V  [libjvm.so+0xd85a40]  Thread::call_run()+0xc0
V  [libjvm.so+0xbdb1e1]  thread_native_entry(Thread*)+0xe1

Register to memory mapping:

RAX=0x00007ff508268000 points into unknown readable memory: 0x0000000000000058 | 58 00 00 00 00 00 00 00
RBX=0x00007ff509363398: <offset 0x0000000000ef5398> in /nix/store/gpxl5qgg8kicmcvivwmybwjlpf7wh20l-graalvm17-ce-22.3.0/lib/server/libjvm.so at 0x00007ff50846e000
RCX=0x00007ff50931b1e8: <offset 0x0000000000ead1e8> in /nix/store/gpxl5qgg8kicmcvivwmybwjlpf7wh20l-graalvm17-ce-22.3.0/lib/server/libjvm.so at 0x00007ff50846e000
RDX=0x0000000000000649 is an unknown value
RSP=0x00007ff4e8818380 is pointing into the stack for thread: 0x00007ff5040b21e0
RBP=0x00007ff4e88183a0 is pointing into the stack for thread: 0x00007ff5040b21e0
RSI=0x00007ff509363c48: <offset 0x0000000000ef5c48> in /nix/store/gpxl5qgg8kicmcvivwmybwjlpf7wh20l-graalvm17-ce-22.3.0/lib/server/libjvm.so at 0x00007ff50846e000
RDI=0x00000000e0000000 is an oop: java.lang.String 
{0x00000000e0000000} - klass: 'java/lang/String'
 - string: "resolution"
R8 =0x00007ff509363398: <offset 0x0000000000ef5398> in /nix/store/gpxl5qgg8kicmcvivwmybwjlpf7wh20l-graalvm17-ce-22.3.0/lib/server/libjvm.so at 0x00007ff50846e000
R9 =0x0000000000000003 is an unknown value
R10=0x00007ff5096b4da0: <offset 0x0000000001246da0> in /nix/store/gpxl5qgg8kicmcvivwmybwjlpf7wh20l-graalvm17-ce-22.3.0/lib/server/libjvm.so at 0x00007ff50846e000
R11=0x000000080044f048 is pointing into metadata
R12=0x0 is NULL
R13=0x00007ff5040b21e0 is a thread
R14=0x00007ff504000b80 points into unknown readable memory: 0x00007ff509594a38 | 38 4a 59 09 f5 7f 00 00
R15=0x00007ff5096a2e40: <offset 0x0000000001234e40> in /nix/store/gpxl5qgg8kicmcvivwmybwjlpf7wh20l-graalvm17-ce-22.3.0/lib/server/libjvm.so at 0x00007ff50846e000


Registers:
RAX=0x00007ff508268000, RBX=0x00007ff509363398, RCX=0x00007ff50931b1e8, RDX=0x0000000000000649
RSP=0x00007ff4e8818380, RBP=0x00007ff4e88183a0, RSI=0x00007ff509363c48, RDI=0x00000000e0000000
R8 =0x00007ff509363398, R9 =0x0000000000000003, R10=0x00007ff5096b4da0, R11=0x000000080044f048
R12=0x0000000000000000, R13=0x00007ff5040b21e0, R14=0x00007ff504000b80, R15=0x00007ff5096a2e40
RIP=0x00007ff508de0714, EFLAGS=0x0000000000010206, CSGSFS=0x002b000000000033, ERR=0x0000000000000006
  TRAPNO=0x000000000000000e

Top of Stack: (sp=0x00007ff4e8818380)
0x00007ff4e8818380:   00007ff4e8818940 00007ff5040b21e0
0x00007ff4e8818390:   00007ff4ea0aa8c8 0000000800c417a0
0x00007ff4e88183a0:   00007ff4e8818500 00007ff508dac2fe
0x00007ff4e88183b0:   00007ff4e88183e0 00007ff4e8818440 

Instructions: (pc=0x00007ff508de0714)
0x00007ff508de0614:   30 e8 f6 cf e8 ff 4c 89 e7 e8 2e 48 d1 ff 84 db
0x00007ff508de0624:   75 2a 4d 85 ed 74 04 4d 8b 6d 00 48 83 c4 08 44
0x00007ff508de0634:   89 f9 4c 89 f2 4c 89 ee 5b 4c 89 e7 41 5c 41 5d
0x00007ff508de0644:   41 5e 41 5f 5d e9 e2 47 d1 ff 66 90 48 83 c4 08
0x00007ff508de0654:   5b 41 5c 41 5d 41 5e 41 5f 5d c3 90 31 d2 be 08
0x00007ff508de0664:   00 00 00 4c 89 ff e8 b1 78 a3 ff 49 89 c5 e9 37
0x00007ff508de0674:   ff ff ff 66 0f 1f 84 00 00 00 00 00 48 8b 7a 08
0x00007ff508de0684:   e9 6d ff ff ff 0f 1f 80 00 00 00 00 e8 5b 48 0a
0x00007ff508de0694:   00 84 c0 75 89 e9 6a ff ff ff 66 90 55 48 89 e5
0x00007ff508de06a4:   41 56 41 55 41 54 49 89 fc 53 48 89 f3 66 48 8d
0x00007ff508de06b4:   3d 27 5e 85 00 66 66 48 e8 df 43 8d ff 4c 8b 28
0x00007ff508de06c4:   8b 05 be 72 8a 00 85 c0 75 14 ba 01 00 00 00 48
0x00007ff508de06d4:   8d 0d ae 72 8a 00 f0 0f b1 11 85 c0 74 4e be c8
0x00007ff508de06e4:   00 00 00 4c 89 ef e8 01 0b 41 00 48 8d 05 12 ac
0x00007ff508de06f4:   85 00 49 89 d8 48 8d 0d e8 aa 53 00 ba 49 06 00
0x00007ff508de0704:   00 48 8d 35 3c 35 58 00 bf 00 00 00 e0 48 8b 00
0x00007ff508de0714:   c6 00 58 31 c0 e8 e2 91 c6 ff 5b 41 5c 41 5d 41
0x00007ff508de0724:   5e 5d e9 55 34 26 00 0f 1f 44 00 00 48 8d 05 81
0x00007ff508de0734:   a3 8b 00 48 89 df 4c 8b 30 e8 9e 43 8d ff 48 89
0x00007ff508de0744:   de 48 89 c2 49 8b 06 4c 89 f7 ff 50 08 4c 89 f7
0x00007ff508de0754:   e8 a7 5c 27 00 4d 85 e4 74 12 be 01 00 00 00 4c
0x00007ff508de0764:   89 e7 e8 35 43 fc ff eb 82 0f 1f 00 be 01 00 00
0x00007ff508de0774:   00 4c 89 ef e8 d3 fd ff ff e9 6d ff ff ff 66 66
0x00007ff508de0784:   2e 0f 1f 84 00 00 00 00 00 0f 1f 00 55 48 89 e5
0x00007ff508de0794:   41 57 41 56 41 55 41 54 53 48 81 ec 08 02 00 00
0x00007ff508de07a4:   64 48 8b 04 25 28 00 00 00 48 89 45 c8 8b 07 83
0x00007ff508de07b4:   f8 02 0f 84 11 04 00 00 4c 8b 6f 18 49 89 ff 49
0x00007ff508de07c4:   89 f4 4d 85 ed 74 14 4c 89 ef e8 5d 57 22 00 41
0x00007ff508de07d4:   8b 07 83 f8 02 0f 84 19 04 00 00 48 8d 1d 9a 06
0x00007ff508de07e4:   8a 00 4c 8d 35 0b 3c 58 00 eb 38 90 48 85 d2 7f
0x00007ff508de07f4:   0d 48 8d 05 b4 c0 85 00 48 83 38 00 7e 0e 41 8b
0x00007ff508de0804:   77 2c 4c 89 f7 31 c0 e8 a0 b2 f7 ff 49 8b 7f 18 


Stack slot to memory mapping:
stack at sp + 0 slots: 0x00007ff4e8818940 is pointing into the stack for thread: 0x00007ff5040b21e0
stack at sp + 1 slots: 0x00007ff5040b21e0 is a thread
stack at sp + 2 slots: 0x00007ff4ea0aa8c8 points into unknown readable memory: 0x65730018052dffff | ff ff 2d 05 18 00 73 65
stack at sp + 3 slots: 0x0000000800c417a0 is a pointer to class: 
jdk.vm.ci.services.Services {0x0000000800c417a0}
 - instance size:     2
 - klass size:        65
 - access:            public final synchronized 
 - state:             fully_initialized
 - name:              'jdk/vm/ci/services/Services'
 - super:             'java/lang/Object'
 - sub:               
 - arrays:            NULL
 - methods:           Array<T>(0x00007ff4e90441a8)
 - method ordering:   Array<T>(0x0000000800928960)
 - default_methods:   Array<T>(0x0000000000000000)
 - local interfaces:  Array<T>(0x00000008005ce810)
 - trans. interfaces: Array<T>(0x00000008005ce810)
 - constants:         constant pool [427] {0x00007ff4e90430b8} for 'jdk/vm/ci/services/Services' cache=0x00007ff4e9045478
 - class loader data:  loader data: 0x00007ff5040283f0 of 'bootstrap'
 - source file:       'Services.java'
 - class annotations:       Array<T>(0x0000000000000000)
 - class type annotations:  Array<T>(0x0000000000000000)
 - field annotations:       Array<T>(0x0000000000000000)
 - field type annotations:  Array<T>(0x0000000000000000)
 - inner classes:     Array<T>(0x00007ff4e9045448)
 - nest members:     Array<T>(0x00007ff4e9045468)
 - permitted subclasses:     Array<T>(0x00000008005ce7a0)
 - java mirror:       a 'java/lang/Class'{0x00000000e0147b38} = 'jdk/vm/ci/services/Services'
 - vtable length      5  (start addr: 0x0000000800c41970)
 - itable length      2 (start addr: 0x0000000800c41998)
 - ---- static fields (3 words):
 - public static final 'IS_BUILDING_NATIVE_IMAGE' 'Z' @128 
 - public static final 'IS_IN_NATIVE_IMAGE' 'Z' @129 
 - private static volatile 'savedProperties' 'Ljava/util/Map;' @112 
 - static final 'JVMCI_ENABLED' 'Z' @130 
 - private static final 'servicesCache' 'Ljava/util/Map;' @116 
 - private static final 'MAX_UNICODE_IN_UTF8_LENGTH' 'I' @120 
 - private static final 'MAX_UTF8_PROPERTY_STRING_LENGTH' 'I' @124 
 - ---- non-static fields (0 words):
 - non-static oop maps: 
stack at sp + 4 slots: 0x00007ff4e8818500 is pointing into the stack for thread: 0x00007ff5040b21e0
stack at sp + 5 slots: 0x00007ff508dac2fe: <offset 0x000000000093e2fe> in /nix/store/gpxl5qgg8kicmcvivwmybwjlpf7wh20l-graalvm17-ce-22.3.0/lib/server/libjvm.so at 0x00007ff50846e000
stack at sp + 6 slots: 0x00007ff4e88183e0 is pointing into the stack for thread: 0x00007ff5040b21e0
stack at sp + 7 slots: 0x00007ff4e8818440 is pointing into the stack for thread: 0x00007ff5040b21e0


---------------  P R O C E S S  ---------------

Threads class SMR info:
_java_thread_list=0x00007ff46c1a6f10, length=34, elements={
0x00007ff504026690, 0x00007ff5040a64d0, 0x00007ff5040a7910, 0x00007ff5040ae050,
0x00007ff5040af400, 0x00007ff5040b07f0, 0x00007ff5040b21e0, 0x00007ff5040b36f0,
0x00007ff5040b4750, 0x00007ff5040df800, 0x00007ff504127d60, 0x00007ff504323ab0,
0x00007ff504357470, 0x00007ff5043593f0, 0x00007ff50461ec90, 0x00007ff498016dc0,
0x00007ff4982a3130, 0x00007ff498305740, 0x00007ff4984a5770, 0x00007ff498676350,
0x00007ff5042df9d0, 0x00007ff5044b2bd0, 0x00007ff48c0016a0, 0x00007ff470000ff0,
0x00007ff46c0a9500, 0x00007ff46c0aaf70, 0x00007ff46c0ac210, 0x00007ff46c0ac790,
0x00007ff46c0ad120, 0x00007ff46c0adff0, 0x00007ff464101d60, 0x00007ff46c0afa00,
0x00007ff46c0b0390, 0x00007ff46c1a6240
}

Java Threads: ( => current thread )
  0x00007ff504026690 JavaThread "main" [_thread_blocked, id=32, stack(0x00007ff508289000,0x00007ff508389000)]
  0x00007ff5040a64d0 JavaThread "Reference Handler" daemon [_thread_blocked, id=35, stack(0x00007ff4e8f00000,0x00007ff4e9000000)]
  0x00007ff5040a7910 JavaThread "Finalizer" daemon [_thread_blocked, id=36, stack(0x00007ff4e8e00000,0x00007ff4e8f00000)]
  0x00007ff5040ae050 JavaThread "Signal Dispatcher" daemon [_thread_blocked, id=37, stack(0x00007ff4e8a1a000,0x00007ff4e8b1a000)]
  0x00007ff5040af400 JavaThread "Service Thread" daemon [_thread_blocked, id=38, stack(0x00007ff4e891a000,0x00007ff4e8a1a000)]
  0x00007ff5040b07f0 JavaThread "Monitor Deflation Thread" daemon [_thread_blocked, id=39, stack(0x00007ff4e881a000,0x00007ff4e891a000)]
=>0x00007ff5040b21e0 JavaThread "JVMCI-native CompilerThread0" daemon [_thread_in_vm, id=40, stack(0x00007ff4e861a000,0x00007ff4e881a000)]
  0x00007ff5040b36f0 JavaThread "C1 CompilerThread0" daemon [_thread_blocked, id=41, stack(0x00007ff4e841a000,0x00007ff4e861a000)]
  0x00007ff5040b4750 JavaThread "Sweeper thread" daemon [_thread_blocked, id=42, stack(0x00007ff4e831a000,0x00007ff4e841a000)]
  0x00007ff5040df800 JavaThread "Common-Cleaner" daemon [_thread_blocked, id=45, stack(0x00007ff4e821a000,0x00007ff4e831a000)]
  0x00007ff504127d60 JavaThread "Notification Thread" daemon [_thread_blocked, id=46, stack(0x00007ff4e811a000,0x00007ff4e821a000)]
  0x00007ff504323ab0 JavaThread "Active Thread: Equinox Container: aa901ce6-f132-4ac5-8266-3e3ec1fb9cdd" [_thread_blocked, id=55, stack(0x00007ff4b0900000,0x00007ff4b0a00000)]
  0x00007ff504357470 JavaThread "Framework Event Dispatcher: Equinox Container: aa901ce6-f132-4ac5-8266-3e3ec1fb9cdd" daemon [_thread_blocked, id=56, stack(0x00007ff4b0700000,0x00007ff4b0800000)]
  0x00007ff5043593f0 JavaThread "Start Level: Equinox Container: aa901ce6-f132-4ac5-8266-3e3ec1fb9cdd" daemon [_thread_blocked, id=57, stack(0x00007ff4b0500000,0x00007ff4b0600000)]
  0x00007ff50461ec90 JavaThread "Refresh Thread: Equinox Container: aa901ce6-f132-4ac5-8266-3e3ec1fb9cdd" daemon [_thread_blocked, id=64, stack(0x00007ff4b0300000,0x00007ff4b0400000)]
  0x00007ff498016dc0 JavaThread "SCR Component Actor" daemon [_thread_blocked, id=65, stack(0x00007ff4b0100000,0x00007ff4b0200000)]
  0x00007ff4982a3130 JavaThread "Worker-JM" [_thread_blocked, id=89, stack(0x00007ff4afd00000,0x00007ff4afe00000)]
  0x00007ff498305740 JavaThread "Worker-0: Java indexing... " [_thread_blocked, id=91, stack(0x00007ff4afb00000,0x00007ff4afc00000)]
  0x00007ff4984a5770 JavaThread "Java indexing" daemon [_thread_blocked, id=93, stack(0x00007ff4af700000,0x00007ff4af800000)]
  0x00007ff498676350 JavaThread "Bundle File Closer" daemon [_thread_blocked, id=98, stack(0x00007ff4af500000,0x00007ff4af600000)]
  0x00007ff5042df9d0 JavaThread "pool-3-thread-1" [_thread_blocked, id=104, stack(0x00007ff4af300000,0x00007ff4af400000)]
  0x00007ff5044b2bd0 JavaThread "pool-2-thread-1" [_thread_blocked, id=109, stack(0x00007ff4af100000,0x00007ff4af200000)]
  0x00007ff48c0016a0 JavaThread "Worker-3: Periodic workspace save." [_thread_blocked, id=124, stack(0x00007ff4aef00000,0x00007ff4af000000)]
  0x00007ff470000ff0 JavaThread "Worker-4: Compacting resource model" [_thread_blocked, id=125, stack(0x00007ff4aed00000,0x00007ff4aee00000)]
  0x00007ff46c0a9500 JavaThread "Thread-3" [_thread_blocked, id=410, stack(0x00007ff4ae700000,0x00007ff4ae800000)]
  0x00007ff46c0aaf70 JavaThread "Thread-4" [_thread_blocked, id=411, stack(0x00007ff4af900000,0x00007ff4afa00000)]
  0x00007ff46c0ac210 JavaThread "Thread-5" [_thread_blocked, id=420, stack(0x00007ff4aff00000,0x00007ff4b0000000)]
  0x00007ff46c0ac790 JavaThread "Thread-6" [_thread_blocked, id=436, stack(0x00007ff4aeb00000,0x00007ff4aec00000)]
  0x00007ff46c0ad120 JavaThread "Thread-7" [_thread_blocked, id=462, stack(0x00007ff4ae900000,0x00007ff4aea00000)]
  0x00007ff46c0adff0 JavaThread "Thread-8" [_thread_blocked, id=539, stack(0x00007ff4b1b00000,0x00007ff4b1c00000)]
  0x00007ff464101d60 JavaThread "Worker-6" [_thread_blocked, id=700, stack(0x00007ff4b1a00000,0x00007ff4b1b00000)]
  0x00007ff46c0afa00 JavaThread "Thread-9" [_thread_blocked, id=769, stack(0x00007ff4b1900000,0x00007ff4b1a00000)]
  0x00007ff46c0b0390 JavaThread "Thread-10" [_thread_blocked, id=922, stack(0x00007ff4b1800000,0x00007ff4b1900000)]
  0x00007ff46c1a6240 JavaThread "Thread-11" [_thread_blocked, id=1418, stack(0x00007ff4b1700000,0x00007ff4b1800000)]

Other Threads:
  0x00007ff5040a1c10 VMThread "VM Thread" [stack: 0x00007ff4e9853000,0x00007ff4e9953000] [id=34] _threads_hazard_ptr=0x00007ff46c1a6f10
  0x00007ff504129700 WatcherThread [stack: 0x00007ff4e801a000,0x00007ff4e811a000] [id=47]
  0x00007ff50403df30 GCTaskThread "GC Thread#0" [stack: 0x00007ff4eb2b2000,0x00007ff4eb3b2000] [id=33]

Threads with active compile tasks:
JVMCI-native CompilerThread0   727615 8512 % !   4       org.eclipse.jdt.internal.compiler.parser.Parser::parse @ 52 (907 bytes)

VM state: synchronizing (normal execution)

VM Mutex/Monitor currently owned by a thread:  ([mutex/lock_event])
[0x00007ff504023840] Threads_lock - owner thread: 0x00007ff5040a1c10
[0x00007ff504023ff0] Heap_lock - owner thread: 0x00007ff48c0016a0

OutOfMemory and StackOverflow Exception counts:
OutOfMemoryError java_heap_errors=1
LinkageErrors=49

Heap address: 0x00000000e0000000, size: 512 MB, Compressed Oops mode: 32-bit

CDS archive(s) mapped at: [0x0000000800000000-0x0000000800bc8000-0x0000000800bc8000), size 12353536, SharedBaseAddress: 0x0000000800000000, ArchiveRelocationMode: 0.
Compressed class space mapped at: 0x0000000800c00000-0x0000000840c00000, reserved size: 1073741824
Narrow klass base: 0x0000000800000000, Narrow klass shift: 0, Narrow klass range: 0x100000000

GC Precious Log:
 CPUs: 8 total, 1 available
 Memory: 1024M
 Large Page Support: Disabled
 NUMA Support: Disabled
 Compressed Oops: Enabled (32-bit)
 Alignments: Space 512K, Generation 512K, Heap 2M
 Heap Min Capacity: 100M
 Heap Initial Capacity: 100M
 Heap Max Capacity: 512M
 Pre-touch: Disabled
 Parallel Workers: 1

Heap:
 PSYoungGen      total 40448K, used 15871K [0x00000000f5580000, 0x00000000f9580000, 0x0000000100000000)
  eden space 15872K, 99% used [0x00000000f5580000,0x00000000f64ffff8,0x00000000f6500000)
  from space 24576K, 0% used [0x00000000f6500000,0x00000000f6500000,0x00000000f7d00000)
  to   space 12288K, 0% used [0x00000000f7d00000,0x00000000f7d00000,0x00000000f8900000)
 ParOldGen       total 349696K, used 349695K [0x00000000e0000000, 0x00000000f5580000, 0x00000000f5580000)
  object space 349696K, 99% used [0x00000000e0000000,0x00000000f557ffc0,0x00000000f5580000)
 Metaspace       used 56245K, committed 57088K, reserved 1105920K
  class space    used 5460K, committed 5824K, reserved 1048576K

Card table byte_map: [0x00007ff4eb3b2000,0x00007ff4eb4b3000] _byte_map_base: 0x00007ff4eacb2000

Marking Bits: (ParMarkBitMap*) 0x00007ff50969c4c0
 Begin Bits: [0x00007ff4ea205000, 0x00007ff4eaa05000)
 End Bits:   [0x00007ff4eaa05000, 0x00007ff4eb205000)

Polling page: 0x00007ff508266000

Metaspace:

Usage:
  Non-class:     49.60 MB used.
      Class:      5.33 MB used.
       Both:     54.93 MB used.

Virtual space:
  Non-class space:       56.00 MB reserved,      50.06 MB ( 89%) committed,  7 nodes.
      Class space:        1.00 GB reserved,       5.69 MB ( <1%) committed,  1 nodes.
             Both:        1.05 GB reserved,      55.75 MB (  5%) committed. 

Chunk freelists:
   Non-Class:  1.84 MB
       Class:  2.36 MB
        Both:  4.20 MB

MaxMetaspaceSize: unlimited
CompressedClassSpaceSize: 1.00 GB
Initial GC threshold: 21.00 MB
Current GC threshold: 92.75 MB
CDS: on
MetaspaceReclaimPolicy: balanced
 - commit_granule_bytes: 65536.
 - commit_granule_words: 8192.
 - virtual_space_node_default_size: 1048576.
 - enlarge_chunks_in_place: 1.
 - new_chunks_are_fully_committed: 0.
 - uncommit_free_chunks: 1.
 - use_allocation_guard: 0.
 - handle_deallocations: 1.


Internal statistics:

num_allocs_failed_limit: 6.
num_arena_births: 374.
num_arena_deaths: 70.
num_vsnodes_births: 8.
num_vsnodes_deaths: 0.
num_space_committed: 889.
num_space_uncommitted: 0.
num_chunks_returned_to_freelist: 95.
num_chunks_taken_from_freelist: 2488.
num_chunk_merges: 37.
num_chunk_splits: 1639.
num_chunks_enlarged: 1063.
num_purges: 14.
num_inconsistent_stats: 0.

CodeHeap 'non-profiled nmethods': size=120036Kb used=2507Kb max_used=2507Kb free=117528Kb
 bounds [0x00007ff4f2f7a000, 0x00007ff4f31fa000, 0x00007ff4fa4b3000]
CodeHeap 'profiled nmethods': size=120032Kb used=13426Kb max_used=15436Kb free=106605Kb
 bounds [0x00007ff4eba42000, 0x00007ff4ec962000, 0x00007ff4f2f7a000]
CodeHeap 'non-nmethods': size=5692Kb used=1387Kb max_used=1396Kb free=4304Kb
 bounds [0x00007ff4eb4b3000, 0x00007ff4eb723000, 0x00007ff4eba42000]
 total_blobs=6994 nmethods=6274 adapters=615
 compilation: enabled
              stopped_count=0, restarted_count=0
 full_count=0

JVMCI Events (20 events):
Event: 664.279 Thread 0x00007ff5040b21e0 destroyed JavaVM[6]@0x00007ff4ae19e340 for JVMCI runtime 0
Event: 664.279 Thread 0x00007ff5040b21e0 compacted oop handles in JVMCI runtime 0 from 63 to 63
Event: 664.279 Thread 0x00007ff5040b21e0 releasing handles for JVMCI runtime 0: oop handles=63, metadata handles={total=111, live=107, blocks=34}
Event: 664.279 Thread 0x00007ff5040b21e0 detached from JVMCI runtime 0
Event: 665.277 Thread 0x00007ff5040b21e0 attached to JVMCI runtime 0
Event: 665.326 Thread 0x00007ff5040b21e0 created JavaVM[7]@0x00007ff4ae19e340 for JVMCI runtime 0
Event: 666.365 Thread 0x00007ff5040b21e0 initializing JVMCI runtime 0
Event: 666.365 Thread 0x00007ff5040b21e0 done waiting for JavaVM references initialization in JVMCI runtime 0
Event: 673.940 Thread 0x00007ff5040b21e0 initialized JVMCI runtime 0
Event: 678.066 Thread 0x00007ff5040b21e0 detaching from JVMCI runtime 0: releasing idle compiler thread (0 other threads still attached)
Event: 678.066 Thread 0x00007ff5040b21e0 shutting down HotSpotJVMCIRuntime for JVMCI runtime 0
Event: 679.148 Thread 0x00007ff5040b21e0 shut down JVMCI runtime 0
Event: 679.149 Thread 0x00007ff5040b21e0 destroyed JavaVM[7]@0x00007ff4ae19e340 for JVMCI runtime 0
Event: 679.149 Thread 0x00007ff5040b21e0 compacted oop handles in JVMCI runtime 0 from 87 to 87
Event: 679.149 Thread 0x00007ff5040b21e0 releasing handles for JVMCI runtime 0: oop handles=87, metadata handles={total=128, live=114, blocks=34}
Event: 679.149 Thread 0x00007ff5040b21e0 detached from JVMCI runtime 0
Event: 686.258 Thread 0x00007ff5040b21e0 attached to JVMCI runtime 0
Event: 686.259 Thread 0x00007ff5040b21e0 created JavaVM[8]@0x00007ff4ae19e340 for JVMCI runtime 0
Event: 686.259 Thread 0x00007ff5040b21e0 initializing JVMCI runtime 0
Event: 686.259 Thread 0x00007ff5040b21e0 done waiting for JavaVM references initialization in JVMCI runtime 0

Compilation events (20 events):
Event: 666.365 Thread 0x00007ff5040b36f0 8508       3       org.eclipse.jdt.internal.compiler.lookup.BinaryTypeBinding::getMethods (237 bytes)
Event: 666.366 Thread 0x00007ff5040b36f0 nmethod 8508 0x00007ff4ec4c8910 code [0x00007ff4ec4c8b80, 0x00007ff4ec4c97f0]
Event: 666.366 Thread 0x00007ff5040b36f0 8509       3       org.eclipse.jdt.internal.compiler.lookup.LookupEnvironment::getType (205 bytes)
Event: 666.368 Thread 0x00007ff5040b36f0 nmethod 8509 0x00007ff4ec8e8390 code [0x00007ff4ec8e86e0, 0x00007ff4ec8eac20]
Event: 666.368 Thread 0x00007ff5040b36f0 8505       3       org.eclipse.jdt.internal.compiler.lookup.ParameterizedTypeBinding::superInterfaces (108 bytes)
Event: 670.570 Thread 0x00007ff5040b36f0 nmethod 8505 0x00007ff4ec53b190 code [0x00007ff4ec53b3a0, 0x00007ff4ec53bf00]
Event: 670.570 Thread 0x00007ff5040b36f0 8510   !   3       org.eclipse.jdt.internal.core.JavaModelManager::secondaryTypes (195 bytes)
Event: 670.571 Thread 0x00007ff5040b36f0 nmethod 8510 0x00007ff4ec7fc310 code [0x00007ff4ec7fc660, 0x00007ff4ec7fdef0]
Event: 673.951 Thread 0x00007ff5040b21e0 nmethod 8504 0x00007ff4f31eb590 code [0x00007ff4f31eb7a0, 0x00007ff4f31eb8c8]
Event: 673.951 Thread 0x00007ff5040b21e0 8511       4       org.eclipse.jdt.internal.core.JavaModelCache::getInfo (135 bytes)
Event: 676.157 Thread 0x00007ff5040b21e0 nmethod 8511 0x00007ff4f31eba10 code [0x00007ff4f31ebc40, 0x00007ff4f31ec4a0]
Event: 676.157 Thread 0x00007ff5040b21e0 8506       4       org.eclipse.jdt.internal.compiler.lookup.TypeBinding::notEquals (41 bytes)
Event: 676.159 Thread 0x00007ff5040b21e0 nmethod 8506 0x00007ff4f31eca10 code [0x00007ff4f31ecb80, 0x00007ff4f31ecc38]
Event: 686.258 Thread 0x00007ff5040b21e0 8512 % !   4       org.eclipse.jdt.internal.compiler.parser.Parser::parse @ 52 (907 bytes)
Event: 697.439 Thread 0x00007ff5040b36f0 8514   !   3       org.eclipse.jdt.internal.compiler.lookup.TypeSystem::getUnannotatedType (267 bytes)
Event: 699.262 Thread 0x00007ff5040b36f0 nmethod 8514 0x00007ff4ec8e5910 code [0x00007ff4ec8e5bc0, 0x00007ff4ec8e7530]
Event: 705.950 Thread 0x00007ff5040b36f0 8516       3       org.eclipse.jdt.internal.compiler.lookup.TypeBinding::original (53 bytes)
Event: 705.951 Thread 0x00007ff5040b36f0 nmethod 8516 0x00007ff4ebfd4490 code [0x00007ff4ebfd4680, 0x00007ff4ebfd50b0]
Event: 719.652 Thread 0x00007ff5040b36f0 8517   !   3       org.eclipse.jdt.internal.compiler.lookup.Scope::getMethod (336 bytes)
Event: 720.655 Thread 0x00007ff5040b36f0 nmethod 8517 0x00007ff4ec4da810 code [0x00007ff4ec4dab60, 0x00007ff4ec4dd190]

GC Heap History (20 events):
Event: 717.647 GC heap before
{Heap before GC invocations=738 (full 647):
 PSYoungGen      total 40448K, used 15871K [0x00000000f5580000, 0x00000000f9580000, 0x0000000100000000)
  eden space 15872K, 99% used [0x00000000f5580000,0x00000000f64ffff8,0x00000000f6500000)
  from space 24576K, 0% used [0x00000000f6500000,0x00000000f6500000,0x00000000f7d00000)
  to   space 12288K, 0% used [0x00000000f7d00000,0x00000000f7d00000,0x00000000f8900000)
 ParOldGen       total 349696K, used 349690K [0x00000000e0000000, 0x00000000f5580000, 0x00000000f5580000)
  object space 349696K, 99% used [0x00000000e0000000,0x00000000f557e968,0x00000000f5580000)
 Metaspace       used 56242K, committed 57088K, reserved 1105920K
  class space    used 5460K, committed 5824K, reserved 1048576K
}
Event: 718.644 GC heap after
{Heap after GC invocations=738 (full 647):
 PSYoungGen      total 28160K, used 15871K [0x00000000f5580000, 0x00000000f9580000, 0x0000000100000000)
  eden space 15872K, 99% used [0x00000000f5580000,0x00000000f64ffff8,0x00000000f6500000)
  from space 12288K, 0% used [0x00000000f7d00000,0x00000000f7d00000,0x00000000f8900000)
  to   space 24576K, 0% used [0x00000000f6500000,0x00000000f6500000,0x00000000f7d00000)
 ParOldGen       total 349696K, used 349690K [0x00000000e0000000, 0x00000000f5580000, 0x00000000f5580000)
  object space 349696K, 99% used [0x00000000e0000000,0x00000000f557e968,0x00000000f5580000)
 Metaspace       used 56242K, committed 57088K, reserved 1105920K
  class space    used 5460K, committed 5824K, reserved 1048576K
}
Event: 718.646 GC heap before
{Heap before GC invocations=739 (full 648):
 PSYoungGen      total 28160K, used 15871K [0x00000000f5580000, 0x00000000f9580000, 0x0000000100000000)
  eden space 15872K, 99% used [0x00000000f5580000,0x00000000f64ffff8,0x00000000f6500000)
  from space 12288K, 0% used [0x00000000f7d00000,0x00000000f7d00000,0x00000000f8900000)
  to   space 24576K, 0% used [0x00000000f6500000,0x00000000f6500000,0x00000000f7d00000)
 ParOldGen       total 349696K, used 349692K [0x00000000e0000000, 0x00000000f5580000, 0x00000000f5580000)
  object space 349696K, 99% used [0x00000000e0000000,0x00000000f557f128,0x00000000f5580000)
 Metaspace       used 56242K, committed 57088K, reserved 1105920K
  class space    used 5460K, committed 5824K, reserved 1048576K
}
Event: 719.652 GC heap after
{Heap after GC invocations=739 (full 648):
 PSYoungGen      total 40448K, used 15871K [0x00000000f5580000, 0x00000000f9580000, 0x0000000100000000)
  eden space 15872K, 99% used [0x00000000f5580000,0x00000000f64ffff8,0x00000000f6500000)
  from space 24576K, 0% used [0x00000000f6500000,0x00000000f6500000,0x00000000f7d00000)
  to   space 12288K, 0% used [0x00000000f7d00000,0x00000000f7d00000,0x00000000f8900000)
 ParOldGen       total 349696K, used 349691K [0x00000000e0000000, 0x00000000f5580000, 0x00000000f5580000)
  object space 349696K, 99% used [0x00000000e0000000,0x00000000f557ef50,0x00000000f5580000)
 Metaspace       used 56242K, committed 57088K, reserved 1105920K
  class space    used 5460K, committed 5824K, reserved 1048576K
}
Event: 719.654 GC heap before
{Heap before GC invocations=740 (full 649):
 PSYoungGen      total 40448K, used 15871K [0x00000000f5580000, 0x00000000f9580000, 0x0000000100000000)
  eden space 15872K, 99% used [0x00000000f5580000,0x00000000f64ffff8,0x00000000f6500000)
  from space 24576K, 0% used [0x00000000f6500000,0x00000000f6500000,0x00000000f7d00000)
  to   space 12288K, 0% used [0x00000000f7d00000,0x00000000f7d00000,0x00000000f8900000)
 ParOldGen       total 349696K, used 349695K [0x00000000e0000000, 0x00000000f5580000, 0x00000000f5580000)
  object space 349696K, 99% used [0x00000000e0000000,0x00000000f557ff98,0x00000000f5580000)
 Metaspace       used 56245K, committed 57088K, reserved 1105920K
  class space    used 5460K, committed 5824K, reserved 1048576K
}
Event: 720.655 GC heap after
{Heap after GC invocations=740 (full 649):
 PSYoungGen      total 28160K, used 15871K [0x00000000f5580000, 0x00000000f9580000, 0x0000000100000000)
  eden space 15872K, 99% used [0x00000000f5580000,0x00000000f64fffc8,0x00000000f6500000)
  from space 12288K, 0% used [0x00000000f7d00000,0x00000000f7d00000,0x00000000f8900000)
  to   space 24576K, 0% used [0x00000000f6500000,0x00000000f6500000,0x00000000f7d00000)
 ParOldGen       total 349696K, used 349693K [0x00000000e0000000, 0x00000000f5580000, 0x00000000f5580000)
  object space 349696K, 99% used [0x00000000e0000000,0x00000000f557f628,0x00000000f5580000)
 Metaspace       used 56245K, committed 57088K, reserved 1105920K
  class space    used 5460K, committed 5824K, reserved 1048576K
}
Event: 720.655 GC heap before
{Heap before GC invocations=741 (full 650):
 PSYoungGen      total 28160K, used 15872K [0x00000000f5580000, 0x00000000f9580000, 0x0000000100000000)
  eden space 15872K, 100% used [0x00000000f5580000,0x00000000f6500000,0x00000000f6500000)
  from space 12288K, 0% used [0x00000000f7d00000,0x00000000f7d00000,0x00000000f8900000)
  to   space 24576K, 0% used [0x00000000f6500000,0x00000000f6500000,0x00000000f7d00000)
 ParOldGen       total 349696K, used 349693K [0x00000000e0000000, 0x00000000f5580000, 0x00000000f5580000)
  object space 349696K, 99% used [0x00000000e0000000,0x00000000f557f628,0x00000000f5580000)
 Metaspace       used 56245K, committed 57088K, reserved 1105920K
  class space    used 5460K, committed 5824K, reserved 1048576K
}
Event: 721.569 GC heap after
{Heap after GC invocations=741 (full 650):
 PSYoungGen      total 40448K, used 15872K [0x00000000f5580000, 0x00000000f9580000, 0x0000000100000000)
  eden space 15872K, 100% used [0x00000000f5580000,0x00000000f6500000,0x00000000f6500000)
  from space 24576K, 0% used [0x00000000f6500000,0x00000000f6500000,0x00000000f7d00000)
  to   space 12288K, 0% used [0x00000000f7d00000,0x00000000f7d00000,0x00000000f8900000)
 ParOldGen       total 349696K, used 349693K [0x00000000e0000000, 0x00000000f5580000, 0x00000000f5580000)
  object space 349696K, 99% used [0x00000000e0000000,0x00000000f557f5e8,0x00000000f5580000)
 Metaspace       used 56245K, committed 57088K, reserved 1105920K
  class space    used 5460K, committed 5824K, reserved 1048576K
}
Event: 721.569 GC heap before
{Heap before GC invocations=742 (full 651):
 PSYoungGen      total 40448K, used 15872K [0x00000000f5580000, 0x00000000f9580000, 0x0000000100000000)
  eden space 15872K, 100% used [0x00000000f5580000,0x00000000f6500000,0x00000000f6500000)
  from space 24576K, 0% used [0x00000000f6500000,0x00000000f6500000,0x00000000f7d00000)
  to   space 12288K, 0% used [0x00000000f7d00000,0x00000000f7d00000,0x00000000f8900000)
 ParOldGen       total 349696K, used 349695K [0x00000000e0000000, 0x00000000f5580000, 0x00000000f5580000)
  object space 349696K, 99% used [0x00000000e0000000,0x00000000f557fd40,0x00000000f5580000)
 Metaspace       used 56245K, committed 57088K, reserved 1105920K
  class space    used 5460K, committed 5824K, reserved 1048576K
}
Event: 722.559 GC heap after
{Heap after GC invocations=742 (full 651):
 PSYoungGen      total 28160K, used 15871K [0x00000000f5580000, 0x00000000f9580000, 0x0000000100000000)
  eden space 15872K, 99% used [0x00000000f5580000,0x00000000f64fffc8,0x00000000f6500000)
  from space 12288K, 0% used [0x00000000f7d00000,0x00000000f7d00000,0x00000000f8900000)
  to   space 24576K, 0% used [0x00000000f6500000,0x00000000f6500000,0x00000000f7d00000)
 ParOldGen       total 349696K, used 349695K [0x00000000e0000000, 0x00000000f5580000, 0x00000000f5580000)
  object space 349696K, 99% used [0x00000000e0000000,0x00000000f557fc68,0x00000000f5580000)
 Metaspace       used 56245K, committed 57088K, reserved 1105920K
  class space    used 5460K, committed 5824K, reserved 1048576K
}
Event: 722.560 GC heap before
{Heap before GC invocations=743 (full 652):
 PSYoungGen      total 28160K, used 15872K [0x00000000f5580000, 0x00000000f9580000, 0x0000000100000000)
  eden space 15872K, 100% used [0x00000000f5580000,0x00000000f6500000,0x00000000f6500000)
  from space 12288K, 0% used [0x00000000f7d00000,0x00000000f7d00000,0x00000000f8900000)
  to   space 24576K, 0% used [0x00000000f6500000,0x00000000f6500000,0x00000000f7d00000)
 ParOldGen       total 349696K, used 349695K [0x00000000e0000000, 0x00000000f5580000, 0x00000000f5580000)
  object space 349696K, 99% used [0x00000000e0000000,0x00000000f557fc68,0x00000000f5580000)
 Metaspace       used 56245K, committed 57088K, reserved 1105920K
  class space    used 5460K, committed 5824K, reserved 1048576K
}
Event: 723.462 GC heap after
{Heap after GC invocations=743 (full 652):
 PSYoungGen      total 40448K, used 15872K [0x00000000f5580000, 0x00000000f9580000, 0x0000000100000000)
  eden space 15872K, 100% used [0x00000000f5580000,0x00000000f6500000,0x00000000f6500000)
  from space 24576K, 0% used [0x00000000f6500000,0x00000000f6500000,0x00000000f7d00000)
  to   space 12288K, 0% used [0x00000000f7d00000,0x00000000f7d00000,0x00000000f8900000)
 ParOldGen       total 349696K, used 349695K [0x00000000e0000000, 0x00000000f5580000, 0x00000000f5580000)
  object space 349696K, 99% used [0x00000000e0000000,0x00000000f557fc48,0x00000000f5580000)
 Metaspace       used 56245K, committed 57088K, reserved 1105920K
  class space    used 5460K, committed 5824K, reserved 1048576K
}
Event: 723.463 GC heap before
{Heap before GC invocations=744 (full 653):
 PSYoungGen      total 40448K, used 15872K [0x00000000f5580000, 0x00000000f9580000, 0x0000000100000000)
  eden space 15872K, 100% used [0x00000000f5580000,0x00000000f6500000,0x00000000f6500000)
  from space 24576K, 0% used [0x00000000f6500000,0x00000000f6500000,0x00000000f7d00000)
  to   space 12288K, 0% used [0x00000000f7d00000,0x00000000f7d00000,0x00000000f8900000)
 ParOldGen       total 349696K, used 349696K [0x00000000e0000000, 0x00000000f5580000, 0x00000000f5580000)
  object space 349696K, 100% used [0x00000000e0000000,0x00000000f5580000,0x00000000f5580000)
 Metaspace       used 56245K, committed 57088K, reserved 1105920K
  class space    used 5460K, committed 5824K, reserved 1048576K
}
Event: 724.368 GC heap after
{Heap after GC invocations=744 (full 653):
 PSYoungGen      total 28160K, used 15871K [0x00000000f5580000, 0x00000000f9580000, 0x0000000100000000)
  eden space 15872K, 99% used [0x00000000f5580000,0x00000000f64fffe0,0x00000000f6500000)
  from space 12288K, 0% used [0x00000000f7d00000,0x00000000f7d00000,0x00000000f8900000)
  to   space 24576K, 0% used [0x00000000f6500000,0x00000000f6500000,0x00000000f7d00000)
 ParOldGen       total 349696K, used 349695K [0x00000000e0000000, 0x00000000f5580000, 0x00000000f5580000)
  object space 349696K, 99% used [0x00000000e0000000,0x00000000f557fdd8,0x00000000f5580000)
 Metaspace       used 56245K, committed 57088K, reserved 1105920K
  class space    used 5460K, committed 5824K, reserved 1048576K
}
Event: 724.368 GC heap before
{Heap before GC invocations=745 (full 654):
 PSYoungGen      total 28160K, used 15872K [0x00000000f5580000, 0x00000000f9580000, 0x0000000100000000)
  eden space 15872K, 100% used [0x00000000f5580000,0x00000000f6500000,0x00000000f6500000)
  from space 12288K, 0% used [0x00000000f7d00000,0x00000000f7d00000,0x00000000f8900000)
  to   space 24576K, 0% used [0x00000000f6500000,0x00000000f6500000,0x00000000f7d00000)
 ParOldGen       total 349696K, used 349695K [0x00000000e0000000, 0x00000000f5580000, 0x00000000f5580000)
  object space 349696K, 99% used [0x00000000e0000000,0x00000000f557fdd8,0x00000000f5580000)
 Metaspace       used 56245K, committed 57088K, reserved 1105920K
  class space    used 5460K, committed 5824K, reserved 1048576K
}
Event: 725.380 GC heap after
{Heap after GC invocations=745 (full 654):
 PSYoungGen      total 40448K, used 15871K [0x00000000f5580000, 0x00000000f9580000, 0x0000000100000000)
  eden space 15872K, 99% used [0x00000000f5580000,0x00000000f64fffe0,0x00000000f6500000)
  from space 24576K, 0% used [0x00000000f6500000,0x00000000f6500000,0x00000000f7d00000)
  to   space 12288K, 0% used [0x00000000f7d00000,0x00000000f7d00000,0x00000000f8900000)
 ParOldGen       total 349696K, used 349695K [0x00000000e0000000, 0x00000000f5580000, 0x00000000f5580000)
  object space 349696K, 99% used [0x00000000e0000000,0x00000000f557fdd8,0x00000000f5580000)
 Metaspace       used 56245K, committed 57088K, reserved 1105920K
  class space    used 5460K, committed 5824K, reserved 1048576K
}
Event: 725.380 GC heap before
{Heap before GC invocations=746 (full 655):
 PSYoungGen      total 40448K, used 15871K [0x00000000f5580000, 0x00000000f9580000, 0x0000000100000000)
  eden space 15872K, 99% used [0x00000000f5580000,0x00000000f64ffff8,0x00000000f6500000)
  from space 24576K, 0% used [0x00000000f6500000,0x00000000f6500000,0x00000000f7d00000)
  to   space 12288K, 0% used [0x00000000f7d00000,0x00000000f7d00000,0x00000000f8900000)
 ParOldGen       total 349696K, used 349695K [0x00000000e0000000, 0x00000000f5580000, 0x00000000f5580000)
  object space 349696K, 99% used [0x00000000e0000000,0x00000000f557fdd8,0x00000000f5580000)
 Metaspace       used 56245K, committed 57088K, reserved 1105920K
  class space    used 5460K, committed 5824K, reserved 1048576K
}
Event: 726.432 GC heap after
{Heap after GC invocations=746 (full 655):
 PSYoungGen      total 28160K, used 15871K [0x00000000f5580000, 0x00000000f9580000, 0x0000000100000000)
  eden space 15872K, 99% used [0x00000000f5580000,0x00000000f64ffff8,0x00000000f6500000)
  from space 12288K, 0% used [0x00000000f7d00000,0x00000000f7d00000,0x00000000f8900000)
  to   space 24576K, 0% used [0x00000000f6500000,0x00000000f6500000,0x00000000f7d00000)
 ParOldGen       total 349696K, used 349695K [0x00000000e0000000, 0x00000000f5580000, 0x00000000f5580000)
  object space 349696K, 99% used [0x00000000e0000000,0x00000000f557fdd8,0x00000000f5580000)
 Metaspace       used 56245K, committed 57088K, reserved 1105920K
  class space    used 5460K, committed 5824K, reserved 1048576K
}
Event: 726.432 GC heap before
{Heap before GC invocations=747 (full 656):
 PSYoungGen      total 28160K, used 15871K [0x00000000f5580000, 0x00000000f9580000, 0x0000000100000000)
  eden space 15872K, 99% used [0x00000000f5580000,0x00000000f64ffff8,0x00000000f6500000)
  from space 12288K, 0% used [0x00000000f7d00000,0x00000000f7d00000,0x00000000f8900000)
  to   space 24576K, 0% used [0x00000000f6500000,0x00000000f6500000,0x00000000f7d00000)
 ParOldGen       total 349696K, used 349695K [0x00000000e0000000, 0x00000000f5580000, 0x00000000f5580000)
  object space 349696K, 99% used [0x00000000e0000000,0x00000000f557fdd8,0x00000000f5580000)
 Metaspace       used 56245K, committed 57088K, reserved 1105920K
  class space    used 5460K, committed 5824K, reserved 1048576K
}
Event: 727.499 GC heap after
{Heap after GC invocations=747 (full 656):
 PSYoungGen      total 40448K, used 15871K [0x00000000f5580000, 0x00000000f9580000, 0x0000000100000000)
  eden space 15872K, 99% used [0x00000000f5580000,0x00000000f64ffff8,0x00000000f6500000)
  from space 24576K, 0% used [0x00000000f6500000,0x00000000f6500000,0x00000000f7d00000)
  to   space 12288K, 0% used [0x00000000f7d00000,0x00000000f7d00000,0x00000000f8900000)
 ParOldGen       total 349696K, used 349695K [0x00000000e0000000, 0x00000000f5580000, 0x00000000f5580000)
  object space 349696K, 99% used [0x00000000e0000000,0x00000000f557fdd8,0x00000000f5580000)
 Metaspace       used 56245K, committed 57088K, reserved 1105920K
  class space    used 5460K, committed 5824K, reserved 1048576K
}

Dll operation events (9 events):
Event: 0.002 Loaded shared library /nix/store/gpxl5qgg8kicmcvivwmybwjlpf7wh20l-graalvm17-ce-22.3.0/lib/libjava.so
Event: 0.007 Loaded shared library /nix/store/gpxl5qgg8kicmcvivwmybwjlpf7wh20l-graalvm17-ce-22.3.0/lib/libjsvml.so
Event: 0.227 Loaded shared library /nix/store/gpxl5qgg8kicmcvivwmybwjlpf7wh20l-graalvm17-ce-22.3.0/lib/libnio.so
Event: 0.231 Loaded shared library /nix/store/gpxl5qgg8kicmcvivwmybwjlpf7wh20l-graalvm17-ce-22.3.0/lib/libzip.so
Event: 0.233 Loaded shared library /nix/store/gpxl5qgg8kicmcvivwmybwjlpf7wh20l-graalvm17-ce-22.3.0/lib/libjvmcicompiler.so
Event: 0.736 Loaded shared library /nix/store/gpxl5qgg8kicmcvivwmybwjlpf7wh20l-graalvm17-ce-22.3.0/lib/libjimage.so
Event: 1.531 Loaded shared library /nix/store/gpxl5qgg8kicmcvivwmybwjlpf7wh20l-graalvm17-ce-22.3.0/lib/libnet.so
Event: 5.235 Loaded shared library /home/runner/.cache/jdt-language-server/config/org.eclipse.equinox.launcher/org.eclipse.equinox.launcher.gtk.linux.x86_64_1.2.400.v20211117-0650/eclipse_11600.so
Event: 19.431 Loaded shared library /nix/store/gpxl5qgg8kicmcvivwmybwjlpf7wh20l-graalvm17-ce-22.3.0/lib/libextnet.so

Deoptimization events (20 events):
Event: 61.829 Thread 0x00007ff4984a5770 DEOPT PACKING pc=0x00007ff4ec4ba485 sp=0x00007ff4af7fe530
Event: 61.829 Thread 0x00007ff4984a5770 DEOPT UNPACKING pc=0x00007ff4eb505325 sp=0x00007ff4af7fda20 mode 0
Event: 61.830 Thread 0x00007ff4984a5770 DEOPT PACKING pc=0x00007ff4ec4ba485 sp=0x00007ff4af7fe530
Event: 61.830 Thread 0x00007ff4984a5770 DEOPT UNPACKING pc=0x00007ff4eb505325 sp=0x00007ff4af7fda20 mode 0
Event: 61.831 Thread 0x00007ff4984a5770 DEOPT PACKING pc=0x00007ff4ec4ba485 sp=0x00007ff4af7fe530
Event: 61.831 Thread 0x00007ff4984a5770 DEOPT UNPACKING pc=0x00007ff4eb505325 sp=0x00007ff4af7fda20 mode 0
Event: 61.837 Thread 0x00007ff4984a5770 DEOPT PACKING pc=0x00007ff4ec4ba485 sp=0x00007ff4af7fe530
Event: 61.837 Thread 0x00007ff4984a5770 DEOPT UNPACKING pc=0x00007ff4eb505325 sp=0x00007ff4af7fda20 mode 0
Event: 61.842 Thread 0x00007ff4984a5770 DEOPT PACKING pc=0x00007ff4ec4ba485 sp=0x00007ff4af7fe530
Event: 61.842 Thread 0x00007ff4984a5770 DEOPT UNPACKING pc=0x00007ff4eb505325 sp=0x00007ff4af7fda20 mode 0
Event: 61.845 Thread 0x00007ff4984a5770 DEOPT PACKING pc=0x00007ff4ec4ba485 sp=0x00007ff4af7fe530
Event: 61.845 Thread 0x00007ff4984a5770 DEOPT UNPACKING pc=0x00007ff4eb505325 sp=0x00007ff4af7fda20 mode 0
Event: 172.737 Thread 0x00007ff5040b21e0 Uncommon trap: trap_request=0xffffffed fr.pc=0x00007ff4f30bf937 relative=0x0000000000000a17
Event: 172.737 Thread 0x00007ff5040b21e0 Uncommon trap: reason=null_assert_or_unreached0 action=reinterpret pc=0x00007ff4f30bf937 method=java.io.DataOutputStream.writeUTF(Ljava/lang/String;Ljava/io/DataOutput;)I @ 59 jvmci
Event: 172.737 Thread 0x00007ff5040b21e0 DEOPT PACKING pc=0x00007ff4f30bf937 sp=0x00007ff4e8818000
Event: 172.737 Thread 0x00007ff5040b21e0 DEOPT UNPACKING pc=0x00007ff4eb505325 sp=0x00007ff4e8817440 mode 3
Event: 172.737 Thread 0x00007ff46c0a9500 Uncommon trap: trap_request=0xffffffcd fr.pc=0x00007ff4f3153c01 relative=0x0000000000000201
Event: 172.737 Thread 0x00007ff46c0a9500 Uncommon trap: reason=intrinsic_or_type_checked_inlining action=reinterpret pc=0x00007ff4f3153c01 method=org.eclipse.jdt.core.dom.ExpressionStatement.accept0(Lorg/eclipse/jdt/core/dom/ASTVisitor;)V @ 0 jvmci
Event: 172.737 Thread 0x00007ff46c0a9500 DEOPT PACKING pc=0x00007ff4f3153c01 sp=0x00007ff4ae7fdcc0
Event: 172.737 Thread 0x00007ff46c0a9500 DEOPT UNPACKING pc=0x00007ff4eb505325 sp=0x00007ff4ae7fd160 mode 3

Classes unloaded (20 events):
Event: 166.981 Thread 0x00007ff5040a1c10 Unloading class 0x0000000800d04c00 'java/lang/invoke/LambdaForm$MH+0x0000000800d04c00'
Event: 166.981 Thread 0x00007ff5040a1c10 Unloading class 0x0000000800d04800 'java/lang/invoke/LambdaForm$MH+0x0000000800d04800'
Event: 174.734 Thread 0x00007ff5040a1c10 Unloading class 0x0000000800f14000 'jdk/internal/reflect/GeneratedConstructorAccessor14'
Event: 174.734 Thread 0x00007ff5040a1c10 Unloading class 0x0000000800f04800 'jdk/internal/reflect/GeneratedConstructorAccessor12'
Event: 174.734 Thread 0x00007ff5040a1c10 Unloading class 0x0000000800f04400 'jdk/internal/reflect/GeneratedConstructorAccessor11'
Event: 174.734 Thread 0x00007ff5040a1c10 Unloading class 0x0000000800f04000 'jdk/internal/reflect/GeneratedConstructorAccessor10'
Event: 179.580 Thread 0x00007ff5040a1c10 Unloading class 0x0000000801057800 'java/lang/invoke/LambdaForm$MH+0x0000000801057800'
Event: 179.580 Thread 0x00007ff5040a1c10 Unloading class 0x0000000801057400 'java/lang/invoke/LambdaForm$MH+0x0000000801057400'
Event: 179.580 Thread 0x00007ff5040a1c10 Unloading class 0x0000000801057000 'java/lang/invoke/LambdaForm$MH+0x0000000801057000'
Event: 179.580 Thread 0x00007ff5040a1c10 Unloading class 0x0000000801056c00 'java/lang/invoke/LambdaForm$MH+0x0000000801056c00'
Event: 179.580 Thread 0x00007ff5040a1c10 Unloading class 0x0000000801056800 'java/lang/invoke/LambdaForm$MH+0x0000000801056800'
Event: 179.580 Thread 0x00007ff5040a1c10 Unloading class 0x0000000801056400 'java/lang/invoke/LambdaForm$MH+0x0000000801056400'
Event: 179.580 Thread 0x00007ff5040a1c10 Unloading class 0x0000000800d98400 'java/lang/invoke/LambdaForm$MH+0x0000000800d98400'
Event: 179.580 Thread 0x00007ff5040a1c10 Unloading class 0x0000000800d04000 'java/lang/invoke/LambdaForm$MH+0x0000000800d04000'
Event: 186.377 Thread 0x00007ff5040a1c10 Unloading class 0x0000000801079400 'jdk/internal/reflect/GeneratedSerializationConstructorAccessor4'
Event: 186.377 Thread 0x00007ff5040a1c10 Unloading class 0x0000000801079000 'jdk/internal/reflect/GeneratedSerializationConstructorAccessor3'
Event: 186.377 Thread 0x00007ff5040a1c10 Unloading class 0x0000000801078c00 'jdk/internal/reflect/GeneratedSerializationConstructorAccessor2'
Event: 186.377 Thread 0x00007ff5040a1c10 Unloading class 0x0000000801078800 'jdk/internal/reflect/GeneratedSerializationConstructorAccessor1'
Event: 198.773 Thread 0x00007ff5040a1c10 Unloading class 0x000000080118c800 'jdk/internal/reflect/GeneratedConstructorAccessor30'
Event: 199.862 Thread 0x00007ff5040a1c10 Unloading class 0x000000080118c400 'jdk/internal/reflect/GeneratedConstructorAccessor29'

Classes redefined (0 events):
No events

Internal exceptions (20 events):
Event: 33.235 Thread 0x00007ff470073280 Exception <a 'sun/nio/fs/UnixException'{0x00000000f581e2b0}> (0x00000000f581e2b0) 
thrown [src/hotspot/share/prims/jni.cpp, line 516]
Event: 33.238 Thread 0x00007ff470073280 Exception <a 'sun/nio/fs/UnixException'{0x00000000f58af728}> (0x00000000f58af728) 
thrown [src/hotspot/share/prims/jni.cpp, line 516]
Event: 33.238 Thread 0x00007ff470073280 Exception <a 'sun/nio/fs/UnixException'{0x00000000f5934a78}> (0x00000000f5934a78) 
thrown [src/hotspot/share/prims/jni.cpp, line 516]
Event: 33.238 Thread 0x00007ff470073280 Exception <a 'sun/nio/fs/UnixException'{0x00000000f5935618}> (0x00000000f5935618) 
thrown [src/hotspot/share/prims/jni.cpp, line 516]
Event: 33.239 Thread 0x00007ff470073280 Exception <a 'sun/nio/fs/UnixException'{0x00000000f597c070}> (0x00000000f597c070) 
thrown [src/hotspot/share/prims/jni.cpp, line 516]
Event: 33.333 Thread 0x00007ff470073280 Exception <a 'java/lang/NoSuchMethodError'{0x00000000f5cdad20}: 'int java.lang.invoke.DirectMethodHandle$Holder.invokeVirtual(java.lang.Object, java.lang.Object, java.lang.Object)'> (0x00000000f5cdad20) 
thrown [src/hotspot/share/interpreter/linkResolver.cpp, line 758]
Event: 34.326 Thread 0x00007ff470073280 Exception <a 'sun/nio/fs/UnixException'{0x00000000f5b11898}> (0x00000000f5b11898) 
thrown [src/hotspot/share/prims/jni.cpp, line 516]
Event: 34.337 Thread 0x00007ff470000ff0 Exception <a 'java/lang/NoSuchMethodError'{0x00000000f5c63f60}: 'java.lang.Object java.lang.invoke.DirectMethodHandle$Holder.invokeStatic(java.lang.Object, java.lang.Object, java.lang.Object, long)'> (0x00000000f5c63f60) 
thrown [src/hotspot/share/interpreter/linkResolver.cpp, line 758]
Event: 34.337 Thread 0x00007ff470000ff0 Exception <a 'java/lang/NoSuchMethodError'{0x00000000f5c6c4c8}: 'java.lang.Object java.lang.invoke.DirectMethodHandle$Holder.newInvokeSpecial(java.lang.Object, java.lang.Object, java.lang.Object, long)'> (0x00000000f5c6c4c8) 
thrown [src/hotspot/share/interpreter/linkResolver.cpp, line 758]
Event: 34.338 Thread 0x00007ff470000ff0 Exception <a 'java/lang/NoSuchMethodError'{0x00000000f5c70f30}: 'java.lang.Object java.lang.invoke.DirectMethodHandle$Holder.invokeSpecial(java.lang.Object, java.lang.Object, java.lang.Object, java.lang.Object, long)'> (0x00000000f5c70f30) 
thrown [src/hotspot/share/interpreter/linkResolver.cpp, line 758]
Event: 34.338 Thread 0x00007ff470000ff0 Exception <a 'java/lang/NoSuchMethodError'{0x00000000f5c74f30}: 'java.lang.Object java.lang.invoke.Invokers$Holder.linkToTargetMethod(java.lang.Object, java.lang.Object, long, java.lang.Object)'> (0x00000000f5c74f30) 
thrown [src/hotspot/share/interpreter/linkResolver.cpp, line 758]
Event: 35.574 Thread 0x00007ff470073280 Exception <a 'java/lang/NoSuchMethodError'{0x00000000f5581b38}: 'int java.lang.invoke.DirectMethodHandle$Holder.invokeStatic(java.lang.Object, java.lang.Object, java.lang.Object, int)'> (0x00000000f5581b38) 
thrown [src/hotspot/share/interpreter/linkResolver.cpp, line 758]
Event: 38.333 Thread 0x00007ff4880010d0 Exception <a 'java/lang/NoSuchMethodError'{0x00000000f5d3fe68}: 'java.lang.Object java.lang.invoke.DirectMethodHandle$Holder.newInvokeSpecial(java.lang.Object, java.lang.Object, java.lang.Object, int, java.lang.Object)'> (0x00000000f5d3fe68) 
thrown [src/hotspot/share/interpreter/linkResolver.cpp, line 758]
Event: 38.334 Thread 0x00007ff4880010d0 Exception <a 'java/lang/NoSuchMethodError'{0x00000000f5d44b68}: 'java.lang.Object java.lang.invoke.DirectMethodHandle$Holder.invokeSpecial(java.lang.Object, java.lang.Object, java.lang.Object, java.lang.Object, int, java.lang.Object)'> (0x00000000f5d44b68) 
thrown [src/hotspot/share/interpreter/linkResolver.cpp, line 758]
Event: 38.334 Thread 0x00007ff4880010d0 Exception <a 'java/lang/NoSuchMethodError'{0x00000000f5d8c400}: 'java.lang.Object java.lang.invoke.Invokers$Holder.linkToTargetMethod(java.lang.Object, java.lang.Object, int, java.lang.Object, java.lang.Object)'> (0x00000000f5d8c400) 
thrown [src/hotspot/share/interpreter/linkResolver.cpp, line 758]
Event: 40.126 Thread 0x00007ff46c0a9500 Exception <a 'java/lang/NoSuchMethodError'{0x00000000f61f2698}: 'void java.lang.invoke.DirectMethodHandle$Holder.invokeSpecial(java.lang.Object, java.lang.Object, int)'> (0x00000000f61f2698) 
thrown [src/hotspot/share/interpreter/linkResolver.cpp, line 758]
Event: 42.637 Thread 0x00007ff46c0a9500 Exception <a 'java/lang/NoSuchMethodError'{0x00000000f618abf8}: 'java.lang.Object java.lang.invoke.DirectMethodHandle$Holder.invokeStatic(java.lang.Object, int, java.lang.Object, java.lang.Object, java.lang.Object, java.lang.Object)'> (0x00000000f618abf8) 
thrown [src/hotspot/share/interpreter/linkResolver.cpp, line 758]
Event: 43.331 Thread 0x00007ff46c0a9500 Exception <a 'java/lang/NoSuchMethodError'{0x00000000f5b46138}: 'int java.lang.invoke.DirectMethodHandle$Holder.invokeSpecialIFC(java.lang.Object, java.lang.Object, java.lang.Object, java.lang.Object)'> (0x00000000f5b46138) 
thrown [src/hotspot/share/interpreter/linkResolver.cpp, line 758]
Event: 172.737 Thread 0x00007ff5040b21e0 Implicit null exception at 0x00007ff4f30bf058 to 0x00007ff4f30bf91c
Event: 727.530 Thread 0x00007ff5040b21e0 Exception <a 'java/lang/OutOfMemoryError'{0x00000000e0004a40}> (0x00000000e0004a40) 
thrown [src/hotspot/share/gc/shared/memAllocator.cpp, line 136]

VM Operations (20 events):
Event: 716.646 Executing VM operation: ParallelGCFailedAllocation
Event: 717.647 Executing VM operation: ParallelGCFailedAllocation done
Event: 717.647 Executing VM operation: ParallelGCFailedAllocation
Event: 718.645 Executing VM operation: ParallelGCFailedAllocation done
Event: 718.646 Executing VM operation: ParallelGCFailedAllocation
Event: 719.652 Executing VM operation: ParallelGCFailedAllocation done
Event: 719.654 Executing VM operation: ParallelGCFailedAllocation
Event: 720.655 Executing VM operation: ParallelGCFailedAllocation done
Event: 720.655 Executing VM operation: ParallelGCFailedAllocation
Event: 721.569 Executing VM operation: ParallelGCFailedAllocation done
Event: 721.569 Executing VM operation: ParallelGCFailedAllocation
Event: 722.559 Executing VM operation: ParallelGCFailedAllocation done
Event: 722.559 Executing VM operation: ParallelGCFailedAllocation
Event: 723.462 Executing VM operation: ParallelGCFailedAllocation done
Event: 723.462 Executing VM operation: ParallelGCFailedAllocation
Event: 724.368 Executing VM operation: ParallelGCFailedAllocation done
Event: 724.368 Executing VM operation: ParallelGCFailedAllocation
Event: 725.380 Executing VM operation: ParallelGCFailedAllocation done
Event: 725.380 Executing VM operation: ParallelGCFailedAllocation
Event: 727.527 Executing VM operation: ParallelGCFailedAllocation done

Events (20 events):
Event: 171.569 Thread 0x00007ff46c0a9500 Thread added: 0x00007ff46c0a9500
Event: 171.571 Protecting memory [0x00007ff4ae700000,0x00007ff4ae704000] with protection modes 0
Event: 171.571 Thread 0x00007ff46c0aaf70 Thread added: 0x00007ff46c0aaf70
Event: 171.572 Protecting memory [0x00007ff4af900000,0x00007ff4af904000] with protection modes 0
Event: 175.439 Thread 0x00007ff46c0ac210 Thread added: 0x00007ff46c0ac210
Event: 175.439 Protecting memory [0x00007ff4aff00000,0x00007ff4aff04000] with protection modes 0
Event: 184.527 Thread 0x00007ff46c0ac790 Thread added: 0x00007ff46c0ac790
Event: 184.528 Protecting memory [0x00007ff4aeb00000,0x00007ff4aeb04000] with protection modes 0
Event: 198.054 Thread 0x00007ff46c0ad120 Thread added: 0x00007ff46c0ad120
Event: 198.054 Protecting memory [0x00007ff4ae900000,0x00007ff4ae904000] with protection modes 0
Event: 241.138 Thread 0x00007ff46c0adff0 Thread added: 0x00007ff46c0adff0
Event: 241.138 Protecting memory [0x00007ff4b1b00000,0x00007ff4b1b04000] with protection modes 0
Event: 334.056 Thread 0x00007ff464101d60 Thread added: 0x00007ff464101d60
Event: 334.056 Protecting memory [0x00007ff4b1a00000,0x00007ff4b1a04000] with protection modes 0
Event: 372.154 Thread 0x00007ff46c0afa00 Thread added: 0x00007ff46c0afa00
Event: 372.154 Protecting memory [0x00007ff4b1900000,0x00007ff4b1904000] with protection modes 0
Event: 456.671 Thread 0x00007ff46c0b0390 Thread added: 0x00007ff46c0b0390
Event: 456.671 Protecting memory [0x00007ff4b1800000,0x00007ff4b1804000] with protection modes 0
Event: 706.869 Thread 0x00007ff46c1a6240 Thread added: 0x00007ff46c1a6240
Event: 706.869 Protecting memory [0x00007ff4b1700000,0x00007ff4b1704000] with protection modes 0


Dynamic libraries:
e0000000-f5580000 rw-p 00000000 00:00 0 
f5580000-f9580000 rw-p 00000000 00:00 0 
f9580000-100000000 ---p 00000000 00:00 0 
800000000-800449000 rw-p 00001000 00:9e6 4611686019135357769             /nix/store/gpxl5qgg8kicmcvivwmybwjlpf7wh20l-graalvm17-ce-22.3.0/lib/server/classes.jsa
800449000-800bc8000 r--p 0044a000 00:9e6 4611686019135357769             /nix/store/gpxl5qgg8kicmcvivwmybwjlpf7wh20l-graalvm17-ce-22.3.0/lib/server/classes.jsa
800bc8000-800c00000 ---p 00000000 00:00 0 
800c00000-800c20000 rw-p 00000000 00:00 0 
800c20000-800c40000 rw-p 00000000 00:00 0 
800c40000-800cc0000 rw-p 00000000 00:00 0 
800cc0000-800d00000 rw-p 00000000 00:00 0 
800d00000-800dc0000 rw-p 00000000 00:00 0 
800dc0000-800e00000 rw-p 00000000 00:00 0 
800e00000-800f40000 rw-p 00000000 00:00 0 
800f40000-800f80000 rw-p 00000000 00:00 0 
800f80000-800fc0000 rw-p 00000000 00:00 0 
800fc0000-801000000 rw-p 00000000 00:00 0 
801000000-8011b0000 rw-p 00000000 00:00 0 
8011b0000-840c00000 ---p 00000000 00:00 0 
558349bc7000-558349bc8000 r-xp 00000000 00:9e6 4611686019099417844       /nix/store/gpxl5qgg8kicmcvivwmybwjlpf7wh20l-graalvm17-ce-22.3.0/bin/.java-wrapped
558349bc9000-558349bca000 r--p 00001000 00:9e6 4611686019099417844       /nix/store/gpxl5qgg8kicmcvivwmybwjlpf7wh20l-graalvm17-ce-22.3.0/bin/.java-wrapped
558349bca000-558349bcb000 rw-p 00002000 00:9e6 4611686019099417844       /nix/store/gpxl5qgg8kicmcvivwmybwjlpf7wh20l-graalvm17-ce-22.3.0/bin/.java-wrapped
558349bcb000-558349bcc000 rw-p 00004000 00:9e6 4611686019099417844       /nix/store/gpxl5qgg8kicmcvivwmybwjlpf7wh20l-graalvm17-ce-22.3.0/bin/.java-wrapped
558349bcc000-558349bcd000 rw-p 00005000 00:9e6 4611686019099417844       /nix/store/gpxl5qgg8kicmcvivwmybwjlpf7wh20l-graalvm17-ce-22.3.0/bin/.java-wrapped
55834b46c000-55834b4b4000 rw-p 00000000 00:00 0                          [heap]
7ff43c000000-7ff43c021000 rw-p 00000000 00:00 0 
7ff43c021000-7ff440000000 ---p 00000000 00:00 0 
7ff444000000-7ff444021000 rw-p 00000000 00:00 0 
7ff444021000-7ff448000000 ---p 00000000 00:00 0 
7ff448000000-7ff448021000 rw-p 00000000 00:00 0 
7ff448021000-7ff44c000000 ---p 00000000 00:00 0 
7ff44c000000-7ff44c0c6000 rw-p 00000000 00:00 0 
7ff44c0c6000-7ff450000000 ---p 00000000 00:00 0 
7ff450000000-7ff450021000 rw-p 00000000 00:00 0 
7ff450021000-7ff454000000 ---p 00000000 00:00 0 
7ff454000000-7ff454057000 rw-p 00000000 00:00 0 
7ff454057000-7ff458000000 ---p 00000000 00:00 0 
7ff459c00000-7ff459dc0000 rw-p 00000000 00:00 0 
7ff459dc0000-7ff459e30000 rw-p 00000000 00:00 0 
7ff459e30000-7ff45a400000 ---p 00000000 00:00 0 
7ff45a4b3000-7ff464000000 r--s 00000000 00:9e6 4611686019135192581       /nix/store/gpxl5qgg8kicmcvivwmybwjlpf7wh20l-graalvm17-ce-22.3.0/lib/modules
7ff464000000-7ff464179000 rw-p 00000000 00:00 0 
7ff464179000-7ff468000000 ---p 00000000 00:00 0 
7ff468000000-7ff468162000 rw-p 00000000 00:00 0 
7ff468162000-7ff46c000000 ---p 00000000 00:00 0 
7ff46c000000-7ff46c248000 rw-p 00000000 00:00 0 
7ff46c248000-7ff470000000 ---p 00000000 00:00 0 
7ff470000000-7ff4700a2000 rw-p 00000000 00:00 0 
7ff4700a2000-7ff474000000 ---p 00000000 00:00 0 
7ff474000000-7ff474021000 rw-p 00000000 00:00 0 
7ff474021000-7ff478000000 ---p 00000000 00:00 0 
7ff478000000-7ff478021000 rw-p 00000000 00:00 0 
7ff478021000-7ff47c000000 ---p 00000000 00:00 0 
7ff47c000000-7ff47c36b000 rw-p 00000000 00:00 0 
7ff47c36b000-7ff480000000 ---p 00000000 00:00 0 
7ff480000000-7ff4800aa000 rw-p 00000000 00:00 0 
7ff4800aa000-7ff484000000 ---p 00000000 00:00 0 
7ff484000000-7ff484021000 rw-p 00000000 00:00 0 
7ff484021000-7ff488000000 ---p 00000000 00:00 0 
7ff488000000-7ff488066000 rw-p 00000000 00:00 0 
7ff488066000-7ff48c000000 ---p 00000000 00:00 0 
7ff48c000000-7ff48c129000 rw-p 00000000 00:00 0 
7ff48c129000-7ff490000000 ---p 00000000 00:00 0 
7ff490000000-7ff490021000 rw-p 00000000 00:00 0 
7ff490021000-7ff494000000 ---p 00000000 00:00 0 
7ff495800000-7ff496000000 rw-p 00000000 00:00 0 
7ff496000000-7ff496200000 rw-p 00000000 00:00 0 
7ff496200000-7ff496500000 rw-p 00000000 00:00 0 
7ff496500000-7ff4965e0000 rw-p 00000000 00:00 0 
7ff4965e0000-7ff496600000 ---p 00000000 00:00 0 
7ff496600000-7ff496700000 rw-p 00000000 00:00 0 
7ff496700000-7ff496800000 rw-p 00000000 00:00 0 
7ff496800000-7ff496900000 rw-p 00000000 00:00 0 
7ff496900000-7ff496a00000 rw-p 00000000 00:00 0 
7ff496a00000-7ff496b00000 rw-p 00000000 00:00 0 
7ff496b00000-7ff496d00000 rw-p 00000000 00:00 0 
7ff496d00000-7ff496f00000 rw-p 00000000 00:00 0 
7ff496f00000-7ff497000000 rw-p 00000000 00:00 0 
7ff497000000-7ff497100000 rw-p 00000000 00:00 0 
7ff497100000-7ff497200000 rw-p 00000000 00:00 0 
7ff497200000-7ff497800000 rw-p 00000000 00:00 0 
7ff497800000-7ff497900000 rw-p 00000000 00:00 0 
7ff497900000-7ff497a00000 rw-p 00000000 00:00 0 
7ff497a00000-7ff497d00000 rw-p 00000000 00:00 0 
7ff497d00000-7ff497e00000 rw-p 00000000 00:00 0 
7ff497e00000-7ff498000000 rw-p 00000000 00:00 0 
7ff498000000-7ff4988d8000 rw-p 00000000 00:00 0 
7ff4988d8000-7ff49c000000 ---p 00000000 00:00 0 
7ff49c000000-7ff49c022000 rw-p 00000000 00:00 0 
7ff49c022000-7ff4a0000000 ---p 00000000 00:00 0 
7ff4a0000000-7ff4a0021000 rw-p 00000000 00:00 0 
7ff4a0021000-7ff4a4000000 ---p 00000000 00:00 0 
7ff4a4000000-7ff4a4021000 rw-p 00000000 00:00 0 
7ff4a4021000-7ff4a8000000 ---p 00000000 00:00 0 
7ff4a8000000-7ff4a8021000 rw-p 00000000 00:00 0 
7ff4a8021000-7ff4ac000000 ---p 00000000 00:00 0 
7ff4ad200000-7ff4ad210000 r-xp 00000000 00:9c2 355                       /home/runner/.cache/jdt-language-server/config/org.eclipse.equinox.launcher/org.eclipse.equinox.launcher.gtk.linux.x86_64_1.2.400.v20211117-0650/eclipse_11600.so
7ff4ad210000-7ff4ad40f000 ---p 00010000 00:9c2 355                       /home/runner/.cache/jdt-language-server/config/org.eclipse.equinox.launcher/org.eclipse.equinox.launcher.gtk.linux.x86_64_1.2.400.v20211117-0650/eclipse_11600.so
7ff4ad40f000-7ff4ad410000 r--p 0000f000 00:9c2 355                       /home/runner/.cache/jdt-language-server/config/org.eclipse.equinox.launcher/org.eclipse.equinox.launcher.gtk.linux.x86_64_1.2.400.v20211117-0650/eclipse_11600.so
7ff4ad410000-7ff4ad411000 rw-p 00010000 00:9c2 355                       /home/runner/.cache/jdt-language-server/config/org.eclipse.equinox.launcher/org.eclipse.equinox.launcher.gtk.linux.x86_64_1.2.400.v20211117-0650/eclipse_11600.so
7ff4ad500000-7ff4ad600000 ---p 00000000 00:00 0 
7ff4ad600000-7ff4adbaf000 r--p 01122000 00:9e6 4611686019135190040       /nix/store/gpxl5qgg8kicmcvivwmybwjlpf7wh20l-graalvm17-ce-22.3.0/lib/libjvmcicompiler.so
7ff4adbaf000-7ff4add00000 r--p 00000000 00:00 0 
7ff4add00000-7ff4add3d000 rw-p 00000000 00:00 0 
7ff4add3d000-7ff4ae25d000 rw-p 0185f000 00:9e6 4611686019135190040       /nix/store/gpxl5qgg8kicmcvivwmybwjlpf7wh20l-graalvm17-ce-22.3.0/lib/libjvmcicompiler.so
7ff4ae25d000-7ff4ae644000 r--p 01d7f000 00:9e6 4611686019135190040       /nix/store/gpxl5qgg8kicmcvivwmybwjlpf7wh20l-graalvm17-ce-22.3.0/lib/libjvmcicompiler.so
7ff4ae700000-7ff4ae704000 ---p 00000000 00:00 0 
7ff4ae704000-7ff4ae800000 rw-p 00000000 00:00 0 
7ff4ae900000-7ff4ae904000 ---p 00000000 00:00 0 
7ff4ae904000-7ff4aea00000 rw-p 00000000 00:00 0 
7ff4aeb00000-7ff4aeb04000 ---p 00000000 00:00 0 
7ff4aeb04000-7ff4aec00000 rw-p 00000000 00:00 0 
7ff4aed00000-7ff4aed04000 ---p 00000000 00:00 0 
7ff4aed04000-7ff4aee00000 rw-p 00000000 00:00 0 
7ff4aef00000-7ff4aef04000 ---p 00000000 00:00 0 
7ff4aef04000-7ff4af000000 rw-p 00000000 00:00 0 
7ff4af100000-7ff4af104000 ---p 00000000 00:00 0 
7ff4af104000-7ff4af200000 rw-p 00000000 00:00 0 
7ff4af300000-7ff4af304000 ---p 00000000 00:00 0 
7ff4af304000-7ff4af400000 rw-p 00000000 00:00 0 
7ff4af500000-7ff4af504000 ---p 00000000 00:00 0 
7ff4af504000-7ff4af600000 rw-p 00000000 00:00 0 
7ff4af700000-7ff4af704000 ---p 00000000 00:00 0 
7ff4af704000-7ff4af800000 rw-p 00000000 00:00 0 
7ff4af900000-7ff4af904000 ---p 00000000 00:00 0 
7ff4af904000-7ff4afa00000 rw-p 00000000 00:00 0 
7ff4afb00000-7ff4afb04000 ---p 00000000 00:00 0 
7ff4afb04000-7ff4afc00000 rw-p 00000000 00:00 0 
7ff4afd00000-7ff4afd04000 ---p 00000000 00:00 0 
7ff4afd04000-7ff4afe00000 rw-p 00000000 00:00 0 
7ff4aff00000-7ff4aff04000 ---p 00000000 00:00 0 
7ff4aff04000-7ff4b0000000 rw-p 00000000 00:00 0 
7ff4b0100000-7ff4b0104000 ---p 00000000 00:00 0 
7ff4b0104000-7ff4b0200000 rw-p 00000000 00:00 0 
7ff4b0300000-7ff4b0304000 ---p 00000000 00:00 0 
7ff4b0304000-7ff4b0400000 rw-p 00000000 00:00 0 
7ff4b0500000-7ff4b0504000 ---p 00000000 00:00 0 
7ff4b0504000-7ff4b0600000 rw-p 00000000 00:00 0 
7ff4b0700000-7ff4b0704000 ---p 00000000 00:00 0 
7ff4b0704000-7ff4b0800000 rw-p 00000000 00:00 0 
7ff4b0900000-7ff4b0904000 ---p 00000000 00:00 0 
7ff4b0904000-7ff4b0a00000 rw-p 00000000 00:00 0 
7ff4b1268000-7ff4b1700000 rw-p 00000000 00:00 0 
7ff4b1700000-7ff4b1704000 ---p 00000000 00:00 0 
7ff4b1704000-7ff4b1800000 rw-p 00000000 00:00 0 
7ff4b1800000-7ff4b1804000 ---p 00000000 00:00 0 
7ff4b1804000-7ff4b1900000 rw-p 00000000 00:00 0 
7ff4b1900000-7ff4b1904000 ---p 00000000 00:00 0 
7ff4b1904000-7ff4b1a00000 rw-p 00000000 00:00 0 
7ff4b1a00000-7ff4b1a04000 ---p 00000000 00:00 0 
7ff4b1a04000-7ff4b1b00000 rw-p 00000000 00:00 0 
7ff4b1b00000-7ff4b1b04000 ---p 00000000 00:00 0 
7ff4b1b04000-7ff4b1c00000 rw-p 00000000 00:00 0 
7ff4b1c00000-7ff4b3d6a000 r-xp 00000000 00:9e6 4611686019135190040       /nix/store/gpxl5qgg8kicmcvivwmybwjlpf7wh20l-graalvm17-ce-22.3.0/lib/libjvmcicompiler.so
7ff4b3d6a000-7ff4b3f69000 ---p 0216a000 00:9e6 4611686019135190040       /nix/store/gpxl5qgg8kicmcvivwmybwjlpf7wh20l-graalvm17-ce-22.3.0/lib/libjvmcicompiler.so
7ff4b3f69000-7ff4b3f6a000 r--p 02169000 00:9e6 4611686019135190040       /nix/store/gpxl5qgg8kicmcvivwmybwjlpf7wh20l-graalvm17-ce-22.3.0/lib/libjvmcicompiler.so
7ff4b3f6a000-7ff4b3f6c000 rw-p 0216a000 00:9e6 4611686019135190040       /nix/store/gpxl5qgg8kicmcvivwmybwjlpf7wh20l-graalvm17-ce-22.3.0/lib/libjvmcicompiler.so
7ff4b3f6c000-7ff4b3f6d000 rw-p 00000000 00:00 0 
7ff4b3f6d000-7ff4b3f72000 rw-p 023c3000 00:9e6 4611686019135190040       /nix/store/gpxl5qgg8kicmcvivwmybwjlpf7wh20l-graalvm17-ce-22.3.0/lib/libjvmcicompiler.so
7ff4b3fde000-7ff4b3fe2000 ---p 00000000 00:00 0 
7ff4b3fe2000-7ff4b4000000 rw-p 00000000 00:00 0 
7ff4b4000000-7ff4b4021000 rw-p 00000000 00:00 0 
7ff4b4021000-7ff4b8000000 ---p 00000000 00:00 0 
7ff4b8000000-7ff4b8021000 rw-p 00000000 00:00 0 
7ff4b8021000-7ff4bc000000 ---p 00000000 00:00 0 
7ff4bc000000-7ff4bc021000 rw-p 00000000 00:00 0 
7ff4bc021000-7ff4c0000000 ---p 00000000 00:00 0 
7ff4c0000000-7ff4c0021000 rw-p 00000000 00:00 0 
7ff4c0021000-7ff4c4000000 ---p 00000000 00:00 0 
7ff4c4000000-7ff4c40dc000 rw-p 00000000 00:00 0 
7ff4c40dc000-7ff4c8000000 ---p 00000000 00:00 0 
7ff4c8000000-7ff4c899a000 rw-p 00000000 00:00 0 
7ff4c899a000-7ff4cc000000 ---p 00000000 00:00 0 
7ff4cc000000-7ff4cc021000 rw-p 00000000 00:00 0 
7ff4cc021000-7ff4d0000000 ---p 00000000 00:00 0 
7ff4d0000000-7ff4d0021000 rw-p 00000000 00:00 0 
7ff4d0021000-7ff4d4000000 ---p 00000000 00:00 0 
7ff4d4000000-7ff4d4021000 rw-p 00000000 00:00 0 
7ff4d4021000-7ff4d8000000 ---p 00000000 00:00 0 
7ff4d8000000-7ff4d8021000 rw-p 00000000 00:00 0 
7ff4d8021000-7ff4dc000000 ---p 00000000 00:00 0 
7ff4dc000000-7ff4dc021000 rw-p 00000000 00:00 0 
7ff4dc021000-7ff4e0000000 ---p 00000000 00:00 0 
7ff4e0000000-7ff4e0021000 rw-p 00000000 00:00 0 
7ff4e0021000-7ff4e4000000 ---p 00000000 00:00 0 
7ff4e4000000-7ff4e410b000 rw-p 00000000 00:00 0 
7ff4e410b000-7ff4e8000000 ---p 00000000 00:00 0 
7ff4e8018000-7ff4e8019000 ---p 00000000 00:00 0 
7ff4e8019000-7ff4e811a000 rw-p 00000000 00:00 0 
7ff4e811a000-7ff4e811e000 ---p 00000000 00:00 0 
7ff4e811e000-7ff4e821a000 rw-p 00000000 00:00 0 
7ff4e821a000-7ff4e821e000 ---p 00000000 00:00 0 
7ff4e821e000-7ff4e831a000 rw-p 00000000 00:00 0 
7ff4e831a000-7ff4e831e000 ---p 00000000 00:00 0 
7ff4e831e000-7ff4e841a000 rw-p 00000000 00:00 0 
7ff4e841a000-7ff4e841e000 ---p 00000000 00:00 0 
7ff4e841e000-7ff4e861a000 rw-p 00000000 00:00 0 
7ff4e861a000-7ff4e861e000 ---p 00000000 00:00 0 
7ff4e861e000-7ff4e881a000 rw-p 00000000 00:00 0 
7ff4e881a000-7ff4e881e000 ---p 00000000 00:00 0 
7ff4e881e000-7ff4e891a000 rw-p 00000000 00:00 0 
7ff4e891a000-7ff4e891e000 ---p 00000000 00:00 0 
7ff4e891e000-7ff4e8a1a000 rw-p 00000000 00:00 0 
7ff4e8a1a000-7ff4e8a1e000 ---p 00000000 00:00 0 
7ff4e8a1e000-7ff4e8b1a000 rw-p 00000000 00:00 0 
7ff4e8b1a000-7ff4e8e00000 r--p 00000000 00:eaf 28444448                  /usr/lib/locale/locale-archive
7ff4e8e00000-7ff4e8e04000 ---p 00000000 00:00 0 
7ff4e8e04000-7ff4e8f00000 rw-p 00000000 00:00 0 
7ff4e8f00000-7ff4e8f04000 ---p 00000000 00:00 0 
7ff4e8f04000-7ff4e9400000 rw-p 00000000 00:00 0 
7ff4e9400000-7ff4e9700000 rw-p 00000000 00:00 0 
7ff4e9700000-7ff4e9800000 rw-p 00000000 00:00 0 
7ff4e980b000-7ff4e980d000 r-xp 00000000 00:9e6 4611686019135190017       /nix/store/gpxl5qgg8kicmcvivwmybwjlpf7wh20l-graalvm17-ce-22.3.0/lib/libextnet.so
7ff4e980d000-7ff4e980e000 r--p 00001000 00:9e6 4611686019135190017       /nix/store/gpxl5qgg8kicmcvivwmybwjlpf7wh20l-graalvm17-ce-22.3.0/lib/libextnet.so
7ff4e980e000-7ff4e980f000 rw-p 00002000 00:9e6 4611686019135190017       /nix/store/gpxl5qgg8kicmcvivwmybwjlpf7wh20l-graalvm17-ce-22.3.0/lib/libextnet.so
7ff4e980f000-7ff4e9810000 rw-p 00004000 00:9e6 4611686019135190017       /nix/store/gpxl5qgg8kicmcvivwmybwjlpf7wh20l-graalvm17-ce-22.3.0/lib/libextnet.so
7ff4e9810000-7ff4e9817000 r-xp 00000000 00:9e6 4611686019135192580       /nix/store/gpxl5qgg8kicmcvivwmybwjlpf7wh20l-graalvm17-ce-22.3.0/lib/libzip.so
7ff4e9817000-7ff4e9818000 ---p 00007000 00:9e6 4611686019135192580       /nix/store/gpxl5qgg8kicmcvivwmybwjlpf7wh20l-graalvm17-ce-22.3.0/lib/libzip.so
7ff4e9818000-7ff4e9819000 r--p 00007000 00:9e6 4611686019135192580       /nix/store/gpxl5qgg8kicmcvivwmybwjlpf7wh20l-graalvm17-ce-22.3.0/lib/libzip.so
7ff4e9819000-7ff4e981a000 rw-p 00008000 00:9e6 4611686019135192580       /nix/store/gpxl5qgg8kicmcvivwmybwjlpf7wh20l-graalvm17-ce-22.3.0/lib/libzip.so
7ff4e981a000-7ff4e981c000 rw-p 0000b000 00:9e6 4611686019135192580       /nix/store/gpxl5qgg8kicmcvivwmybwjlpf7wh20l-graalvm17-ce-22.3.0/lib/libzip.so
7ff4e981c000-7ff4e9831000 r-xp 00000000 00:9e6 4611686019135192570       /nix/store/gpxl5qgg8kicmcvivwmybwjlpf7wh20l-graalvm17-ce-22.3.0/lib/libnet.so
7ff4e9831000-7ff4e9832000 ---p 00015000 00:9e6 4611686019135192570       /nix/store/gpxl5qgg8kicmcvivwmybwjlpf7wh20l-graalvm17-ce-22.3.0/lib/libnet.so
7ff4e9832000-7ff4e9833000 r--p 00015000 00:9e6 4611686019135192570       /nix/store/gpxl5qgg8kicmcvivwmybwjlpf7wh20l-graalvm17-ce-22.3.0/lib/libnet.so
7ff4e9833000-7ff4e9834000 rw-p 00016000 00:9e6 4611686019135192570       /nix/store/gpxl5qgg8kicmcvivwmybwjlpf7wh20l-graalvm17-ce-22.3.0/lib/libnet.so
7ff4e9834000-7ff4e9837000 rw-p 0001b000 00:9e6 4611686019135192570       /nix/store/gpxl5qgg8kicmcvivwmybwjlpf7wh20l-graalvm17-ce-22.3.0/lib/libnet.so
7ff4e9837000-7ff4e984a000 r-xp 00000000 00:9e6 4611686019135192571       /nix/store/gpxl5qgg8kicmcvivwmybwjlpf7wh20l-graalvm17-ce-22.3.0/lib/libnio.so
7ff4e984a000-7ff4e984b000 r--p 00012000 00:9e6 4611686019135192571       /nix/store/gpxl5qgg8kicmcvivwmybwjlpf7wh20l-graalvm17-ce-22.3.0/lib/libnio.so
7ff4e984b000-7ff4e984c000 rw-p 00013000 00:9e6 4611686019135192571       /nix/store/gpxl5qgg8kicmcvivwmybwjlpf7wh20l-graalvm17-ce-22.3.0/lib/libnio.so
7ff4e984c000-7ff4e9851000 rw-p 00019000 00:9e6 4611686019135192571       /nix/store/gpxl5qgg8kicmcvivwmybwjlpf7wh20l-graalvm17-ce-22.3.0/lib/libnio.so
7ff4e9851000-7ff4e9852000 ---p 00000000 00:00 0 
7ff4e9852000-7ff4e9953000 rw-p 00000000 00:00 0 
7ff4e9953000-7ff4e9a21000 r-xp 00000000 00:9e6 4611686019135190036       /nix/store/gpxl5qgg8kicmcvivwmybwjlpf7wh20l-graalvm17-ce-22.3.0/lib/libjsvml.so
7ff4e9a21000-7ff4e9a22000 r--p 000cd000 00:9e6 4611686019135190036       /nix/store/gpxl5qgg8kicmcvivwmybwjlpf7wh20l-graalvm17-ce-22.3.0/lib/libjsvml.so
7ff4e9a22000-7ff4e9a23000 rw-p 000ce000 00:9e6 4611686019135190036       /nix/store/gpxl5qgg8kicmcvivwmybwjlpf7wh20l-graalvm17-ce-22.3.0/lib/libjsvml.so
7ff4e9a23000-7ff4eb2b0000 rw-p 00000000 00:00 0 
7ff4eb2b0000-7ff4eb2b1000 ---p 00000000 00:00 0 
7ff4eb2b1000-7ff4eb45c000 rw-p 00000000 00:00 0 
7ff4eb45c000-7ff4eb47d000 rw-p 00000000 00:00 0 
7ff4eb47d000-7ff4eb4b2000 ---p 00000000 00:00 0 
7ff4eb4b2000-7ff4eb4b3000 rw-p 00000000 00:00 0 
7ff4eb4b3000-7ff4eb723000 rwxp 00000000 00:00 0 
7ff4eb723000-7ff4eba42000 ---p 00000000 00:00 0 
7ff4eba42000-7ff4ec962000 rwxp 00000000 00:00 0 
7ff4ec962000-7ff4f2f7a000 ---p 00000000 00:00 0 
7ff4f2f7a000-7ff4f31fa000 rwxp 00000000 00:00 0 
7ff4f31fa000-7ff4fa4b3000 ---p 00000000 00:00 0 
7ff4fa4b3000-7ff504000000 r--s 00000000 00:9e6 4611686019135192581       /nix/store/gpxl5qgg8kicmcvivwmybwjlpf7wh20l-graalvm17-ce-22.3.0/lib/modules
7ff504000000-7ff504621000 rw-p 00000000 00:00 0 
7ff504621000-7ff508000000 ---p 00000000 00:00 0 
7ff508002000-7ff508052000 rw-p 00000000 00:00 0 
7ff508052000-7ff508138000 ---p 00000000 00:00 0 
7ff508138000-7ff508157000 rw-p 00000000 00:00 0 
7ff508157000-7ff508223000 ---p 00000000 00:00 0 
7ff508223000-7ff508228000 rw-p 00000000 00:00 0 
7ff508228000-7ff50822f000 ---p 00000000 00:00 0 
7ff50822f000-7ff508253000 r-xp 00000000 00:9e6 4611686019135190028       /nix/store/gpxl5qgg8kicmcvivwmybwjlpf7wh20l-graalvm17-ce-22.3.0/lib/libjava.so
7ff508253000-7ff508254000 ---p 00024000 00:9e6 4611686019135190028       /nix/store/gpxl5qgg8kicmcvivwmybwjlpf7wh20l-graalvm17-ce-22.3.0/lib/libjava.so
7ff508254000-7ff508255000 r--p 00024000 00:9e6 4611686019135190028       /nix/store/gpxl5qgg8kicmcvivwmybwjlpf7wh20l-graalvm17-ce-22.3.0/lib/libjava.so
7ff508255000-7ff508256000 rw-p 00025000 00:9e6 4611686019135190028       /nix/store/gpxl5qgg8kicmcvivwmybwjlpf7wh20l-graalvm17-ce-22.3.0/lib/libjava.so
7ff508256000-7ff508257000 rw-p 00000000 00:00 0 
7ff508257000-7ff50825e000 rw-p 0002f000 00:9e6 4611686019135190028       /nix/store/gpxl5qgg8kicmcvivwmybwjlpf7wh20l-graalvm17-ce-22.3.0/lib/libjava.so
7ff50825e000-7ff508266000 rw-s 00000000 00:45 350                        /tmp/hsperfdata_runner/26
7ff508266000-7ff508267000 ---p 00000000 00:00 0 
7ff508267000-7ff508268000 r--p 00000000 00:00 0 
7ff508268000-7ff508269000 rwxp 00000000 00:00 0 
7ff508269000-7ff508284000 r-xp 00000000 00:9e6 4611686019135190032       /nix/store/gpxl5qgg8kicmcvivwmybwjlpf7wh20l-graalvm17-ce-22.3.0/lib/libjimage.so
7ff508284000-7ff508285000 ---p 0001b000 00:9e6 4611686019135190032       /nix/store/gpxl5qgg8kicmcvivwmybwjlpf7wh20l-graalvm17-ce-22.3.0/lib/libjimage.so
7ff508285000-7ff508287000 r--p 0001b000 00:9e6 4611686019135190032       /nix/store/gpxl5qgg8kicmcvivwmybwjlpf7wh20l-graalvm17-ce-22.3.0/lib/libjimage.so
7ff508287000-7ff508288000 rw-p 0001d000 00:9e6 4611686019135190032       /nix/store/gpxl5qgg8kicmcvivwmybwjlpf7wh20l-graalvm17-ce-22.3.0/lib/libjimage.so
7ff508288000-7ff508289000 rw-p 00024000 00:9e6 4611686019135190032       /nix/store/gpxl5qgg8kicmcvivwmybwjlpf7wh20l-graalvm17-ce-22.3.0/lib/libjimage.so
7ff508289000-7ff50828d000 ---p 00000000 00:00 0 
7ff50828d000-7ff508389000 rw-p 00000000 00:00 0 
7ff508389000-7ff508397000 r--p 00000000 00:9e6 4611686019027979927       /nix/store/4nlgxhb09sdr51nc9hdm8az5b08vzkgx-glibc-2.35-163/lib/libm.so.6
7ff508397000-7ff50840a000 r-xp 0000e000 00:9e6 4611686019027979927       /nix/store/4nlgxhb09sdr51nc9hdm8az5b08vzkgx-glibc-2.35-163/lib/libm.so.6
7ff50840a000-7ff508467000 r--p 00081000 00:9e6 4611686019027979927       /nix/store/4nlgxhb09sdr51nc9hdm8az5b08vzkgx-glibc-2.35-163/lib/libm.so.6
7ff508467000-7ff508468000 r--p 000dd000 00:9e6 4611686019027979927       /nix/store/4nlgxhb09sdr51nc9hdm8az5b08vzkgx-glibc-2.35-163/lib/libm.so.6
7ff508468000-7ff508469000 rw-p 000de000 00:9e6 4611686019027979927       /nix/store/4nlgxhb09sdr51nc9hdm8az5b08vzkgx-glibc-2.35-163/lib/libm.so.6
7ff508469000-7ff50846a000 r--p 00000000 00:9e6 4611686019027979946       /nix/store/4nlgxhb09sdr51nc9hdm8az5b08vzkgx-glibc-2.35-163/lib/librt.so.1
7ff50846a000-7ff50846b000 r-xp 00001000 00:9e6 4611686019027979946       /nix/store/4nlgxhb09sdr51nc9hdm8az5b08vzkgx-glibc-2.35-163/lib/librt.so.1
7ff50846b000-7ff50846c000 r--p 00002000 00:9e6 4611686019027979946       /nix/store/4nlgxhb09sdr51nc9hdm8az5b08vzkgx-glibc-2.35-163/lib/librt.so.1
7ff50846c000-7ff50846d000 r--p 00002000 00:9e6 4611686019027979946       /nix/store/4nlgxhb09sdr51nc9hdm8az5b08vzkgx-glibc-2.35-163/lib/librt.so.1
7ff50846d000-7ff50846e000 rw-p 00003000 00:9e6 4611686019027979946       /nix/store/4nlgxhb09sdr51nc9hdm8az5b08vzkgx-glibc-2.35-163/lib/librt.so.1
7ff50846e000-7ff509581000 r-xp 00000000 00:9e6 4611686019135360866       /nix/store/gpxl5qgg8kicmcvivwmybwjlpf7wh20l-graalvm17-ce-22.3.0/lib/server/libjvm.so
7ff509581000-7ff509582000 ---p 01113000 00:9e6 4611686019135360866       /nix/store/gpxl5qgg8kicmcvivwmybwjlpf7wh20l-graalvm17-ce-22.3.0/lib/server/libjvm.so
7ff509582000-7ff509637000 r--p 01113000 00:9e6 4611686019135360866       /nix/store/gpxl5qgg8kicmcvivwmybwjlpf7wh20l-graalvm17-ce-22.3.0/lib/server/libjvm.so
7ff509637000-7ff50966b000 rw-p 011c8000 00:9e6 4611686019135360866       /nix/store/gpxl5qgg8kicmcvivwmybwjlpf7wh20l-graalvm17-ce-22.3.0/lib/server/libjvm.so
7ff50966b000-7ff5096c7000 rw-p 00000000 00:00 0 
7ff5096c7000-7ff5096ef000 r--p 00000000 00:9e6 4611686019027979918       /nix/store/4nlgxhb09sdr51nc9hdm8az5b08vzkgx-glibc-2.35-163/lib/libc.so.6
7ff5096ef000-7ff509865000 r-xp 00028000 00:9e6 4611686019027979918       /nix/store/4nlgxhb09sdr51nc9hdm8az5b08vzkgx-glibc-2.35-163/lib/libc.so.6
7ff509865000-7ff5098bd000 r--p 0019e000 00:9e6 4611686019027979918       /nix/store/4nlgxhb09sdr51nc9hdm8az5b08vzkgx-glibc-2.35-163/lib/libc.so.6
7ff5098bd000-7ff5098c1000 r--p 001f6000 00:9e6 4611686019027979918       /nix/store/4nlgxhb09sdr51nc9hdm8az5b08vzkgx-glibc-2.35-163/lib/libc.so.6
7ff5098c1000-7ff5098c3000 rw-p 001fa000 00:9e6 4611686019027979918       /nix/store/4nlgxhb09sdr51nc9hdm8az5b08vzkgx-glibc-2.35-163/lib/libc.so.6
7ff5098c3000-7ff5098d2000 rw-p 00000000 00:00 0 
7ff5098d2000-7ff5098d3000 r--p 00000000 00:9e6 4611686019027979923       /nix/store/4nlgxhb09sdr51nc9hdm8az5b08vzkgx-glibc-2.35-163/lib/libdl.so.2
7ff5098d3000-7ff5098d4000 r-xp 00001000 00:9e6 4611686019027979923       /nix/store/4nlgxhb09sdr51nc9hdm8az5b08vzkgx-glibc-2.35-163/lib/libdl.so.2
7ff5098d4000-7ff5098d5000 r--p 00002000 00:9e6 4611686019027979923       /nix/store/4nlgxhb09sdr51nc9hdm8az5b08vzkgx-glibc-2.35-163/lib/libdl.so.2
7ff5098d5000-7ff5098d6000 r--p 00002000 00:9e6 4611686019027979923       /nix/store/4nlgxhb09sdr51nc9hdm8az5b08vzkgx-glibc-2.35-163/lib/libdl.so.2
7ff5098d6000-7ff5098d7000 rw-p 00003000 00:9e6 4611686019027979923       /nix/store/4nlgxhb09sdr51nc9hdm8az5b08vzkgx-glibc-2.35-163/lib/libdl.so.2
7ff5098d7000-7ff5098d8000 r--p 00000000 00:9e6 4611686019027979942       /nix/store/4nlgxhb09sdr51nc9hdm8az5b08vzkgx-glibc-2.35-163/lib/libpthread.so.0
7ff5098d8000-7ff5098d9000 r-xp 00001000 00:9e6 4611686019027979942       /nix/store/4nlgxhb09sdr51nc9hdm8az5b08vzkgx-glibc-2.35-163/lib/libpthread.so.0
7ff5098d9000-7ff5098da000 r--p 00002000 00:9e6 4611686019027979942       /nix/store/4nlgxhb09sdr51nc9hdm8az5b08vzkgx-glibc-2.35-163/lib/libpthread.so.0
7ff5098da000-7ff5098db000 r--p 00002000 00:9e6 4611686019027979942       /nix/store/4nlgxhb09sdr51nc9hdm8az5b08vzkgx-glibc-2.35-163/lib/libpthread.so.0
7ff5098db000-7ff5098dc000 rw-p 00003000 00:9e6 4611686019027979942       /nix/store/4nlgxhb09sdr51nc9hdm8az5b08vzkgx-glibc-2.35-163/lib/libpthread.so.0
7ff5098dc000-7ff5098ea000 r-xp 00000000 00:9e6 4611686019135190033       /nix/store/gpxl5qgg8kicmcvivwmybwjlpf7wh20l-graalvm17-ce-22.3.0/lib/libjli.so
7ff5098ea000-7ff5098eb000 ---p 0000e000 00:9e6 4611686019135190033       /nix/store/gpxl5qgg8kicmcvivwmybwjlpf7wh20l-graalvm17-ce-22.3.0/lib/libjli.so
7ff5098eb000-7ff5098ec000 r--p 0000e000 00:9e6 4611686019135190033       /nix/store/gpxl5qgg8kicmcvivwmybwjlpf7wh20l-graalvm17-ce-22.3.0/lib/libjli.so
7ff5098ec000-7ff5098ed000 rw-p 0000f000 00:9e6 4611686019135190033       /nix/store/gpxl5qgg8kicmcvivwmybwjlpf7wh20l-graalvm17-ce-22.3.0/lib/libjli.so
7ff5098ed000-7ff5098ee000 rw-p 00012000 00:9e6 4611686019135190033       /nix/store/gpxl5qgg8kicmcvivwmybwjlpf7wh20l-graalvm17-ce-22.3.0/lib/libjli.so
7ff5098ee000-7ff5098f1000 r--p 00000000 00:9e6 4611686019106210071       /nix/store/026hln0aq1hyshaxsdvhg0kmcm6yf45r-zlib-1.2.13/lib/libz.so.1.2.13
7ff5098f1000-7ff509903000 r-xp 00003000 00:9e6 4611686019106210071       /nix/store/026hln0aq1hyshaxsdvhg0kmcm6yf45r-zlib-1.2.13/lib/libz.so.1.2.13
7ff509903000-7ff50990a000 r--p 00015000 00:9e6 4611686019106210071       /nix/store/026hln0aq1hyshaxsdvhg0kmcm6yf45r-zlib-1.2.13/lib/libz.so.1.2.13
7ff50990a000-7ff50990b000 r--p 0001b000 00:9e6 4611686019106210071       /nix/store/026hln0aq1hyshaxsdvhg0kmcm6yf45r-zlib-1.2.13/lib/libz.so.1.2.13
7ff50990b000-7ff50990c000 rw-p 0001c000 00:9e6 4611686019106210071       /nix/store/026hln0aq1hyshaxsdvhg0kmcm6yf45r-zlib-1.2.13/lib/libz.so.1.2.13
7ff50990c000-7ff50990e000 rw-p 00000000 00:00 0 
7ff50990e000-7ff509910000 r--p 00000000 00:9e6 4611686019027979912       /nix/store/4nlgxhb09sdr51nc9hdm8az5b08vzkgx-glibc-2.35-163/lib/ld-linux-x86-64.so.2
7ff509910000-7ff509937000 r-xp 00002000 00:9e6 4611686019027979912       /nix/store/4nlgxhb09sdr51nc9hdm8az5b08vzkgx-glibc-2.35-163/lib/ld-linux-x86-64.so.2
7ff509937000-7ff509943000 r--p 00029000 00:9e6 4611686019027979912       /nix/store/4nlgxhb09sdr51nc9hdm8az5b08vzkgx-glibc-2.35-163/lib/ld-linux-x86-64.so.2
7ff509943000-7ff509945000 r--p 00034000 00:9e6 4611686019027979912       /nix/store/4nlgxhb09sdr51nc9hdm8az5b08vzkgx-glibc-2.35-163/lib/ld-linux-x86-64.so.2
7ff509945000-7ff509947000 rw-p 00036000 00:9e6 4611686019027979912       /nix/store/4nlgxhb09sdr51nc9hdm8az5b08vzkgx-glibc-2.35-163/lib/ld-linux-x86-64.so.2
7ffc1536f000-7ffc15393000 rw-p 00000000 00:00 0                          [stack]
7ffc153f2000-7ffc153f6000 r--p 00000000 00:00 0                          [vvar]
7ffc153f6000-7ffc153f8000 r-xp 00000000 00:00 0                          [vdso]
ffffffffff600000-ffffffffff601000 --xp 00000000 00:00 0                  [vsyscall]


VM Arguments:
jvm_args: -XX:ThreadPriorityPolicy=1 -XX:+UnlockExperimentalVMOptions -XX:+EnableJVMCIProduct -XX:JVMCIThreadsPerNativeLibraryRuntime=1 -XX:-UnlockExperimentalVMOptions -Declipse.application=org.eclipse.jdt.ls.core.id1 -Dosgi.bundles.defaultStartLevel=4 -Declipse.product=org.eclipse.jdt.ls.core.product -Dlog.level=ALL -Xverify:none -XX:+UseParallelGC -XX:GCTimeRatio=4 -XX:AdaptiveSizePolicyWeight=90 -Dsun.zip.disableMemoryMapping=true -Xmx512m -Xms100m 
java_command: /nix/store/m6gcpi1ii6rghy04cjwjddcavv7i90df-jdt-language-server-1.9.0/share/java/plugins/org.eclipse.equinox.launcher_1.6.400.v20210924-0641.jar --add-modules=ALL-SYSTEM --add-opens java.base/java.util=ALL-UNNAMED --add-opens java.base/java.lang=ALL-UNNAMED -configuration /home/runner/.cache/jdt-language-server/config -data /home/runner/.cache/jdt-language-server/data/home/runner/Ship-Shape-V2
java_class_path (initial): /nix/store/m6gcpi1ii6rghy04cjwjddcavv7i90df-jdt-language-server-1.9.0/share/java/plugins/org.eclipse.equinox.launcher_1.6.400.v20210924-0641.jar
Launcher Type: SUN_STANDARD

[Global flags]
    uintx AdaptiveSizePolicyWeight                 = 90                                        {product} {command line}
     intx CICompilerCount                          = 2                                         {product} {ergonomic}
     bool EnableJVMCIProduct                       = true                                {JVMCI product} {jimage}
    uintx GCTimeRatio                              = 4                                         {product} {command line}
   size_t InitialHeapSize                          = 104857600                                 {product} {command line}
     uint JVMCIThreadsPerNativeLibraryRuntime      = 1                                   {JVMCI product} {jimage}
   size_t MaxHeapSize                              = 536870912                                 {product} {command line}
   size_t MaxNewSize                               = 178782208                                 {product} {ergonomic}
   size_t MinHeapDeltaBytes                        = 524288                                    {product} {ergonomic}
   size_t MinHeapSize                              = 104857600                                 {product} {command line}
   size_t NewSize                                  = 34603008                                  {product} {ergonomic}
    uintx NonNMethodCodeHeapSize                   = 5826188                                {pd product} {ergonomic}
    uintx NonProfiledCodeHeapSize                  = 122916026                              {pd product} {ergonomic}
   size_t OldSize                                  = 70254592                                  {product} {ergonomic}
    uintx ProfiledCodeHeapSize                     = 122916026                              {pd product} {ergonomic}
    uintx ReservedCodeCacheSize                    = 251658240                              {pd product} {ergonomic}
     bool SegmentedCodeCache                       = true                                      {product} {ergonomic}
   size_t SoftMaxHeapSize                          = 536870912                              {manageable} {ergonomic}
     intx ThreadPriorityPolicy                     = 1                                         {product} {jimage}
     bool UseCompressedClassPointers               = true                           {product lp64_product} {ergonomic}
     bool UseCompressedOops                        = true                           {product lp64_product} {ergonomic}
     bool UseParallelGC                            = true                                      {product} {command line}

Logging:
Log output configuration:
 #0: stdout all=warning uptime,level,tags
 #1: stderr all=off uptime,level,tags

Environment Variables:
JAVA_HOME=/nix/store/gpxl5qgg8kicmcvivwmybwjlpf7wh20l-graalvm17-ce-22.3.0
PATH=/nix/store/1d6ian3r8kdzspw8hacjhl3xkp40g1lj-binutils-wrapper-2.39/bin:/nix/store/dq0xwmsk1g0i2ayg6pb7y87na2knzylh-gcc-wrapper-11.3.0/bin:/nix/store/bap4d0lpcrhpwmpb8ayjcgkmvfj62lnq-bash-interactive-5.1-p16/bin:/nix/store/pr5n59mb4jzmfx6kanwxly0l07p861fg-patchelf-0.15.0/bin:/nix/store/1gf2flfqnpqbr1b4p4qz2f72y42bs56r-gcc-11.3.0/bin:/nix/store/57xv61c5zi8pphjbcwxxjlgc34p61ic9-glibc-2.35-163-bin/bin:/nix/store/a7gvj343m05j2s32xcnwr35v31ynlypr-coreutils-9.1/bin:/nix/store/039g378vc3pc3dvi9dzdlrd0i4q93qwf-binutils-2.39/bin:/nix/store/gpxl5qgg8kicmcvivwmybwjlpf7wh20l-graalvm17-ce-22.3.0/bin:/nix/store/6z9ag3ihc8mq2hzsw48lhbznvzny65nz-apache-maven-3.8.6/bin:/nix/store/m6gcpi1ii6rghy04cjwjddcavv7i90df-jdt-language-server-1.9.0/bin:/nix/store/84xs5alhs01zrbr4ywm05kxbjbp5590l-java-debug/bin:/nix/store/mydc6f4k2z73xlcz7ilif3v2lcaiqvza-findutils-4.9.0/bin:/nix/store/j9p3g8472iijd50vhdprx0nmk2fqn5gv-diffutils-3.8/bin:/nix/store/89zs7rms6x00xfq4dq6m7mjnhkr8a6r4-gnused-4.8/bin:/nix/store/86bp03jkmsl6f92w0yzg4s59g5mhxwmy-gnugrep-3.7/bin:/nix/store/hwcdqw4jrjnd37wxqgsd47hd0j8bnj09-gawk-5.1.1/bin:/nix/store/cfbhw8r8ags41vwqaz47r583d0p4h4a1-gnutar-1.34/bin:/nix/store/p3m1ndl1lapwrlh698bnb5lvvxh67378-gzip-1.12/bin:/nix/store/a8mhcagrsly7c7mpjrpsnaahk4aax056-bzip2-1.0.8-bin/bin:/nix/store/mblgz65m3zv9x548a3d5m96fj2pbwr09-gnumake-4.3/bin:/nix/store/dsd5gz46hdbdk2rfdimqddhq6m8m8fqs-bash-5.1-p16/bin:/nix/store/v7ljksji50mg3w61dykaa3n3y79n6nil-patch-2.7.6/bin:/nix/store/zlcnmqq14jz5x9439jf937mvayyl63da-xz-5.2.7-bin/bin:/nix/store/y6aj732zm9m87c82fpvf103a1xb22blp-file-5.43/bin:/nix/store/sgqd0ajghcv2axfl1lad0b1alyavp0dc-prybar-elisp-0.0.0-67f7a00/bin:/nix/store/p3hsvljpgs68jqwar41lc0jqhjj734lf-prybar-lua-0.0.0-67f7a00/bin:/nix/store/qzxs2gybds3s9kb1vkaflpgm2nwr85fh-prybar-python3-0.0.0-67f7a00/bin:/nix/store/km94z9mxp8w4m8gxxp5mbfpdf3nkfvd8-prybar-sqlite-0.0.0-67f7a00/bin:/nix/store/2pnc7b76asw0z59c4l6h6qy8arwqrii1-prybar-tcl-0.0.0-67f7a00/bin:/nix/store/hpbvrlwd5viqmvcaisb3x0118i913a9n-st
LD_LIBRARY_PATH=/nix/store/a4pff549sk2idnkpzk5nsfps3mdkdnvm-cups-2.4.2-lib/lib:/nix/store/72mqxxhh3cy5yifh92wh2yb8cl2hikyy-cairo-1.16.0/lib:/nix/store/2k366jrbsra97gjfxwvrhvixjfxdach5-glib-2.74.1/lib:/nix/store/2j2znigd8ak37rlwh9khz0ry3clqlw1l-gtk+3-3.24.34/lib:/nix/store/hisqvx32cd57apbpcsnkpx6k3549wql1-libglvnd-1.4.0/lib:/nix/store/p36pgcv991mq5srvg765b78yqpxvk3qs-mesa-21.3.3-drivers/lib:/nix/store/mav4251if1ahjq5vkpwycyyvnmy459c4-pulseaudio-14.2/lib
DISPLAY=:0
LANG=en_US.UTF-8

Signal Handlers:
   SIGSEGV: crash_handler in libjvm.so, mask=11100100010111111101111111111110, flags=SA_RESTART|SA_SIGINFO
    SIGBUS: crash_handler in libjvm.so, mask=11100100010111111101111111111110, flags=SA_RESTART|SA_SIGINFO
    SIGFPE: crash_handler in libjvm.so, mask=11100100010111111101111111111110, flags=SA_RESTART|SA_SIGINFO
   SIGPIPE: IsolateEnterStub_IgnoreSIGPIPEStartupHook_noopSignalHandler_8f19bff2f35b5f630d83b364d6b2339320d4ec70_216e8361c6bc87a8f89f58cc10d3b2fd4415bf87 in libjvmcicompiler.so, mask=00000000000000000000000000000000, flags=SA_RESTART
  *** Handler was modified!
  *** Expected: javaSignalHandler in libjvm.so, mask=11100100110111111111111111111110, flags=SA_RESTART|SA_SIGINFO
   SIGXFSZ: javaSignalHandler in libjvm.so, mask=11100100010111111101111111111110, flags=SA_RESTART|SA_SIGINFO
    SIGILL: crash_handler in libjvm.so, mask=11100100010111111101111111111110, flags=SA_RESTART|SA_SIGINFO
   SIGUSR2: SR_handler in libjvm.so, mask=00000000000000000000000000000000, flags=SA_RESTART|SA_SIGINFO
    SIGHUP: UserHandler in libjvm.so, mask=11100100010111111101111111111110, flags=SA_RESTART|SA_SIGINFO
    SIGINT: UserHandler in libjvm.so, mask=11100100010111111101111111111110, flags=SA_RESTART|SA_SIGINFO
   SIGTERM: UserHandler in libjvm.so, mask=11100100010111111101111111111110, flags=SA_RESTART|SA_SIGINFO
   SIGQUIT: UserHandler in libjvm.so, mask=11100100010111111101111111111110, flags=SA_RESTART|SA_SIGINFO
  *** Handler was modified!
  *** Expected: javaSignalHandler in libjvm.so, mask=11100100110111111111111111111110, flags=SA_RESTART|SA_SIGINFO
   SIGTRAP: crash_handler in libjvm.so, mask=11100100010111111101111111111110, flags=SA_RESTART|SA_SIGINFO


---------------  S Y S T E M  ---------------

OS:
DISTRIB_ID=Ubuntu
DISTRIB_RELEASE=20.04
DISTRIB_CODENAME=focal
DISTRIB_DESCRIPTION="Ubuntu 20.04.2 LTS"
uname: Linux 5.15.0-1029-gcp #36~20.04.1-Ubuntu SMP Tue Jan 24 16:54:15 UTC 2023 x86_64
OS uptime: 0 days 15:30 hours
libc: glibc 2.35 NPTL 2.35 
rlimit (soft/hard): STACK 8192k/infinity , CORE infinity/infinity , NPROC infinity/infinity , NOFILE 5242/5242 , AS infinity/infinity , CPU infinity/infinity , DATA infinity/infinity , FSIZE infinity/infinity , MEMLOCK 64k/64k
load average: 10.74 10.54 10.07

/proc/meminfo:
MemTotal:       65852724 kB
MemFree:        12809512 kB
MemAvailable:   43682344 kB
Buffers:         3684164 kB
Cached:         24598208 kB
SwapCached:            0 kB
Active:         11954284 kB
Inactive:       35091264 kB
Active(anon):      14216 kB
Inactive(anon): 18143416 kB
Active(file):   11940068 kB
Inactive(file): 16947848 kB
Unevictable:       43284 kB
Mlocked:           43284 kB
SwapTotal:             0 kB
SwapFree:              0 kB
Dirty:              1092 kB
Writeback:             0 kB
AnonPages:      17292932 kB
Mapped:          1778840 kB
Shmem:             41744 kB
KReclaimable:    2711516 kB
Slab:            4951232 kB
SReclaimable:    2711516 kB
SUnreclaim:      2239716 kB
KernelStack:      403676 kB
PageTables:       205064 kB
NFS_Unstable:          0 kB
Bounce:                0 kB
WritebackTmp:          0 kB
CommitLimit:    32926360 kB
Committed_AS:   72528076 kB
VmallocTotal:   34359738367 kB
VmallocUsed:      449520 kB
VmallocChunk:          0 kB
Percpu:            73152 kB
HardwareCorrupted:     0 kB
AnonHugePages:   1312768 kB
ShmemHugePages:        0 kB
ShmemPmdMapped:        0 kB
FileHugePages:         0 kB
FilePmdMapped:         0 kB
HugePages_Total:       0
HugePages_Free:        0
HugePages_Rsvd:        0
HugePages_Surp:        0
Hugepagesize:       2048 kB
Hugetlb:               0 kB
DirectMap4k:     6026048 kB
DirectMap2M:    47448064 kB
DirectMap1G:    15728640 kB

/sys/kernel/mm/transparent_hugepage/enabled: always [madvise] never
/sys/kernel/mm/transparent_hugepage/defrag (defrag/compaction efforts parameter): always defer defer+madvise [madvise] never

Process Memory:
Virtual Size: 4789336K (peak: 4849468K)
Resident Set Size: 740576K (peak: 778972K) (anon: 546076K, file: 194500K, shmem: 0K)
Swapped out: 0K
C-Heap outstanding allocations: 41009K, retained: 12830K
glibc malloc tunables: (default)

/proc/sys/kernel/threads-max (system-wide limit on the number of threads): 514406
/proc/sys/vm/max_map_count (maximum number of memory map areas a process may have): 65530
/proc/sys/kernel/pid_max (system-wide limit on number of process identifiers): 4194304

container (cgroup) information:
container_type: cgroupv1
cpu_cpuset_cpus: 2-7
cpu_memory_nodes: 0
active_processor_count: 1
cpu_quota: 50000
cpu_period: 100000
cpu_shares: 512
memory_limit_in_bytes: 1048576 k
memory_and_swap_limit_in_bytes: 1048576 k
memory_soft_limit_in_bytes: 524288 k
memory_usage_in_bytes: 589732 k
memory_max_usage_in_bytes: 637872 k
maximum number of tasks: 1000
current number of tasks: 57

KVM virtualization detected
Steal ticks since vm start: 0
Steal ticks percentage since vm start:  0.000

CPU: total 8 (initial active 1) (8 cores per cpu, 2 threads per core) family 23 model 49 stepping 0 microcode 0xffffffff, cx8, cmov, fxsr, ht, mmx, 3dnowpref, sse, sse2, sse3, ssse3, sse4a, sse4.1, sse4.2, popcnt, lzcnt, tsc, tscinvbit, avx, avx2, aes, clmul, bmi1, bmi2, adx, sha, fma, vzeroupper, clflush, clflushopt, hv
CPU Model and flags from /proc/cpuinfo:
model name	: AMD EPYC 7B12
flags		: fpu vme de pse tsc msr pae mce cx8 apic sep mtrr pge mca cmov pat pse36 clflush mmx fxsr sse sse2 ht syscall nx mmxext fxsr_opt pdpe1gb rdtscp lm constant_tsc rep_good nopl nonstop_tsc cpuid extd_apicid tsc_known_freq pni pclmulqdq ssse3 fma cx16 sse4_1 sse4_2 movbe popcnt aes xsave avx f16c rdrand hypervisor lahf_lm cmp_legacy cr8_legacy abm sse4a misalignsse 3dnowprefetch osvw topoext ssbd ibrs ibpb stibp vmmcall fsgsbase tsc_adjust bmi1 avx2 smep bmi2 rdseed adx smap clflushopt clwb sha_ni xsaveopt xsavec xgetbv1 clzero xsaveerptr arat npt nrip_save umip rdpid

Online cpus: 0-7
Offline cpus: 
BIOS frequency limitation: <Not Available>
Frequency switch latency (ns): <Not Available>
Available cpu frequencies: <Not Available>
Current governor: <Not Available>
Core performance/turbo boost: <Not Available>

Memory: 4k page, physical 1048576k(458836k free), swap 0k(0k free)
Page Sizes: 4k

vm_info: OpenJDK 64-Bit Server VM (17.0.5+8-jvmci-22.3-b08) for linux-amd64 JRE (17.0.5+8-jvmci-22.3-b08), built on Oct 19 2022 09:01:27 by "buildslave" with gcc 10.3.0

END.
