#
# A fatal error has been detected by the Java Runtime Environment:
#
#  Internal Error (jvmciRuntime.cpp:1609), pid=20, tid=34
#  fatal error: Fatal exception in JVMCI: Error calling jdk.vm.ci.services.Services.serializeSavedProperties
#
# JRE version: OpenJDK Runtime Environment GraalVM CE 22.3.0 (17.0.5+8) (build 17.0.5+8-jvmci-22.3-b08)
# Java VM: OpenJDK 64-Bit Server VM GraalVM CE 22.3.0 (17.0.5+8-jvmci-22.3-b08, mixed mode, sharing, tiered, jvmci, jvmci compiler, compressed oops, compressed class ptrs, parallel gc, linux-amd64)
# Problematic frame:
# V  [libjvm.so+0x972714]  JVMCIRuntime::fatal_exception(JVMCIEnv*, char const*)+0x74
#
# Core dump will be written. Default location: Core dumps may be processed with "/usr/share/apport/apport -p%p -s%s -c%c -d%d -P%P -u%u -g%g -- %E" (or dumping to /home/runner/Ship-Shape-V2/core.20)
#
# If you would like to submit a bug report, please visit:
#   https://github.com/oracle/graal/issues
#

---------------  S U M M A R Y ------------

Command Line: -XX:ThreadPriorityPolicy=1 -XX:+UnlockExperimentalVMOptions -XX:+EnableJVMCIProduct -XX:JVMCIThreadsPerNativeLibraryRuntime=1 -XX:-UnlockExperimentalVMOptions -Declipse.application=org.eclipse.jdt.ls.core.id1 -Dosgi.bundles.defaultStartLevel=4 -Declipse.product=org.eclipse.jdt.ls.core.product -Dlog.level=ALL -Xverify:none -XX:+UseParallelGC -XX:GCTimeRatio=4 -XX:AdaptiveSizePolicyWeight=90 -Dsun.zip.disableMemoryMapping=true -Xmx512m -Xms100m /nix/store/m6gcpi1ii6rghy04cjwjddcavv7i90df-jdt-language-server-1.9.0/share/java/plugins/org.eclipse.equinox.launcher_1.6.400.v20210924-0641.jar --add-modules=ALL-SYSTEM --add-opens java.base/java.util=ALL-UNNAMED --add-opens java.base/java.lang=ALL-UNNAMED -configuration /home/runner/.cache/jdt-language-server/config -data /home/runner/.cache/jdt-language-server/data/home/runner/Ship-Shape-V2

Host: AMD EPYC 7B12, 8 cores, 1G, Ubuntu 20.04.2 LTS
Time: Fri Feb 24 21:02:20 2023 UTC elapsed time: 441.043557 seconds (0d 0h 7m 21s)

---------------  T H R E A D  ---------------

Current thread (0x00007ff7840b21e0):  JavaThread "JVMCI-native CompilerThread0" daemon [_thread_in_vm, id=34, stack(0x00007ff769118000,0x00007ff769318000)]


Current CompileTask:
JVMCI-native: 441045 8690       4       jdk.internal.misc.Unsafe::weakCompareAndSetInt (11 bytes)

Stack: [0x00007ff769118000,0x00007ff769318000],  sp=0x00007ff769316380,  free space=2040k
Native frames: (J=compiled Java code, j=interpreted, Vv=VM code, C=native code)
V  [libjvm.so+0x972714]  JVMCIRuntime::fatal_exception(JVMCIEnv*, char const*)+0x74
V  [libjvm.so+0x93e2fe]  JVMCIEnv::copy_saved_properties()+0x14e
V  [libjvm.so+0x9732a9]  JVMCIRuntime::initialize(JVMCIEnv*)+0xb19
V  [libjvm.so+0x9738a2]  JVMCIRuntime::get_HotSpotJVMCIRuntime(JVMCIEnv*)+0x12
V  [libjvm.so+0x9749f2]  JVMCIRuntime::compile_method(JVMCIEnv*, JVMCICompiler*, methodHandle const&, int)+0xd2
V  [libjvm.so+0x5b0d20]  CompileBroker::invoke_compiler_on_method(CompileTask*)+0x1470
V  [libjvm.so+0x5b12e8]  CompileBroker::compiler_thread_loop()+0x528
V  [libjvm.so+0xd82460]  JavaThread::thread_main_inner()+0xd0
V  [libjvm.so+0xd85a40]  Thread::call_run()+0xc0
V  [libjvm.so+0xbdb1e1]  thread_native_entry(Thread*)+0xe1

Register to memory mapping:

RAX=0x00007ff788deb000 points into unknown readable memory: 0x0000000000000058 | 58 00 00 00 00 00 00 00
RBX=0x00007ff789ee6398: <offset 0x0000000000ef5398> in /nix/store/gpxl5qgg8kicmcvivwmybwjlpf7wh20l-graalvm17-ce-22.3.0/lib/server/libjvm.so at 0x00007ff788ff1000
RCX=0x00007ff789e9e1e8: <offset 0x0000000000ead1e8> in /nix/store/gpxl5qgg8kicmcvivwmybwjlpf7wh20l-graalvm17-ce-22.3.0/lib/server/libjvm.so at 0x00007ff788ff1000
RDX=0x0000000000000649 is an unknown value
RSP=0x00007ff769316380 is pointing into the stack for thread: 0x00007ff7840b21e0
RBP=0x00007ff7693163a0 is pointing into the stack for thread: 0x00007ff7840b21e0
RSI=0x00007ff789ee6c48: <offset 0x0000000000ef5c48> in /nix/store/gpxl5qgg8kicmcvivwmybwjlpf7wh20l-graalvm17-ce-22.3.0/lib/server/libjvm.so at 0x00007ff788ff1000
RDI=0x00000000e0000000 is an oop: java.lang.String 
{0x00000000e0000000} - klass: 'java/lang/String'
 - string: "resolution"
R8 =0x00007ff789ee6398: <offset 0x0000000000ef5398> in /nix/store/gpxl5qgg8kicmcvivwmybwjlpf7wh20l-graalvm17-ce-22.3.0/lib/server/libjvm.so at 0x00007ff788ff1000
R9 =0x0000000000000003 is an unknown value
R10=0x00007ff78a237da0: <offset 0x0000000001246da0> in /nix/store/gpxl5qgg8kicmcvivwmybwjlpf7wh20l-graalvm17-ce-22.3.0/lib/server/libjvm.so at 0x00007ff788ff1000
R11=0x000000080044f048 is pointing into metadata
R12=0x0 is NULL
R13=0x00007ff7840b21e0 is a thread
R14=0x00007ff784000b80 points into unknown readable memory: 0x00007ff78a117a38 | 38 7a 11 8a f7 7f 00 00
R15=0x00007ff78a225e40: <offset 0x0000000001234e40> in /nix/store/gpxl5qgg8kicmcvivwmybwjlpf7wh20l-graalvm17-ce-22.3.0/lib/server/libjvm.so at 0x00007ff788ff1000


Registers:
RAX=0x00007ff788deb000, RBX=0x00007ff789ee6398, RCX=0x00007ff789e9e1e8, RDX=0x0000000000000649
RSP=0x00007ff769316380, RBP=0x00007ff7693163a0, RSI=0x00007ff789ee6c48, RDI=0x00000000e0000000
R8 =0x00007ff789ee6398, R9 =0x0000000000000003, R10=0x00007ff78a237da0, R11=0x000000080044f048
R12=0x0000000000000000, R13=0x00007ff7840b21e0, R14=0x00007ff784000b80, R15=0x00007ff78a225e40
RIP=0x00007ff789963714, EFLAGS=0x0000000000010206, CSGSFS=0x002b000000000033, ERR=0x0000000000000006
  TRAPNO=0x000000000000000e

Top of Stack: (sp=0x00007ff769316380)
0x00007ff769316380:   00007ff769316940 00007ff7840b21e0
0x00007ff769316390:   00007ff78877c8c8 0000000800c405e8
0x00007ff7693163a0:   00007ff769316500 00007ff78992f2fe
0x00007ff7693163b0:   00007ff7693163e0 00007ff769316440 

Instructions: (pc=0x00007ff789963714)
0x00007ff789963614:   30 e8 f6 cf e8 ff 4c 89 e7 e8 2e 48 d1 ff 84 db
0x00007ff789963624:   75 2a 4d 85 ed 74 04 4d 8b 6d 00 48 83 c4 08 44
0x00007ff789963634:   89 f9 4c 89 f2 4c 89 ee 5b 4c 89 e7 41 5c 41 5d
0x00007ff789963644:   41 5e 41 5f 5d e9 e2 47 d1 ff 66 90 48 83 c4 08
0x00007ff789963654:   5b 41 5c 41 5d 41 5e 41 5f 5d c3 90 31 d2 be 08
0x00007ff789963664:   00 00 00 4c 89 ff e8 b1 78 a3 ff 49 89 c5 e9 37
0x00007ff789963674:   ff ff ff 66 0f 1f 84 00 00 00 00 00 48 8b 7a 08
0x00007ff789963684:   e9 6d ff ff ff 0f 1f 80 00 00 00 00 e8 5b 48 0a
0x00007ff789963694:   00 84 c0 75 89 e9 6a ff ff ff 66 90 55 48 89 e5
0x00007ff7899636a4:   41 56 41 55 41 54 49 89 fc 53 48 89 f3 66 48 8d
0x00007ff7899636b4:   3d 27 5e 85 00 66 66 48 e8 df 43 8d ff 4c 8b 28
0x00007ff7899636c4:   8b 05 be 72 8a 00 85 c0 75 14 ba 01 00 00 00 48
0x00007ff7899636d4:   8d 0d ae 72 8a 00 f0 0f b1 11 85 c0 74 4e be c8
0x00007ff7899636e4:   00 00 00 4c 89 ef e8 01 0b 41 00 48 8d 05 12 ac
0x00007ff7899636f4:   85 00 49 89 d8 48 8d 0d e8 aa 53 00 ba 49 06 00
0x00007ff789963704:   00 48 8d 35 3c 35 58 00 bf 00 00 00 e0 48 8b 00
0x00007ff789963714:   c6 00 58 31 c0 e8 e2 91 c6 ff 5b 41 5c 41 5d 41
0x00007ff789963724:   5e 5d e9 55 34 26 00 0f 1f 44 00 00 48 8d 05 81
0x00007ff789963734:   a3 8b 00 48 89 df 4c 8b 30 e8 9e 43 8d ff 48 89
0x00007ff789963744:   de 48 89 c2 49 8b 06 4c 89 f7 ff 50 08 4c 89 f7
0x00007ff789963754:   e8 a7 5c 27 00 4d 85 e4 74 12 be 01 00 00 00 4c
0x00007ff789963764:   89 e7 e8 35 43 fc ff eb 82 0f 1f 00 be 01 00 00
0x00007ff789963774:   00 4c 89 ef e8 d3 fd ff ff e9 6d ff ff ff 66 66
0x00007ff789963784:   2e 0f 1f 84 00 00 00 00 00 0f 1f 00 55 48 89 e5
0x00007ff789963794:   41 57 41 56 41 55 41 54 53 48 81 ec 08 02 00 00
0x00007ff7899637a4:   64 48 8b 04 25 28 00 00 00 48 89 45 c8 8b 07 83
0x00007ff7899637b4:   f8 02 0f 84 11 04 00 00 4c 8b 6f 18 49 89 ff 49
0x00007ff7899637c4:   89 f4 4d 85 ed 74 14 4c 89 ef e8 5d 57 22 00 41
0x00007ff7899637d4:   8b 07 83 f8 02 0f 84 19 04 00 00 48 8d 1d 9a 06
0x00007ff7899637e4:   8a 00 4c 8d 35 0b 3c 58 00 eb 38 90 48 85 d2 7f
0x00007ff7899637f4:   0d 48 8d 05 b4 c0 85 00 48 83 38 00 7e 0e 41 8b
0x00007ff789963804:   77 2c 4c 89 f7 31 c0 e8 a0 b2 f7 ff 49 8b 7f 18 


Stack slot to memory mapping:
stack at sp + 0 slots: 0x00007ff769316940 is pointing into the stack for thread: 0x00007ff7840b21e0
stack at sp + 1 slots: 0x00007ff7840b21e0 is a thread
stack at sp + 2 slots: 0x00007ff78877c8c8 points into unknown readable memory: 0x65730018e552ffff | ff ff 52 e5 18 00 73 65
stack at sp + 3 slots: 0x0000000800c405e8 is a pointer to class: 
jdk.vm.ci.services.Services {0x0000000800c405e8}
 - instance size:     2
 - klass size:        65
 - access:            public final synchronized 
 - state:             fully_initialized
 - name:              'jdk/vm/ci/services/Services'
 - super:             'java/lang/Object'
 - sub:               
 - arrays:            NULL
 - methods:           Array<T>(0x00007ff769c3aaa8)
 - method ordering:   Array<T>(0x0000000800928960)
 - default_methods:   Array<T>(0x0000000000000000)
 - local interfaces:  Array<T>(0x00000008005ce810)
 - trans. interfaces: Array<T>(0x00000008005ce810)
 - constants:         constant pool [427] {0x00007ff769c39b88} for 'jdk/vm/ci/services/Services' cache=0x00007ff769c3bd78
 - class loader data:  loader data: 0x00007ff7840283f0 of 'bootstrap'
 - source file:       'Services.java'
 - class annotations:       Array<T>(0x0000000000000000)
 - class type annotations:  Array<T>(0x0000000000000000)
 - field annotations:       Array<T>(0x0000000000000000)
 - field type annotations:  Array<T>(0x0000000000000000)
 - inner classes:     Array<T>(0x00007ff769c3bd48)
 - nest members:     Array<T>(0x00007ff769c3bd68)
 - permitted subclasses:     Array<T>(0x00000008005ce7a0)
 - java mirror:       a 'java/lang/Class'{0x00000000e014aad0} = 'jdk/vm/ci/services/Services'
 - vtable length      5  (start addr: 0x0000000800c407b8)
 - itable length      2 (start addr: 0x0000000800c407e0)
 - ---- static fields (3 words):
 - public static final 'IS_BUILDING_NATIVE_IMAGE' 'Z' @128 
 - public static final 'IS_IN_NATIVE_IMAGE' 'Z' @129 
 - private static volatile 'savedProperties' 'Ljava/util/Map;' @112 
 - static final 'JVMCI_ENABLED' 'Z' @130 
 - private static final 'servicesCache' 'Ljava/util/Map;' @116 
 - private static final 'MAX_UNICODE_IN_UTF8_LENGTH' 'I' @120 
 - private static final 'MAX_UTF8_PROPERTY_STRING_LENGTH' 'I' @124 
 - ---- non-static fields (0 words):
 - non-static oop maps: 
stack at sp + 4 slots: 0x00007ff769316500 is pointing into the stack for thread: 0x00007ff7840b21e0
stack at sp + 5 slots: 0x00007ff78992f2fe: <offset 0x000000000093e2fe> in /nix/store/gpxl5qgg8kicmcvivwmybwjlpf7wh20l-graalvm17-ce-22.3.0/lib/server/libjvm.so at 0x00007ff788ff1000
stack at sp + 6 slots: 0x00007ff7693163e0 is pointing into the stack for thread: 0x00007ff7840b21e0
stack at sp + 7 slots: 0x00007ff769316440 is pointing into the stack for thread: 0x00007ff7840b21e0


---------------  P R O C E S S  ---------------

Threads class SMR info:
_java_thread_list=0x00007ff6f00019c0, length=26, elements={
0x00007ff784026690, 0x00007ff7840a64d0, 0x00007ff7840a7910, 0x00007ff7840ae050,
0x00007ff7840af400, 0x00007ff7840b07f0, 0x00007ff7840b21e0, 0x00007ff7840b36f0,
0x00007ff7840b4b40, 0x00007ff7840dfea0, 0x00007ff784128370, 0x00007ff784206270,
0x00007ff784368300, 0x00007ff78436a2b0, 0x00007ff78462fc00, 0x00007ff71801a890,
0x00007ff7182aaff0, 0x00007ff718489af0, 0x00007ff7185f8000, 0x00007ff784469ce0,
0x00007ff78433cd70, 0x00007ff6f4000ff0, 0x00007ff714001580, 0x00007ff6e81587a0,
0x00007ff7140abf20, 0x00007ff6f0000ff0
}

Java Threads: ( => current thread )
  0x00007ff784026690 JavaThread "main" [_thread_blocked, id=26, stack(0x00007ff788e0c000,0x00007ff788f0c000)]
  0x00007ff7840a64d0 JavaThread "Reference Handler" daemon [_thread_blocked, id=29, stack(0x00007ff7699fe000,0x00007ff769afe000)]
  0x00007ff7840a7910 JavaThread "Finalizer" daemon [_thread_blocked, id=30, stack(0x00007ff7698fe000,0x00007ff7699fe000)]
  0x00007ff7840ae050 JavaThread "Signal Dispatcher" daemon [_thread_blocked, id=31, stack(0x00007ff769518000,0x00007ff769618000)]
  0x00007ff7840af400 JavaThread "Service Thread" daemon [_thread_blocked, id=32, stack(0x00007ff769418000,0x00007ff769518000)]
  0x00007ff7840b07f0 JavaThread "Monitor Deflation Thread" daemon [_thread_blocked, id=33, stack(0x00007ff769318000,0x00007ff769418000)]
=>0x00007ff7840b21e0 JavaThread "JVMCI-native CompilerThread0" daemon [_thread_in_vm, id=34, stack(0x00007ff769118000,0x00007ff769318000)]
  0x00007ff7840b36f0 JavaThread "C1 CompilerThread0" daemon [_thread_blocked, id=35, stack(0x00007ff768f18000,0x00007ff769118000)]
  0x00007ff7840b4b40 JavaThread "Sweeper thread" daemon [_thread_blocked, id=36, stack(0x00007ff768e18000,0x00007ff768f18000)]
  0x00007ff7840dfea0 JavaThread "Common-Cleaner" daemon [_thread_blocked, id=37, stack(0x00007ff768d18000,0x00007ff768e18000)]
  0x00007ff784128370 JavaThread "Notification Thread" daemon [_thread_blocked, id=38, stack(0x00007ff768c18000,0x00007ff768d18000)]
  0x00007ff784206270 JavaThread "Active Thread: Equinox Container: f75b8f24-c472-4858-9f84-cee16c074798" [_thread_blocked, id=43, stack(0x00007ff768900000,0x00007ff768a00000)]
  0x00007ff784368300 JavaThread "Framework Event Dispatcher: Equinox Container: f75b8f24-c472-4858-9f84-cee16c074798" daemon [_thread_blocked, id=44, stack(0x00007ff768700000,0x00007ff768800000)]
  0x00007ff78436a2b0 JavaThread "Start Level: Equinox Container: f75b8f24-c472-4858-9f84-cee16c074798" daemon [_thread_blocked, id=45, stack(0x00007ff768500000,0x00007ff768600000)]
  0x00007ff78462fc00 JavaThread "Refresh Thread: Equinox Container: f75b8f24-c472-4858-9f84-cee16c074798" daemon [_thread_blocked, id=46, stack(0x00007ff768300000,0x00007ff768400000)]
  0x00007ff71801a890 JavaThread "SCR Component Actor" daemon [_thread_blocked, id=47, stack(0x00007ff768100000,0x00007ff768200000)]
  0x00007ff7182aaff0 JavaThread "Worker-JM" [_thread_blocked, id=49, stack(0x00007ff730700000,0x00007ff730800000)]
  0x00007ff718489af0 JavaThread "Java indexing" daemon [_thread_blocked, id=52, stack(0x00007ff730100000,0x00007ff730200000)]
  0x00007ff7185f8000 JavaThread "Bundle File Closer" daemon [_thread_blocked, id=53, stack(0x00007ff72ff00000,0x00007ff730000000)]
  0x00007ff784469ce0 JavaThread "pool-3-thread-1" [_thread_blocked, id=54, stack(0x00007ff72fd00000,0x00007ff72fe00000)]
  0x00007ff78433cd70 JavaThread "pool-2-thread-1" [_thread_in_native, id=56, stack(0x00007ff730800000,0x00007ff730900000)]
  0x00007ff6f4000ff0 JavaThread "Worker-3" [_thread_blocked, id=57, stack(0x00007ff730900000,0x00007ff730a00000)]
  0x00007ff714001580 JavaThread "Worker-4" [_thread_blocked, id=58, stack(0x00007ff72f900000,0x00007ff72fa00000)]
  0x00007ff6e81587a0 JavaThread "Thread-2" [_thread_blocked, id=65, stack(0x00007ff72f700000,0x00007ff72f800000)]
  0x00007ff7140abf20 JavaThread "Worker-5: Periodic workspace save." [_thread_blocked, id=67, stack(0x00007ff730500000,0x00007ff730600000)]
  0x00007ff6f0000ff0 JavaThread "pool-3-thread-2" [_thread_blocked, id=68, stack(0x00007ff730300000,0x00007ff730400000)]

Other Threads:
  0x00007ff7840a1c10 VMThread "VM Thread" [stack: 0x00007ff769b00000,0x00007ff769c00000] [id=28] _threads_hazard_ptr=0x00007ff6f00019c0
  0x00007ff784129d10 WatcherThread [stack: 0x00007ff768b18000,0x00007ff768c18000] [id=39]
  0x00007ff78403df30 GCTaskThread "GC Thread#0" [stack: 0x00007ff7889cf000,0x00007ff788acf000] [id=27]

Threads with active compile tasks:
JVMCI-native CompilerThread0   441195 8690       4       jdk.internal.misc.Unsafe::weakCompareAndSetInt (11 bytes)

VM state: synchronizing (normal execution)

VM Mutex/Monitor currently owned by a thread:  ([mutex/lock_event])
[0x00007ff784023840] Threads_lock - owner thread: 0x00007ff7840a1c10
[0x00007ff784023ff0] Heap_lock - owner thread: 0x00007ff7140abf20

OutOfMemory and StackOverflow Exception counts:
OutOfMemoryError java_heap_errors=2
LinkageErrors=46

Heap address: 0x00000000e0000000, size: 512 MB, Compressed Oops mode: 32-bit

CDS archive(s) mapped at: [0x0000000800000000-0x0000000800bc8000-0x0000000800bc8000), size 12353536, SharedBaseAddress: 0x0000000800000000, ArchiveRelocationMode: 0.
Compressed class space mapped at: 0x0000000800c00000-0x0000000840c00000, reserved size: 1073741824
Narrow klass base: 0x0000000800000000, Narrow klass shift: 0, Narrow klass range: 0x100000000

GC Precious Log:
 CPUs: 8 total, 1 available
 Memory: 1024M
 Large Page Support: Disabled
 NUMA Support: Disabled
 Compressed Oops: Enabled (32-bit)
 Alignments: Space 512K, Generation 512K, Heap 2M
 Heap Min Capacity: 100M
 Heap Initial Capacity: 100M
 Heap Max Capacity: 512M
 Pre-touch: Disabled
 Parallel Workers: 1

Heap:
 PSYoungGen      total 23552K, used 18432K [0x00000000f5580000, 0x00000000f7300000, 0x0000000100000000)
  eden space 18432K, 100% used [0x00000000f5580000,0x00000000f6780000,0x00000000f6780000)
  from space 5120K, 0% used [0x00000000f6d80000,0x00000000f6d80000,0x00000000f7280000)
  to   space 5120K, 0% used [0x00000000f6780000,0x00000000f6780000,0x00000000f6c80000)
 ParOldGen       total 349696K, used 349695K [0x00000000e0000000, 0x00000000f5580000, 0x00000000f5580000)
  object space 349696K, 99% used [0x00000000e0000000,0x00000000f557fff0,0x00000000f5580000)
 Metaspace       used 56706K, committed 57600K, reserved 1105920K
  class space    used 5552K, committed 5952K, reserved 1048576K

Card table byte_map: [0x00007ff788acf000,0x00007ff788bd0000] _byte_map_base: 0x00007ff7883cf000

Marking Bits: (ParMarkBitMap*) 0x00007ff78a21f4c0
 Begin Bits: [0x00007ff76a4b3000, 0x00007ff76acb3000)
 End Bits:   [0x00007ff76acb3000, 0x00007ff76b4b3000)

Polling page: 0x00007ff788de9000

Metaspace:

Usage:
  Non-class:     49.95 MB used.
      Class:      5.42 MB used.
       Both:     55.38 MB used.

Virtual space:
  Non-class space:       56.00 MB reserved,      50.44 MB ( 90%) committed,  7 nodes.
      Class space:        1.00 GB reserved,       5.81 MB ( <1%) committed,  1 nodes.
             Both:        1.05 GB reserved,      56.25 MB (  5%) committed. 

Chunk freelists:
   Non-Class:  1.35 MB
       Class:  2.27 MB
        Both:  3.61 MB

MaxMetaspaceSize: unlimited
CompressedClassSpaceSize: 1.00 GB
Initial GC threshold: 21.00 MB
Current GC threshold: 93.69 MB
CDS: on
MetaspaceReclaimPolicy: balanced
 - commit_granule_bytes: 65536.
 - commit_granule_words: 8192.
 - virtual_space_node_default_size: 1048576.
 - enlarge_chunks_in_place: 1.
 - new_chunks_are_fully_committed: 0.
 - uncommit_free_chunks: 1.
 - use_allocation_guard: 0.
 - handle_deallocations: 1.


Internal statistics:

num_allocs_failed_limit: 6.
num_arena_births: 360.
num_arena_deaths: 68.
num_vsnodes_births: 8.
num_vsnodes_deaths: 0.
num_space_committed: 899.
num_space_uncommitted: 0.
num_chunks_returned_to_freelist: 92.
num_chunks_taken_from_freelist: 2492.
num_chunk_merges: 29.
num_chunk_splits: 1640.
num_chunks_enlarged: 1078.
num_purges: 12.
num_inconsistent_stats: 0.

CodeHeap 'non-profiled nmethods': size=120036Kb used=2407Kb max_used=2407Kb free=117628Kb
 bounds [0x00007ff772f7a000, 0x00007ff7731ea000, 0x00007ff77a4b3000]
CodeHeap 'profiled nmethods': size=120032Kb used=14561Kb max_used=17339Kb free=105471Kb
 bounds [0x00007ff76ba42000, 0x00007ff76cb32000, 0x00007ff772f7a000]
CodeHeap 'non-nmethods': size=5692Kb used=1371Kb max_used=1392Kb free=4320Kb
 bounds [0x00007ff76b4b3000, 0x00007ff76b723000, 0x00007ff76ba42000]
 total_blobs=6934 nmethods=6233 adapters=613
 compilation: enabled
              stopped_count=0, restarted_count=0
 full_count=0

JVMCI Events (20 events):
Event: 93.195 Thread 0x00007ff7840b21e0 destroyed JavaVM[1]@0x00007ff73169e340 for JVMCI runtime 0
Event: 93.195 Thread 0x00007ff7840b21e0 compacted oop handles in JVMCI runtime 0 from 170 to 170
Event: 93.195 Thread 0x00007ff7840b21e0 releasing handles for JVMCI runtime 0: oop handles=170, metadata handles={total=1120, live=1015, blocks=35}
Event: 93.195 Thread 0x00007ff7840b21e0 detached from JVMCI runtime 0
Event: 276.886 Thread 0x00007ff7840b21e0 attached to JVMCI runtime 0
Event: 276.888 Thread 0x00007ff7840b21e0 created JavaVM[2]@0x00007ff72ef9e340 for JVMCI runtime 0
Event: 278.577 Thread 0x00007ff7840b21e0 initializing JVMCI runtime 0
Event: 278.577 Thread 0x00007ff7840b21e0 done waiting for JavaVM references initialization in JVMCI runtime 0
Event: 291.985 Thread 0x00007ff7840b21e0 initialized JVMCI runtime 0
Event: 295.204 Thread 0x00007ff7840b21e0 detaching from JVMCI runtime 0: releasing idle compiler thread (0 other threads still attached)
Event: 295.204 Thread 0x00007ff7840b21e0 shutting down HotSpotJVMCIRuntime for JVMCI runtime 0
Event: 295.204 Thread 0x00007ff7840b21e0 shut down JVMCI runtime 0
Event: 295.205 Thread 0x00007ff7840b21e0 destroyed JavaVM[2]@0x00007ff72ef9e340 for JVMCI runtime 0
Event: 295.205 Thread 0x00007ff7840b21e0 compacted oop handles in JVMCI runtime 0 from 44 to 44
Event: 295.205 Thread 0x00007ff7840b21e0 releasing handles for JVMCI runtime 0: oop handles=44, metadata handles={total=88, live=77, blocks=35}
Event: 295.205 Thread 0x00007ff7840b21e0 detached from JVMCI runtime 0
Event: 415.393 Thread 0x00007ff7840b21e0 attached to JVMCI runtime 0
Event: 415.395 Thread 0x00007ff7840b21e0 created JavaVM[3]@0x00007ff72ef9e340 for JVMCI runtime 0
Event: 416.875 Thread 0x00007ff7840b21e0 initializing JVMCI runtime 0
Event: 416.875 Thread 0x00007ff7840b21e0 done waiting for JavaVM references initialization in JVMCI runtime 0

Compilation events (20 events):
Event: 84.885 Thread 0x00007ff7840b21e0 nmethod 8641 0x00007ff7731d1d90 code [0x00007ff7731d1f20, 0x00007ff7731d2000]
Event: 84.885 Thread 0x00007ff7840b21e0 8633       4       org.eclipse.jdt.internal.compiler.classfmt.MethodInfoWithAnnotations::<init> (90 bytes)
Event: 84.888 Thread 0x00007ff7840b21e0 nmethod 8633 0x00007ff7731d2110 code [0x00007ff7731d2280, 0x00007ff7731d23c0]
Event: 84.888 Thread 0x00007ff7840b21e0 8657 %     4       org.eclipse.jdt.internal.core.util.Util::quickSort @ 36 (107 bytes)
Event: 89.978 Thread 0x00007ff7840b21e0 nmethod 8657% 0x00007ff7731d2490 code [0x00007ff7731d26a0, 0x00007ff7731d33c0]
Event: 161.802 Thread 0x00007ff7840b36f0 8683       3       jdk.internal.misc.Unsafe::putReferenceOpaque (9 bytes)
Event: 161.802 Thread 0x00007ff7840b36f0 nmethod 8683 0x00007ff76ba6e310 code [0x00007ff76ba6e4a0, 0x00007ff76ba6e5d0]
Event: 198.371 Thread 0x00007ff7840b36f0 8684       3       java.util.concurrent.locks.LockSupport::setBlocker (12 bytes)
Event: 198.372 Thread 0x00007ff7840b36f0 nmethod 8684 0x00007ff76bbab390 code [0x00007ff76bbab540, 0x00007ff76bbab660]
Event: 246.291 Thread 0x00007ff7840b36f0 8685       3       java.util.concurrent.Executors$RunnableAdapter::call (14 bytes)
Event: 246.291 Thread 0x00007ff7840b36f0 nmethod 8685 0x00007ff76c13d110 code [0x00007ff76c13d2c0, 0x00007ff76c13d600]
Event: 276.886 Thread 0x00007ff7840b21e0 8686       4       org.eclipse.core.runtime.ProgressMonitorWrapper::isCanceled (10 bytes)
Event: 293.637 Thread 0x00007ff7840b21e0 nmethod 8686 0x00007ff7731d3c90 code [0x00007ff7731d3e00, 0x00007ff7731d3e70]
Event: 353.212 Thread 0x00007ff7840b36f0 8687       3       org.eclipse.core.internal.dtree.AbstractDataTreeNode::storeStrings (42 bytes)
Event: 357.826 Thread 0x00007ff7840b36f0 nmethod 8687 0x00007ff76be03b90 code [0x00007ff76be03d60, 0x00007ff76be04230]
Event: 357.830 Thread 0x00007ff7840b36f0 8688       3       org.eclipse.core.internal.utils.StringPool::add (59 bytes)
Event: 361.299 Thread 0x00007ff7840b36f0 nmethod 8688 0x00007ff76c7b5a10 code [0x00007ff76c7b5c00, 0x00007ff76c7b65d0]
Event: 407.107 Thread 0x00007ff7840b36f0 8689       3       org.eclipse.core.internal.preferences.StringPool::add (59 bytes)
Event: 407.108 Thread 0x00007ff7840b36f0 nmethod 8689 0x00007ff76c821210 code [0x00007ff76c821400, 0x00007ff76c821dd0]
Event: 415.393 Thread 0x00007ff7840b21e0 8690       4       jdk.internal.misc.Unsafe::weakCompareAndSetInt (11 bytes)

GC Heap History (20 events):
Event: 424.599 GC heap before
{Heap before GC invocations=370 (full 208):
 PSYoungGen      total 23552K, used 18432K [0x00000000f5580000, 0x00000000f7300000, 0x0000000100000000)
  eden space 18432K, 100% used [0x00000000f5580000,0x00000000f6780000,0x00000000f6780000)
  from space 5120K, 0% used [0x00000000f6d80000,0x00000000f6d80000,0x00000000f7280000)
  to   space 5120K, 0% used [0x00000000f6780000,0x00000000f6780000,0x00000000f6c80000)
 ParOldGen       total 349696K, used 349696K [0x00000000e0000000, 0x00000000f5580000, 0x00000000f5580000)
  object space 349696K, 100% used [0x00000000e0000000,0x00000000f5580000,0x00000000f5580000)
 Metaspace       used 56704K, committed 57600K, reserved 1105920K
  class space    used 5552K, committed 5952K, reserved 1048576K
}
Event: 426.020 GC heap after
{Heap after GC invocations=370 (full 208):
 PSYoungGen      total 23552K, used 18432K [0x00000000f5580000, 0x00000000f7300000, 0x0000000100000000)
  eden space 18432K, 100% used [0x00000000f5580000,0x00000000f6780000,0x00000000f6780000)
  from space 5120K, 0% used [0x00000000f6780000,0x00000000f6780000,0x00000000f6c80000)
  to   space 5120K, 0% used [0x00000000f6d80000,0x00000000f6d80000,0x00000000f7280000)
 ParOldGen       total 349696K, used 349695K [0x00000000e0000000, 0x00000000f5580000, 0x00000000f5580000)
  object space 349696K, 99% used [0x00000000e0000000,0x00000000f557fff0,0x00000000f5580000)
 Metaspace       used 56704K, committed 57600K, reserved 1105920K
  class space    used 5552K, committed 5952K, reserved 1048576K
}
Event: 426.026 GC heap before
{Heap before GC invocations=371 (full 209):
 PSYoungGen      total 23552K, used 18432K [0x00000000f5580000, 0x00000000f7300000, 0x0000000100000000)
  eden space 18432K, 100% used [0x00000000f5580000,0x00000000f6780000,0x00000000f6780000)
  from space 5120K, 0% used [0x00000000f6780000,0x00000000f6780000,0x00000000f6c80000)
  to   space 5120K, 0% used [0x00000000f6d80000,0x00000000f6d80000,0x00000000f7280000)
 ParOldGen       total 349696K, used 349696K [0x00000000e0000000, 0x00000000f5580000, 0x00000000f5580000)
  object space 349696K, 100% used [0x00000000e0000000,0x00000000f5580000,0x00000000f5580000)
 Metaspace       used 56704K, committed 57600K, reserved 1105920K
  class space    used 5552K, committed 5952K, reserved 1048576K
}
Event: 427.578 GC heap after
{Heap after GC invocations=371 (full 209):
 PSYoungGen      total 23552K, used 18432K [0x00000000f5580000, 0x00000000f7300000, 0x0000000100000000)
  eden space 18432K, 100% used [0x00000000f5580000,0x00000000f6780000,0x00000000f6780000)
  from space 5120K, 0% used [0x00000000f6d80000,0x00000000f6d80000,0x00000000f7280000)
  to   space 5120K, 0% used [0x00000000f6780000,0x00000000f6780000,0x00000000f6c80000)
 ParOldGen       total 349696K, used 349695K [0x00000000e0000000, 0x00000000f5580000, 0x00000000f5580000)
  object space 349696K, 99% used [0x00000000e0000000,0x00000000f557fff0,0x00000000f5580000)
 Metaspace       used 56704K, committed 57600K, reserved 1105920K
  class space    used 5552K, committed 5952K, reserved 1048576K
}
Event: 427.579 GC heap before
{Heap before GC invocations=372 (full 210):
 PSYoungGen      total 23552K, used 18432K [0x00000000f5580000, 0x00000000f7300000, 0x0000000100000000)
  eden space 18432K, 100% used [0x00000000f5580000,0x00000000f6780000,0x00000000f6780000)
  from space 5120K, 0% used [0x00000000f6d80000,0x00000000f6d80000,0x00000000f7280000)
  to   space 5120K, 0% used [0x00000000f6780000,0x00000000f6780000,0x00000000f6c80000)
 ParOldGen       total 349696K, used 349696K [0x00000000e0000000, 0x00000000f5580000, 0x00000000f5580000)
  object space 349696K, 100% used [0x00000000e0000000,0x00000000f5580000,0x00000000f5580000)
 Metaspace       used 56704K, committed 57600K, reserved 1105920K
  class space    used 5552K, committed 5952K, reserved 1048576K
}
Event: 429.209 GC heap after
{Heap after GC invocations=372 (full 210):
 PSYoungGen      total 23552K, used 18432K [0x00000000f5580000, 0x00000000f7300000, 0x0000000100000000)
  eden space 18432K, 100% used [0x00000000f5580000,0x00000000f6780000,0x00000000f6780000)
  from space 5120K, 0% used [0x00000000f6780000,0x00000000f6780000,0x00000000f6c80000)
  to   space 5120K, 0% used [0x00000000f6d80000,0x00000000f6d80000,0x00000000f7280000)
 ParOldGen       total 349696K, used 349695K [0x00000000e0000000, 0x00000000f5580000, 0x00000000f5580000)
  object space 349696K, 99% used [0x00000000e0000000,0x00000000f557fff0,0x00000000f5580000)
 Metaspace       used 56704K, committed 57600K, reserved 1105920K
  class space    used 5552K, committed 5952K, reserved 1048576K
}
Event: 429.210 GC heap before
{Heap before GC invocations=373 (full 211):
 PSYoungGen      total 23552K, used 18432K [0x00000000f5580000, 0x00000000f7300000, 0x0000000100000000)
  eden space 18432K, 100% used [0x00000000f5580000,0x00000000f6780000,0x00000000f6780000)
  from space 5120K, 0% used [0x00000000f6780000,0x00000000f6780000,0x00000000f6c80000)
  to   space 5120K, 0% used [0x00000000f6d80000,0x00000000f6d80000,0x00000000f7280000)
 ParOldGen       total 349696K, used 349696K [0x00000000e0000000, 0x00000000f5580000, 0x00000000f5580000)
  object space 349696K, 100% used [0x00000000e0000000,0x00000000f5580000,0x00000000f5580000)
 Metaspace       used 56704K, committed 57600K, reserved 1105920K
  class space    used 5552K, committed 5952K, reserved 1048576K
}
Event: 430.721 GC heap after
{Heap after GC invocations=373 (full 211):
 PSYoungGen      total 23552K, used 18432K [0x00000000f5580000, 0x00000000f7300000, 0x0000000100000000)
  eden space 18432K, 100% used [0x00000000f5580000,0x00000000f6780000,0x00000000f6780000)
  from space 5120K, 0% used [0x00000000f6d80000,0x00000000f6d80000,0x00000000f7280000)
  to   space 5120K, 0% used [0x00000000f6780000,0x00000000f6780000,0x00000000f6c80000)
 ParOldGen       total 349696K, used 349695K [0x00000000e0000000, 0x00000000f5580000, 0x00000000f5580000)
  object space 349696K, 99% used [0x00000000e0000000,0x00000000f557fff0,0x00000000f5580000)
 Metaspace       used 56704K, committed 57600K, reserved 1105920K
  class space    used 5552K, committed 5952K, reserved 1048576K
}
Event: 430.722 GC heap before
{Heap before GC invocations=374 (full 212):
 PSYoungGen      total 23552K, used 18432K [0x00000000f5580000, 0x00000000f7300000, 0x0000000100000000)
  eden space 18432K, 100% used [0x00000000f5580000,0x00000000f6780000,0x00000000f6780000)
  from space 5120K, 0% used [0x00000000f6d80000,0x00000000f6d80000,0x00000000f7280000)
  to   space 5120K, 0% used [0x00000000f6780000,0x00000000f6780000,0x00000000f6c80000)
 ParOldGen       total 349696K, used 349696K [0x00000000e0000000, 0x00000000f5580000, 0x00000000f5580000)
  object space 349696K, 100% used [0x00000000e0000000,0x00000000f5580000,0x00000000f5580000)
 Metaspace       used 56704K, committed 57600K, reserved 1105920K
  class space    used 5552K, committed 5952K, reserved 1048576K
}
Event: 432.377 GC heap after
{Heap after GC invocations=374 (full 212):
 PSYoungGen      total 23552K, used 18432K [0x00000000f5580000, 0x00000000f7300000, 0x0000000100000000)
  eden space 18432K, 100% used [0x00000000f5580000,0x00000000f6780000,0x00000000f6780000)
  from space 5120K, 0% used [0x00000000f6780000,0x00000000f6780000,0x00000000f6c80000)
  to   space 5120K, 0% used [0x00000000f6d80000,0x00000000f6d80000,0x00000000f7280000)
 ParOldGen       total 349696K, used 349695K [0x00000000e0000000, 0x00000000f5580000, 0x00000000f5580000)
  object space 349696K, 99% used [0x00000000e0000000,0x00000000f557fff0,0x00000000f5580000)
 Metaspace       used 56704K, committed 57600K, reserved 1105920K
  class space    used 5552K, committed 5952K, reserved 1048576K
}
Event: 432.377 GC heap before
{Heap before GC invocations=375 (full 213):
 PSYoungGen      total 23552K, used 18432K [0x00000000f5580000, 0x00000000f7300000, 0x0000000100000000)
  eden space 18432K, 100% used [0x00000000f5580000,0x00000000f6780000,0x00000000f6780000)
  from space 5120K, 0% used [0x00000000f6780000,0x00000000f6780000,0x00000000f6c80000)
  to   space 5120K, 0% used [0x00000000f6d80000,0x00000000f6d80000,0x00000000f7280000)
 ParOldGen       total 349696K, used 349695K [0x00000000e0000000, 0x00000000f5580000, 0x00000000f5580000)
  object space 349696K, 99% used [0x00000000e0000000,0x00000000f557fff0,0x00000000f5580000)
 Metaspace       used 56704K, committed 57600K, reserved 1105920K
  class space    used 5552K, committed 5952K, reserved 1048576K
}
Event: 433.909 GC heap after
{Heap after GC invocations=375 (full 213):
 PSYoungGen      total 23552K, used 18432K [0x00000000f5580000, 0x00000000f7300000, 0x0000000100000000)
  eden space 18432K, 100% used [0x00000000f5580000,0x00000000f6780000,0x00000000f6780000)
  from space 5120K, 0% used [0x00000000f6d80000,0x00000000f6d80000,0x00000000f7280000)
  to   space 5120K, 0% used [0x00000000f6780000,0x00000000f6780000,0x00000000f6c80000)
 ParOldGen       total 349696K, used 349695K [0x00000000e0000000, 0x00000000f5580000, 0x00000000f5580000)
  object space 349696K, 99% used [0x00000000e0000000,0x00000000f557fff0,0x00000000f5580000)
 Metaspace       used 56704K, committed 57600K, reserved 1105920K
  class space    used 5552K, committed 5952K, reserved 1048576K
}
Event: 433.913 GC heap before
{Heap before GC invocations=376 (full 214):
 PSYoungGen      total 23552K, used 18432K [0x00000000f5580000, 0x00000000f7300000, 0x0000000100000000)
  eden space 18432K, 100% used [0x00000000f5580000,0x00000000f6780000,0x00000000f6780000)
  from space 5120K, 0% used [0x00000000f6d80000,0x00000000f6d80000,0x00000000f7280000)
  to   space 5120K, 0% used [0x00000000f6780000,0x00000000f6780000,0x00000000f6c80000)
 ParOldGen       total 349696K, used 349696K [0x00000000e0000000, 0x00000000f5580000, 0x00000000f5580000)
  object space 349696K, 100% used [0x00000000e0000000,0x00000000f5580000,0x00000000f5580000)
 Metaspace       used 56704K, committed 57600K, reserved 1105920K
  class space    used 5552K, committed 5952K, reserved 1048576K
}
Event: 435.691 GC heap after
{Heap after GC invocations=376 (full 214):
 PSYoungGen      total 23552K, used 18432K [0x00000000f5580000, 0x00000000f7300000, 0x0000000100000000)
  eden space 18432K, 100% used [0x00000000f5580000,0x00000000f6780000,0x00000000f6780000)
  from space 5120K, 0% used [0x00000000f6780000,0x00000000f6780000,0x00000000f6c80000)
  to   space 5120K, 0% used [0x00000000f6d80000,0x00000000f6d80000,0x00000000f7280000)
 ParOldGen       total 349696K, used 349694K [0x00000000e0000000, 0x00000000f5580000, 0x00000000f5580000)
  object space 349696K, 99% used [0x00000000e0000000,0x00000000f557fa50,0x00000000f5580000)
 Metaspace       used 56704K, committed 57600K, reserved 1105920K
  class space    used 5552K, committed 5952K, reserved 1048576K
}
Event: 435.696 GC heap before
{Heap before GC invocations=377 (full 215):
 PSYoungGen      total 23552K, used 18432K [0x00000000f5580000, 0x00000000f7300000, 0x0000000100000000)
  eden space 18432K, 100% used [0x00000000f5580000,0x00000000f6780000,0x00000000f6780000)
  from space 5120K, 0% used [0x00000000f6780000,0x00000000f6780000,0x00000000f6c80000)
  to   space 5120K, 0% used [0x00000000f6d80000,0x00000000f6d80000,0x00000000f7280000)
 ParOldGen       total 349696K, used 349695K [0x00000000e0000000, 0x00000000f5580000, 0x00000000f5580000)
  object space 349696K, 99% used [0x00000000e0000000,0x00000000f557fc90,0x00000000f5580000)
 Metaspace       used 56704K, committed 57600K, reserved 1105920K
  class space    used 5552K, committed 5952K, reserved 1048576K
}
Event: 437.431 GC heap after
{Heap after GC invocations=377 (full 215):
 PSYoungGen      total 23552K, used 18432K [0x00000000f5580000, 0x00000000f7300000, 0x0000000100000000)
  eden space 18432K, 100% used [0x00000000f5580000,0x00000000f6780000,0x00000000f6780000)
  from space 5120K, 0% used [0x00000000f6d80000,0x00000000f6d80000,0x00000000f7280000)
  to   space 5120K, 0% used [0x00000000f6780000,0x00000000f6780000,0x00000000f6c80000)
 ParOldGen       total 349696K, used 349694K [0x00000000e0000000, 0x00000000f5580000, 0x00000000f5580000)
  object space 349696K, 99% used [0x00000000e0000000,0x00000000f557fa10,0x00000000f5580000)
 Metaspace       used 56704K, committed 57600K, reserved 1105920K
  class space    used 5552K, committed 5952K, reserved 1048576K
}
Event: 437.431 GC heap before
{Heap before GC invocations=378 (full 216):
 PSYoungGen      total 23552K, used 18432K [0x00000000f5580000, 0x00000000f7300000, 0x0000000100000000)
  eden space 18432K, 100% used [0x00000000f5580000,0x00000000f6780000,0x00000000f6780000)
  from space 5120K, 0% used [0x00000000f6d80000,0x00000000f6d80000,0x00000000f7280000)
  to   space 5120K, 0% used [0x00000000f6780000,0x00000000f6780000,0x00000000f6c80000)
 ParOldGen       total 349696K, used 349694K [0x00000000e0000000, 0x00000000f5580000, 0x00000000f5580000)
  object space 349696K, 99% used [0x00000000e0000000,0x00000000f557fa48,0x00000000f5580000)
 Metaspace       used 56704K, committed 57600K, reserved 1105920K
  class space    used 5552K, committed 5952K, reserved 1048576K
}
Event: 439.081 GC heap after
{Heap after GC invocations=378 (full 216):
 PSYoungGen      total 23552K, used 18432K [0x00000000f5580000, 0x00000000f7300000, 0x0000000100000000)
  eden space 18432K, 100% used [0x00000000f5580000,0x00000000f6780000,0x00000000f6780000)
  from space 5120K, 0% used [0x00000000f6780000,0x00000000f6780000,0x00000000f6c80000)
  to   space 5120K, 0% used [0x00000000f6d80000,0x00000000f6d80000,0x00000000f7280000)
 ParOldGen       total 349696K, used 349694K [0x00000000e0000000, 0x00000000f5580000, 0x00000000f5580000)
  object space 349696K, 99% used [0x00000000e0000000,0x00000000f557fa28,0x00000000f5580000)
 Metaspace       used 56704K, committed 57600K, reserved 1105920K
  class space    used 5552K, committed 5952K, reserved 1048576K
}
Event: 439.081 GC heap before
{Heap before GC invocations=379 (full 217):
 PSYoungGen      total 23552K, used 18432K [0x00000000f5580000, 0x00000000f7300000, 0x0000000100000000)
  eden space 18432K, 100% used [0x00000000f5580000,0x00000000f6780000,0x00000000f6780000)
  from space 5120K, 0% used [0x00000000f6780000,0x00000000f6780000,0x00000000f6c80000)
  to   space 5120K, 0% used [0x00000000f6d80000,0x00000000f6d80000,0x00000000f7280000)
 ParOldGen       total 349696K, used 349694K [0x00000000e0000000, 0x00000000f5580000, 0x00000000f5580000)
  object space 349696K, 99% used [0x00000000e0000000,0x00000000f557fa28,0x00000000f5580000)
 Metaspace       used 56704K, committed 57600K, reserved 1105920K
  class space    used 5552K, committed 5952K, reserved 1048576K
}
Event: 441.036 GC heap after
{Heap after GC invocations=379 (full 217):
 PSYoungGen      total 23552K, used 18432K [0x00000000f5580000, 0x00000000f7300000, 0x0000000100000000)
  eden space 18432K, 100% used [0x00000000f5580000,0x00000000f6780000,0x00000000f6780000)
  from space 5120K, 0% used [0x00000000f6d80000,0x00000000f6d80000,0x00000000f7280000)
  to   space 5120K, 0% used [0x00000000f6780000,0x00000000f6780000,0x00000000f6c80000)
 ParOldGen       total 349696K, used 349694K [0x00000000e0000000, 0x00000000f5580000, 0x00000000f5580000)
  object space 349696K, 99% used [0x00000000e0000000,0x00000000f557fa28,0x00000000f5580000)
 Metaspace       used 56704K, committed 57600K, reserved 1105920K
  class space    used 5552K, committed 5952K, reserved 1048576K
}

Dll operation events (9 events):
Event: 0.003 Loaded shared library /nix/store/gpxl5qgg8kicmcvivwmybwjlpf7wh20l-graalvm17-ce-22.3.0/lib/libjava.so
Event: 0.099 Loaded shared library /nix/store/gpxl5qgg8kicmcvivwmybwjlpf7wh20l-graalvm17-ce-22.3.0/lib/libjsvml.so
Event: 0.675 Loaded shared library /nix/store/gpxl5qgg8kicmcvivwmybwjlpf7wh20l-graalvm17-ce-22.3.0/lib/libjvmcicompiler.so
Event: 0.699 Loaded shared library /nix/store/gpxl5qgg8kicmcvivwmybwjlpf7wh20l-graalvm17-ce-22.3.0/lib/libnio.so
Event: 0.776 Loaded shared library /nix/store/gpxl5qgg8kicmcvivwmybwjlpf7wh20l-graalvm17-ce-22.3.0/lib/libzip.so
Event: 1.483 Loaded shared library /nix/store/gpxl5qgg8kicmcvivwmybwjlpf7wh20l-graalvm17-ce-22.3.0/lib/libjimage.so
Event: 2.376 Loaded shared library /nix/store/gpxl5qgg8kicmcvivwmybwjlpf7wh20l-graalvm17-ce-22.3.0/lib/libnet.so
Event: 8.087 Loaded shared library /home/runner/.cache/jdt-language-server/config/org.eclipse.equinox.launcher/org.eclipse.equinox.launcher.gtk.linux.x86_64_1.2.400.v20211117-0650/eclipse_11600.so
Event: 17.880 Loaded shared library /nix/store/gpxl5qgg8kicmcvivwmybwjlpf7wh20l-graalvm17-ce-22.3.0/lib/libextnet.so

Deoptimization events (20 events):
Event: 79.273 Thread 0x00007ff718489af0 DEOPT PACKING pc=0x00007ff76c85365d sp=0x00007ff7301fe530
Event: 79.273 Thread 0x00007ff718489af0 DEOPT UNPACKING pc=0x00007ff76b505325 sp=0x00007ff7301fda20 mode 0
Event: 79.275 Thread 0x00007ff718489af0 DEOPT PACKING pc=0x00007ff76c85365d sp=0x00007ff7301fe530
Event: 79.275 Thread 0x00007ff718489af0 DEOPT UNPACKING pc=0x00007ff76b505325 sp=0x00007ff7301fda20 mode 0
Event: 79.277 Thread 0x00007ff718489af0 DEOPT PACKING pc=0x00007ff76c85365d sp=0x00007ff7301fe530
Event: 79.277 Thread 0x00007ff718489af0 DEOPT UNPACKING pc=0x00007ff76b505325 sp=0x00007ff7301fda20 mode 0
Event: 79.282 Thread 0x00007ff718489af0 DEOPT PACKING pc=0x00007ff76c85365d sp=0x00007ff7301fe530
Event: 79.282 Thread 0x00007ff718489af0 DEOPT UNPACKING pc=0x00007ff76b505325 sp=0x00007ff7301fda20 mode 0
Event: 79.287 Thread 0x00007ff718489af0 DEOPT PACKING pc=0x00007ff76c85365d sp=0x00007ff7301fe530
Event: 79.287 Thread 0x00007ff718489af0 DEOPT UNPACKING pc=0x00007ff76b505325 sp=0x00007ff7301fda20 mode 0
Event: 80.919 Thread 0x00007ff718489af0 DEOPT PACKING pc=0x00007ff76c85365d sp=0x00007ff7301fe530
Event: 80.919 Thread 0x00007ff718489af0 DEOPT UNPACKING pc=0x00007ff76b505325 sp=0x00007ff7301fda20 mode 0
Event: 80.972 Thread 0x00007ff718489af0 DEOPT PACKING pc=0x00007ff76c85365d sp=0x00007ff7301fe530
Event: 80.972 Thread 0x00007ff718489af0 DEOPT UNPACKING pc=0x00007ff76b505325 sp=0x00007ff7301fda20 mode 0
Event: 80.979 Thread 0x00007ff718489af0 DEOPT PACKING pc=0x00007ff76c85365d sp=0x00007ff7301fe530
Event: 80.979 Thread 0x00007ff718489af0 DEOPT UNPACKING pc=0x00007ff76b505325 sp=0x00007ff7301fda20 mode 0
Event: 287.274 Thread 0x00007ff7840b21e0 Uncommon trap: trap_request=0xffffffcd fr.pc=0x00007ff773142806 relative=0x00000000000004c6
Event: 287.274 Thread 0x00007ff7840b21e0 Uncommon trap: reason=intrinsic_or_type_checked_inlining action=reinterpret pc=0x00007ff773142806 method=java.io.DataOutputStream.writeInt(I)V @ 0 jvmci
Event: 287.274 Thread 0x00007ff7840b21e0 DEOPT PACKING pc=0x00007ff773142806 sp=0x00007ff769316000
Event: 287.274 Thread 0x00007ff7840b21e0 DEOPT UNPACKING pc=0x00007ff76b505325 sp=0x00007ff7693154d8 mode 3

Classes unloaded (20 events):
Event: 168.374 Thread 0x00007ff7840a1c10 Unloading class 0x0000000800d05000 'java/lang/invoke/LambdaForm$MH+0x0000000800d05000'
Event: 168.374 Thread 0x00007ff7840a1c10 Unloading class 0x0000000800d04c00 'java/lang/invoke/LambdaForm$MH+0x0000000800d04c00'
Event: 168.374 Thread 0x00007ff7840a1c10 Unloading class 0x0000000800d04800 'java/lang/invoke/LambdaForm$MH+0x0000000800d04800'
Event: 173.825 Thread 0x00007ff7840a1c10 Unloading class 0x0000000800f0c000 'jdk/internal/reflect/GeneratedConstructorAccessor14'
Event: 173.825 Thread 0x00007ff7840a1c10 Unloading class 0x0000000800f04800 'jdk/internal/reflect/GeneratedConstructorAccessor12'
Event: 173.825 Thread 0x00007ff7840a1c10 Unloading class 0x0000000800f04400 'jdk/internal/reflect/GeneratedConstructorAccessor11'
Event: 173.825 Thread 0x00007ff7840a1c10 Unloading class 0x0000000800f04000 'jdk/internal/reflect/GeneratedConstructorAccessor10'
Event: 176.474 Thread 0x00007ff7840a1c10 Unloading class 0x0000000801059400 'java/lang/invoke/LambdaForm$MH+0x0000000801059400'
Event: 176.474 Thread 0x00007ff7840a1c10 Unloading class 0x0000000801059000 'java/lang/invoke/LambdaForm$MH+0x0000000801059000'
Event: 176.474 Thread 0x00007ff7840a1c10 Unloading class 0x0000000801058c00 'java/lang/invoke/LambdaForm$MH+0x0000000801058c00'
Event: 176.474 Thread 0x00007ff7840a1c10 Unloading class 0x0000000801058800 'java/lang/invoke/LambdaForm$MH+0x0000000801058800'
Event: 176.474 Thread 0x00007ff7840a1c10 Unloading class 0x0000000801058400 'java/lang/invoke/LambdaForm$MH+0x0000000801058400'
Event: 176.474 Thread 0x00007ff7840a1c10 Unloading class 0x0000000801058000 'java/lang/invoke/LambdaForm$MH+0x0000000801058000'
Event: 176.475 Thread 0x00007ff7840a1c10 Unloading class 0x0000000800d98400 'java/lang/invoke/LambdaForm$MH+0x0000000800d98400'
Event: 176.475 Thread 0x00007ff7840a1c10 Unloading class 0x0000000800d04000 'java/lang/invoke/LambdaForm$MH+0x0000000800d04000'
Event: 189.935 Thread 0x00007ff7840a1c10 Unloading class 0x0000000801089000 'jdk/internal/reflect/GeneratedSerializationConstructorAccessor4'
Event: 189.935 Thread 0x00007ff7840a1c10 Unloading class 0x0000000801088c00 'jdk/internal/reflect/GeneratedSerializationConstructorAccessor3'
Event: 189.935 Thread 0x00007ff7840a1c10 Unloading class 0x0000000801088800 'jdk/internal/reflect/GeneratedSerializationConstructorAccessor2'
Event: 189.935 Thread 0x00007ff7840a1c10 Unloading class 0x0000000801088400 'jdk/internal/reflect/GeneratedSerializationConstructorAccessor1'
Event: 209.094 Thread 0x00007ff7840a1c10 Unloading class 0x00000008011b4400 'jdk/internal/reflect/GeneratedConstructorAccessor33'

Classes redefined (0 events):
No events

Internal exceptions (20 events):
Event: 40.378 Thread 0x00007ff6f4000ff0 Exception <a 'sun/nio/fs/UnixException'{0x00000000f5d96a38}> (0x00000000f5d96a38) 
thrown [src/hotspot/share/prims/jni.cpp, line 516]
Event: 40.378 Thread 0x00007ff6f4000ff0 Exception <a 'sun/nio/fs/UnixException'{0x00000000f5d97858}> (0x00000000f5d97858) 
thrown [src/hotspot/share/prims/jni.cpp, line 516]
Event: 40.380 Thread 0x00007ff6f4000ff0 Exception <a 'sun/nio/fs/UnixException'{0x00000000f5dc59e0}> (0x00000000f5dc59e0) 
thrown [src/hotspot/share/prims/jni.cpp, line 516]
Event: 40.381 Thread 0x00007ff6f4000ff0 Exception <a 'sun/nio/fs/UnixException'{0x00000000f5dccd68}> (0x00000000f5dccd68) 
thrown [src/hotspot/share/prims/jni.cpp, line 516]
Event: 40.381 Thread 0x00007ff6f4000ff0 Exception <a 'sun/nio/fs/UnixException'{0x00000000f5dcdb50}> (0x00000000f5dcdb50) 
thrown [src/hotspot/share/prims/jni.cpp, line 516]
Event: 40.382 Thread 0x00007ff6f4000ff0 Exception <a 'sun/nio/fs/UnixException'{0x00000000f5dd4fd0}> (0x00000000f5dd4fd0) 
thrown [src/hotspot/share/prims/jni.cpp, line 516]
Event: 41.883 Thread 0x00007ff6f4000ff0 Exception <a 'sun/nio/fs/UnixException'{0x00000000f5ab4b88}> (0x00000000f5ab4b88) 
thrown [src/hotspot/share/prims/jni.cpp, line 516]
Event: 42.189 Thread 0x00007ff6f4000ff0 Exception <a 'sun/nio/fs/UnixException'{0x00000000f594f4a8}> (0x00000000f594f4a8) 
thrown [src/hotspot/share/prims/jni.cpp, line 516]
Event: 42.189 Thread 0x00007ff6f4000ff0 Exception <a 'sun/nio/fs/UnixException'{0x00000000f5953188}> (0x00000000f5953188) 
thrown [src/hotspot/share/prims/jni.cpp, line 516]
Event: 43.523 Thread 0x00007ff6f4000ff0 Exception <a 'java/lang/NoSuchMethodError'{0x00000000f5a60bb8}: 'int java.lang.invoke.DirectMethodHandle$Holder.invokeStatic(java.lang.Object, java.lang.Object, java.lang.Object, int)'> (0x00000000f5a60bb8) 
thrown [src/hotspot/share/interpreter/linkResolver.cpp, line 758]
Event: 48.478 Thread 0x00007ff71830d550 Exception <a 'java/lang/NoSuchMethodError'{0x00000000f5beda30}: 'java.lang.Object java.lang.invoke.DirectMethodHandle$Holder.invokeStatic(java.lang.Object, java.lang.Object, java.lang.Object, long)'> (0x00000000f5beda30) 
thrown [src/hotspot/share/interpreter/linkResolver.cpp, line 758]
Event: 48.479 Thread 0x00007ff71830d550 Exception <a 'java/lang/NoSuchMethodError'{0x00000000f5c3ce10}: 'java.lang.Object java.lang.invoke.DirectMethodHandle$Holder.newInvokeSpecial(java.lang.Object, java.lang.Object, java.lang.Object, long)'> (0x00000000f5c3ce10) 
thrown [src/hotspot/share/interpreter/linkResolver.cpp, line 758]
Event: 48.479 Thread 0x00007ff71830d550 Exception <a 'java/lang/NoSuchMethodError'{0x00000000f5c64d48}: 'java.lang.Object java.lang.invoke.DirectMethodHandle$Holder.invokeSpecial(java.lang.Object, java.lang.Object, java.lang.Object, java.lang.Object, long)'> (0x00000000f5c64d48) 
thrown [src/hotspot/share/interpreter/linkResolver.cpp, line 758]
Event: 48.480 Thread 0x00007ff71830d550 Exception <a 'java/lang/NoSuchMethodError'{0x00000000f5c68d88}: 'java.lang.Object java.lang.invoke.Invokers$Holder.linkToTargetMethod(java.lang.Object, java.lang.Object, long, java.lang.Object)'> (0x00000000f5c68d88) 
thrown [src/hotspot/share/interpreter/linkResolver.cpp, line 758]
Event: 49.772 Thread 0x00007ff6e8159060 Exception <a 'java/lang/NoSuchMethodError'{0x00000000f5b38470}: 'java.lang.Object java.lang.invoke.DirectMethodHandle$Holder.invokeStatic(java.lang.Object, int, java.lang.Object, java.lang.Object, java.lang.Object, java.lang.Object)'> (0x00000000f5b38470) 
thrown [src/hotspot/share/interpreter/linkResolver.cpp, line 758]
Event: 50.805 Thread 0x00007ff6e8159060 Exception <a 'java/lang/NoSuchMethodError'{0x00000000f5d70a18}: 'void java.lang.invoke.DirectMethodHandle$Holder.invokeSpecial(java.lang.Object, java.lang.Object, int)'> (0x00000000f5d70a18) 
thrown [src/hotspot/share/interpreter/linkResolver.cpp, line 758]
Event: 51.984 Thread 0x00007ff6e8159060 Exception <a 'java/lang/NoSuchMethodError'{0x00000000f5babec0}: 'int java.lang.invoke.DirectMethodHandle$Holder.invokeSpecialIFC(java.lang.Object, java.lang.Object, java.lang.Object, java.lang.Object)'> (0x00000000f5babec0) 
thrown [src/hotspot/share/interpreter/linkResolver.cpp, line 758]
Event: 61.882 Thread 0x00007ff718489af0 Implicit null exception at 0x00007ff77316234d to 0x00007ff7731629d0
Event: 433.909 Thread 0x00007ff784469ce0 Exception <a 'java/lang/OutOfMemoryError'{0x00000000e0003e90}> (0x00000000e0003e90) 
thrown [src/hotspot/share/gc/shared/memAllocator.cpp, line 136]
Event: 441.036 Thread 0x00007ff7840b21e0 Exception <a 'java/lang/OutOfMemoryError'{0x00000000e0004160}> (0x00000000e0004160) 
thrown [src/hotspot/share/gc/shared/memAllocator.cpp, line 136]

VM Operations (20 events):
Event: 421.398 Executing VM operation: ParallelGCFailedAllocation
Event: 423.040 Executing VM operation: ParallelGCFailedAllocation done
Event: 423.040 Executing VM operation: ParallelGCFailedAllocation
Event: 424.599 Executing VM operation: ParallelGCFailedAllocation done
Event: 424.599 Executing VM operation: ParallelGCFailedAllocation
Event: 426.020 Executing VM operation: ParallelGCFailedAllocation done
Event: 426.020 Executing VM operation: ParallelGCFailedAllocation
Event: 427.578 Executing VM operation: ParallelGCFailedAllocation done
Event: 427.578 Executing VM operation: ParallelGCFailedAllocation
Event: 429.209 Executing VM operation: ParallelGCFailedAllocation done
Event: 429.209 Executing VM operation: ParallelGCFailedAllocation
Event: 430.722 Executing VM operation: ParallelGCFailedAllocation done
Event: 430.722 Executing VM operation: ParallelGCFailedAllocation
Event: 433.909 Executing VM operation: ParallelGCFailedAllocation done
Event: 433.909 Executing VM operation: ParallelGCFailedAllocation
Event: 435.695 Executing VM operation: ParallelGCFailedAllocation done
Event: 435.696 Executing VM operation: ParallelGCFailedAllocation
Event: 437.431 Executing VM operation: ParallelGCFailedAllocation done
Event: 437.431 Executing VM operation: ParallelGCFailedAllocation
Event: 441.036 Executing VM operation: ParallelGCFailedAllocation done

Events (20 events):
Event: 60.997 Thread 0x00007ff7840b4b40 flushing nmethod 0x00007ff76c9daf10
Event: 60.997 Thread 0x00007ff7840b4b40 flushing nmethod 0x00007ff76c9dbe10
Event: 60.997 Thread 0x00007ff7840b4b40 flushing nmethod 0x00007ff76c9dc990
Event: 60.997 Thread 0x00007ff7840b4b40 flushing nmethod 0x00007ff76c9dcf90
Event: 60.997 Thread 0x00007ff7840b4b40 flushing nmethod 0x00007ff76c9df190
Event: 60.997 Thread 0x00007ff7840b4b40 flushing nmethod 0x00007ff76c9df510
Event: 60.997 Thread 0x00007ff7840b4b40 flushing nmethod 0x00007ff76c9e8e90
Event: 60.997 Thread 0x00007ff7840b4b40 flushing nmethod 0x00007ff76c9ed910
Event: 60.997 Thread 0x00007ff7840b4b40 flushing nmethod 0x00007ff76c9ee590
Event: 60.997 Thread 0x00007ff7840b4b40 flushing nmethod 0x00007ff76c9ee990
Event: 60.997 Thread 0x00007ff7840b4b40 flushing nmethod 0x00007ff76c9ef590
Event: 60.997 Thread 0x00007ff7840b4b40 flushing nmethod 0x00007ff76c9efb10
Event: 60.997 Thread 0x00007ff7840b4b40 flushing nmethod 0x00007ff76c9f0210
Event: 60.999 Thread 0x00007ff7840b4b40 flushing nmethod 0x00007ff76c9f2610
Event: 62.681 Thread 0x00007ff7842274d0 Thread exited: 0x00007ff7842274d0
Event: 107.186 Thread 0x00007ff70c007440 Thread exited: 0x00007ff70c007440
Event: 108.707 Thread 0x00007ff70c0010d0 Thread exited: 0x00007ff70c0010d0
Event: 108.707 Thread 0x00007ff71830d550 Thread exited: 0x00007ff71830d550
Event: 321.817 Thread 0x00007ff7140abf20 Thread added: 0x00007ff7140abf20
Event: 321.817 Protecting memory [0x00007ff730500000,0x00007ff730504000] with protection modes 0


Dynamic libraries:
e0000000-f5580000 rw-p 00000000 00:00 0 
f5580000-f7300000 rw-p 00000000 00:00 0 
f7300000-100000000 ---p 00000000 00:00 0 
800000000-800449000 rw-p 00001000 00:16c7 4611686019135357769            /nix/store/gpxl5qgg8kicmcvivwmybwjlpf7wh20l-graalvm17-ce-22.3.0/lib/server/classes.jsa
800449000-800bc8000 r--p 0044a000 00:16c7 4611686019135357769            /nix/store/gpxl5qgg8kicmcvivwmybwjlpf7wh20l-graalvm17-ce-22.3.0/lib/server/classes.jsa
800bc8000-800c00000 ---p 00000000 00:00 0 
800c00000-800c20000 rw-p 00000000 00:00 0 
800c20000-800c40000 rw-p 00000000 00:00 0 
800c40000-800cc0000 rw-p 00000000 00:00 0 
800cc0000-800d00000 rw-p 00000000 00:00 0 
800d00000-800dc0000 rw-p 00000000 00:00 0 
800dc0000-800e00000 rw-p 00000000 00:00 0 
800e00000-800f40000 rw-p 00000000 00:00 0 
800f40000-800f80000 rw-p 00000000 00:00 0 
800f80000-800fc0000 rw-p 00000000 00:00 0 
800fc0000-801000000 rw-p 00000000 00:00 0 
801000000-8011d0000 rw-p 00000000 00:00 0 
8011d0000-840c00000 ---p 00000000 00:00 0 
5620dbded000-5620dbdee000 r-xp 00000000 00:16c7 4611686019099417844      /nix/store/gpxl5qgg8kicmcvivwmybwjlpf7wh20l-graalvm17-ce-22.3.0/bin/.java-wrapped
5620dbdef000-5620dbdf0000 r--p 00001000 00:16c7 4611686019099417844      /nix/store/gpxl5qgg8kicmcvivwmybwjlpf7wh20l-graalvm17-ce-22.3.0/bin/.java-wrapped
5620dbdf0000-5620dbdf1000 rw-p 00002000 00:16c7 4611686019099417844      /nix/store/gpxl5qgg8kicmcvivwmybwjlpf7wh20l-graalvm17-ce-22.3.0/bin/.java-wrapped
5620dbdf1000-5620dbdf2000 rw-p 00004000 00:16c7 4611686019099417844      /nix/store/gpxl5qgg8kicmcvivwmybwjlpf7wh20l-graalvm17-ce-22.3.0/bin/.java-wrapped
5620dbdf2000-5620dbdf3000 rw-p 00005000 00:16c7 4611686019099417844      /nix/store/gpxl5qgg8kicmcvivwmybwjlpf7wh20l-graalvm17-ce-22.3.0/bin/.java-wrapped
5620dca7c000-5620dcac4000 rw-p 00000000 00:00 0                          [heap]
7ff6d64b3000-7ff6e0000000 r--s 00000000 00:16c7 4611686019135192581      /nix/store/gpxl5qgg8kicmcvivwmybwjlpf7wh20l-graalvm17-ce-22.3.0/lib/modules
7ff6e0000000-7ff6e0130000 rw-p 00000000 00:00 0 
7ff6e0130000-7ff6e4000000 ---p 00000000 00:00 0 
7ff6e4000000-7ff6e4192000 rw-p 00000000 00:00 0 
7ff6e4192000-7ff6e8000000 ---p 00000000 00:00 0 
7ff6e8000000-7ff6e816c000 rw-p 00000000 00:00 0 
7ff6e816c000-7ff6ec000000 ---p 00000000 00:00 0 
7ff6ec000000-7ff6ec0d3000 rw-p 00000000 00:00 0 
7ff6ec0d3000-7ff6f0000000 ---p 00000000 00:00 0 
7ff6f0000000-7ff6f0021000 rw-p 00000000 00:00 0 
7ff6f0021000-7ff6f4000000 ---p 00000000 00:00 0 
7ff6f4000000-7ff6f40ec000 rw-p 00000000 00:00 0 
7ff6f40ec000-7ff6f8000000 ---p 00000000 00:00 0 
7ff6f8000000-7ff6f8021000 rw-p 00000000 00:00 0 
7ff6f8021000-7ff6fc000000 ---p 00000000 00:00 0 
7ff6fd400000-7ff6fd6c0000 rw-p 00000000 00:00 0 
7ff6fd6c0000-7ff6fdc00000 ---p 00000000 00:00 0 
7ff6fe000000-7ff6fe800000 rw-p 00000000 00:00 0 
7ff6fe800000-7ff6fed00000 rw-p 00000000 00:00 0 
7ff6fed00000-7ff6fedb0000 rw-p 00000000 00:00 0 
7ff6fedb0000-7ff6fee00000 ---p 00000000 00:00 0 
7ff6fee00000-7ff6fef40000 rw-p 00000000 00:00 0 
7ff6fef40000-7ff6ff000000 rw-p 00000000 00:00 0 
7ff6ff000000-7ff6ff100000 rw-p 00000000 00:00 0 
7ff6ff100000-7ff6ff300000 rw-p 00000000 00:00 0 
7ff6ff300000-7ff6ff500000 rw-p 00000000 00:00 0 
7ff6ff500000-7ff6ff600000 rw-p 00000000 00:00 0 
7ff6ff600000-7ff6ff700000 rw-p 00000000 00:00 0 
7ff6ff700000-7ff6ff800000 rw-p 00000000 00:00 0 
7ff6ff800000-7ff6ff900000 rw-p 00000000 00:00 0 
7ff6ff900000-7ff6ffa00000 rw-p 00000000 00:00 0 
7ff6ffa00000-7ff6fffc0000 rw-p 00000000 00:00 0 
7ff6fffc0000-7ff700000000 rw-p 00000000 00:00 0 
7ff700000000-7ff70012a000 rw-p 00000000 00:00 0 
7ff70012a000-7ff704000000 ---p 00000000 00:00 0 
7ff704000000-7ff704068000 rw-p 00000000 00:00 0 
7ff704068000-7ff708000000 ---p 00000000 00:00 0 
7ff708000000-7ff708021000 rw-p 00000000 00:00 0 
7ff708021000-7ff70c000000 ---p 00000000 00:00 0 
7ff70c000000-7ff70c337000 rw-p 00000000 00:00 0 
7ff70c337000-7ff710000000 ---p 00000000 00:00 0 
7ff710000000-7ff710021000 rw-p 00000000 00:00 0 
7ff710021000-7ff714000000 ---p 00000000 00:00 0 
7ff714000000-7ff7140b8000 rw-p 00000000 00:00 0 
7ff7140b8000-7ff718000000 ---p 00000000 00:00 0 
7ff718000000-7ff7188fa000 rw-p 00000000 00:00 0 
7ff7188fa000-7ff71c000000 ---p 00000000 00:00 0 
7ff71c000000-7ff71c025000 rw-p 00000000 00:00 0 
7ff71c025000-7ff720000000 ---p 00000000 00:00 0 
7ff720000000-7ff720021000 rw-p 00000000 00:00 0 
7ff720021000-7ff724000000 ---p 00000000 00:00 0 
7ff724000000-7ff724021000 rw-p 00000000 00:00 0 
7ff724021000-7ff728000000 ---p 00000000 00:00 0 
7ff728000000-7ff728021000 rw-p 00000000 00:00 0 
7ff728021000-7ff72c000000 ---p 00000000 00:00 0 
7ff72c400000-7ff72c500000 rw-p 00000000 00:00 0 
7ff72c500000-7ff72c600000 rw-p 00000000 00:00 0 
7ff72c600000-7ff72c900000 rw-p 00000000 00:00 0 
7ff72c900000-7ff72ca00000 rw-p 00000000 00:00 0 
7ff72ca00000-7ff72cc00000 rw-p 00000000 00:00 0 
7ff72ce00000-7ff72ce10000 r-xp 00000000 00:16c4 353                      /home/runner/.cache/jdt-language-server/config/org.eclipse.equinox.launcher/org.eclipse.equinox.launcher.gtk.linux.x86_64_1.2.400.v20211117-0650/eclipse_11600.so
7ff72ce10000-7ff72d00f000 ---p 00010000 00:16c4 353                      /home/runner/.cache/jdt-language-server/config/org.eclipse.equinox.launcher/org.eclipse.equinox.launcher.gtk.linux.x86_64_1.2.400.v20211117-0650/eclipse_11600.so
7ff72d00f000-7ff72d010000 r--p 0000f000 00:16c4 353                      /home/runner/.cache/jdt-language-server/config/org.eclipse.equinox.launcher/org.eclipse.equinox.launcher.gtk.linux.x86_64_1.2.400.v20211117-0650/eclipse_11600.so
7ff72d010000-7ff72d011000 rw-p 00010000 00:16c4 353                      /home/runner/.cache/jdt-language-server/config/org.eclipse.equinox.launcher/org.eclipse.equinox.launcher.gtk.linux.x86_64_1.2.400.v20211117-0650/eclipse_11600.so
7ff72e300000-7ff72e400000 ---p 00000000 00:00 0 
7ff72e400000-7ff72e9af000 r--p 01122000 00:16c7 4611686019135190040      /nix/store/gpxl5qgg8kicmcvivwmybwjlpf7wh20l-graalvm17-ce-22.3.0/lib/libjvmcicompiler.so
7ff72e9af000-7ff72eb00000 r--p 00000000 00:00 0 
7ff72eb00000-7ff72eb3d000 rw-p 00000000 00:00 0 
7ff72eb3d000-7ff72f05d000 rw-p 0185f000 00:16c7 4611686019135190040      /nix/store/gpxl5qgg8kicmcvivwmybwjlpf7wh20l-graalvm17-ce-22.3.0/lib/libjvmcicompiler.so
7ff72f05d000-7ff72f444000 r--p 01d7f000 00:16c7 4611686019135190040      /nix/store/gpxl5qgg8kicmcvivwmybwjlpf7wh20l-graalvm17-ce-22.3.0/lib/libjvmcicompiler.so
7ff72f500000-7ff72f504000 ---p 00000000 00:00 0 
7ff72f504000-7ff72f600000 rw-p 00000000 00:00 0 
7ff72f700000-7ff72f704000 ---p 00000000 00:00 0 
7ff72f704000-7ff72f800000 rw-p 00000000 00:00 0 
7ff72f900000-7ff72f904000 ---p 00000000 00:00 0 
7ff72f904000-7ff72fa00000 rw-p 00000000 00:00 0 
7ff72fb00000-7ff72fb04000 ---p 00000000 00:00 0 
7ff72fb04000-7ff72fc00000 rw-p 00000000 00:00 0 
7ff72fd00000-7ff72fd04000 ---p 00000000 00:00 0 
7ff72fd04000-7ff72fe00000 rw-p 00000000 00:00 0 
7ff72ff00000-7ff72ff04000 ---p 00000000 00:00 0 
7ff72ff04000-7ff730000000 rw-p 00000000 00:00 0 
7ff730100000-7ff730104000 ---p 00000000 00:00 0 
7ff730104000-7ff730200000 rw-p 00000000 00:00 0 
7ff730300000-7ff730304000 ---p 00000000 00:00 0 
7ff730304000-7ff730400000 rw-p 00000000 00:00 0 
7ff730500000-7ff730504000 ---p 00000000 00:00 0 
7ff730504000-7ff730600000 rw-p 00000000 00:00 0 
7ff730700000-7ff730704000 ---p 00000000 00:00 0 
7ff730704000-7ff730800000 rw-p 00000000 00:00 0 
7ff730800000-7ff730804000 ---p 00000000 00:00 0 
7ff730804000-7ff730900000 rw-p 00000000 00:00 0 
7ff730900000-7ff730904000 ---p 00000000 00:00 0 
7ff730904000-7ff730a00000 rw-p 00000000 00:00 0 
7ff731668000-7ff731b00000 rw-p 00000000 00:00 0 
7ff731c00000-7ff733d6a000 r-xp 00000000 00:16c7 4611686019135190040      /nix/store/gpxl5qgg8kicmcvivwmybwjlpf7wh20l-graalvm17-ce-22.3.0/lib/libjvmcicompiler.so
7ff733d6a000-7ff733f69000 ---p 0216a000 00:16c7 4611686019135190040      /nix/store/gpxl5qgg8kicmcvivwmybwjlpf7wh20l-graalvm17-ce-22.3.0/lib/libjvmcicompiler.so
7ff733f69000-7ff733f6a000 r--p 02169000 00:16c7 4611686019135190040      /nix/store/gpxl5qgg8kicmcvivwmybwjlpf7wh20l-graalvm17-ce-22.3.0/lib/libjvmcicompiler.so
7ff733f6a000-7ff733f6c000 rw-p 0216a000 00:16c7 4611686019135190040      /nix/store/gpxl5qgg8kicmcvivwmybwjlpf7wh20l-graalvm17-ce-22.3.0/lib/libjvmcicompiler.so
7ff733f6c000-7ff733f6d000 rw-p 00000000 00:00 0 
7ff733f6d000-7ff733f72000 rw-p 023c3000 00:16c7 4611686019135190040      /nix/store/gpxl5qgg8kicmcvivwmybwjlpf7wh20l-graalvm17-ce-22.3.0/lib/libjvmcicompiler.so
7ff734000000-7ff734021000 rw-p 00000000 00:00 0 
7ff734021000-7ff738000000 ---p 00000000 00:00 0 
7ff738000000-7ff738021000 rw-p 00000000 00:00 0 
7ff738021000-7ff73c000000 ---p 00000000 00:00 0 
7ff73c000000-7ff73c021000 rw-p 00000000 00:00 0 
7ff73c021000-7ff740000000 ---p 00000000 00:00 0 
7ff740000000-7ff740021000 rw-p 00000000 00:00 0 
7ff740021000-7ff744000000 ---p 00000000 00:00 0 
7ff744000000-7ff7440e9000 rw-p 00000000 00:00 0 
7ff7440e9000-7ff748000000 ---p 00000000 00:00 0 
7ff748000000-7ff748a96000 rw-p 00000000 00:00 0 
7ff748a96000-7ff74c000000 ---p 00000000 00:00 0 
7ff74c000000-7ff74c021000 rw-p 00000000 00:00 0 
7ff74c021000-7ff750000000 ---p 00000000 00:00 0 
7ff750000000-7ff750021000 rw-p 00000000 00:00 0 
7ff750021000-7ff754000000 ---p 00000000 00:00 0 
7ff754000000-7ff754021000 rw-p 00000000 00:00 0 
7ff754021000-7ff758000000 ---p 00000000 00:00 0 
7ff758000000-7ff758021000 rw-p 00000000 00:00 0 
7ff758021000-7ff75c000000 ---p 00000000 00:00 0 
7ff75c000000-7ff75c021000 rw-p 00000000 00:00 0 
7ff75c021000-7ff760000000 ---p 00000000 00:00 0 
7ff760000000-7ff760021000 rw-p 00000000 00:00 0 
7ff760021000-7ff764000000 ---p 00000000 00:00 0 
7ff764000000-7ff764054000 rw-p 00000000 00:00 0 
7ff764054000-7ff768000000 ---p 00000000 00:00 0 
7ff768100000-7ff768104000 ---p 00000000 00:00 0 
7ff768104000-7ff768200000 rw-p 00000000 00:00 0 
7ff768300000-7ff768304000 ---p 00000000 00:00 0 
7ff768304000-7ff768400000 rw-p 00000000 00:00 0 
7ff768500000-7ff768504000 ---p 00000000 00:00 0 
7ff768504000-7ff768600000 rw-p 00000000 00:00 0 
7ff768700000-7ff768704000 ---p 00000000 00:00 0 
7ff768704000-7ff768800000 rw-p 00000000 00:00 0 
7ff768900000-7ff768904000 ---p 00000000 00:00 0 
7ff768904000-7ff768a00000 rw-p 00000000 00:00 0 
7ff768b16000-7ff768b17000 ---p 00000000 00:00 0 
7ff768b17000-7ff768c18000 rw-p 00000000 00:00 0 
7ff768c18000-7ff768c1c000 ---p 00000000 00:00 0 
7ff768c1c000-7ff768d18000 rw-p 00000000 00:00 0 
7ff768d18000-7ff768d1c000 ---p 00000000 00:00 0 
7ff768d1c000-7ff768e18000 rw-p 00000000 00:00 0 
7ff768e18000-7ff768e1c000 ---p 00000000 00:00 0 
7ff768e1c000-7ff768f18000 rw-p 00000000 00:00 0 
7ff768f18000-7ff768f1c000 ---p 00000000 00:00 0 
7ff768f1c000-7ff769118000 rw-p 00000000 00:00 0 
7ff769118000-7ff76911c000 ---p 00000000 00:00 0 
7ff76911c000-7ff769318000 rw-p 00000000 00:00 0 
7ff769318000-7ff76931c000 ---p 00000000 00:00 0 
7ff76931c000-7ff769418000 rw-p 00000000 00:00 0 
7ff769418000-7ff76941c000 ---p 00000000 00:00 0 
7ff76941c000-7ff769518000 rw-p 00000000 00:00 0 
7ff769518000-7ff76951c000 ---p 00000000 00:00 0 
7ff76951c000-7ff769618000 rw-p 00000000 00:00 0 
7ff769618000-7ff7698fe000 r--p 00000000 00:16b7 28444448                 /usr/lib/locale/locale-archive
7ff7698fe000-7ff769902000 ---p 00000000 00:00 0 
7ff769902000-7ff7699fe000 rw-p 00000000 00:00 0 
7ff7699fe000-7ff769a02000 ---p 00000000 00:00 0 
7ff769a02000-7ff769afe000 rw-p 00000000 00:00 0 
7ff769afe000-7ff769aff000 ---p 00000000 00:00 0 
7ff769aff000-7ff76a000000 rw-p 00000000 00:00 0 
7ff76a000000-7ff76a300000 rw-p 00000000 00:00 0 
7ff76a300000-7ff76a400000 rw-p 00000000 00:00 0 
7ff76a46a000-7ff76a46e000 ---p 00000000 00:00 0 
7ff76a46e000-7ff76a48c000 rw-p 00000000 00:00 0 
7ff76a48c000-7ff76a493000 r-xp 00000000 00:16c7 4611686019135192580      /nix/store/gpxl5qgg8kicmcvivwmybwjlpf7wh20l-graalvm17-ce-22.3.0/lib/libzip.so
7ff76a493000-7ff76a494000 ---p 00007000 00:16c7 4611686019135192580      /nix/store/gpxl5qgg8kicmcvivwmybwjlpf7wh20l-graalvm17-ce-22.3.0/lib/libzip.so
7ff76a494000-7ff76a495000 r--p 00007000 00:16c7 4611686019135192580      /nix/store/gpxl5qgg8kicmcvivwmybwjlpf7wh20l-graalvm17-ce-22.3.0/lib/libzip.so
7ff76a495000-7ff76a496000 rw-p 00008000 00:16c7 4611686019135192580      /nix/store/gpxl5qgg8kicmcvivwmybwjlpf7wh20l-graalvm17-ce-22.3.0/lib/libzip.so
7ff76a496000-7ff76a498000 rw-p 0000b000 00:16c7 4611686019135192580      /nix/store/gpxl5qgg8kicmcvivwmybwjlpf7wh20l-graalvm17-ce-22.3.0/lib/libzip.so
7ff76a498000-7ff76a4ad000 r-xp 00000000 00:16c7 4611686019135192570      /nix/store/gpxl5qgg8kicmcvivwmybwjlpf7wh20l-graalvm17-ce-22.3.0/lib/libnet.so
7ff76a4ad000-7ff76a4ae000 ---p 00015000 00:16c7 4611686019135192570      /nix/store/gpxl5qgg8kicmcvivwmybwjlpf7wh20l-graalvm17-ce-22.3.0/lib/libnet.so
7ff76a4ae000-7ff76a4af000 r--p 00015000 00:16c7 4611686019135192570      /nix/store/gpxl5qgg8kicmcvivwmybwjlpf7wh20l-graalvm17-ce-22.3.0/lib/libnet.so
7ff76a4af000-7ff76a4b0000 rw-p 00016000 00:16c7 4611686019135192570      /nix/store/gpxl5qgg8kicmcvivwmybwjlpf7wh20l-graalvm17-ce-22.3.0/lib/libnet.so
7ff76a4b0000-7ff76a4b3000 rw-p 0001b000 00:16c7 4611686019135192570      /nix/store/gpxl5qgg8kicmcvivwmybwjlpf7wh20l-graalvm17-ce-22.3.0/lib/libnet.so
7ff76a4b3000-7ff76b4b3000 rw-p 00000000 00:00 0 
7ff76b4b3000-7ff76b723000 rwxp 00000000 00:00 0 
7ff76b723000-7ff76ba42000 ---p 00000000 00:00 0 
7ff76ba42000-7ff76cb32000 rwxp 00000000 00:00 0 
7ff76cb32000-7ff772f7a000 ---p 00000000 00:00 0 
7ff772f7a000-7ff7731ea000 rwxp 00000000 00:00 0 
7ff7731ea000-7ff77a4b3000 ---p 00000000 00:00 0 
7ff77a4b3000-7ff784000000 r--s 00000000 00:16c7 4611686019135192581      /nix/store/gpxl5qgg8kicmcvivwmybwjlpf7wh20l-graalvm17-ce-22.3.0/lib/modules
7ff784000000-7ff784633000 rw-p 00000000 00:00 0 
7ff784633000-7ff788000000 ---p 00000000 00:00 0 
7ff788006000-7ff788008000 r-xp 00000000 00:16c7 4611686019135190017      /nix/store/gpxl5qgg8kicmcvivwmybwjlpf7wh20l-graalvm17-ce-22.3.0/lib/libextnet.so
7ff788008000-7ff788009000 r--p 00001000 00:16c7 4611686019135190017      /nix/store/gpxl5qgg8kicmcvivwmybwjlpf7wh20l-graalvm17-ce-22.3.0/lib/libextnet.so
7ff788009000-7ff78800a000 rw-p 00002000 00:16c7 4611686019135190017      /nix/store/gpxl5qgg8kicmcvivwmybwjlpf7wh20l-graalvm17-ce-22.3.0/lib/libextnet.so
7ff78800a000-7ff78800b000 rw-p 00004000 00:16c7 4611686019135190017      /nix/store/gpxl5qgg8kicmcvivwmybwjlpf7wh20l-graalvm17-ce-22.3.0/lib/libextnet.so
7ff78800b000-7ff78801e000 r-xp 00000000 00:16c7 4611686019135192571      /nix/store/gpxl5qgg8kicmcvivwmybwjlpf7wh20l-graalvm17-ce-22.3.0/lib/libnio.so
7ff78801e000-7ff78801f000 r--p 00012000 00:16c7 4611686019135192571      /nix/store/gpxl5qgg8kicmcvivwmybwjlpf7wh20l-graalvm17-ce-22.3.0/lib/libnio.so
7ff78801f000-7ff788020000 rw-p 00013000 00:16c7 4611686019135192571      /nix/store/gpxl5qgg8kicmcvivwmybwjlpf7wh20l-graalvm17-ce-22.3.0/lib/libnio.so
7ff788020000-7ff788025000 rw-p 00019000 00:16c7 4611686019135192571      /nix/store/gpxl5qgg8kicmcvivwmybwjlpf7wh20l-graalvm17-ce-22.3.0/lib/libnio.so
7ff788025000-7ff7880f3000 r-xp 00000000 00:16c7 4611686019135190036      /nix/store/gpxl5qgg8kicmcvivwmybwjlpf7wh20l-graalvm17-ce-22.3.0/lib/libjsvml.so
7ff7880f3000-7ff7880f4000 r--p 000cd000 00:16c7 4611686019135190036      /nix/store/gpxl5qgg8kicmcvivwmybwjlpf7wh20l-graalvm17-ce-22.3.0/lib/libjsvml.so
7ff7880f4000-7ff7880f5000 rw-p 000ce000 00:16c7 4611686019135190036      /nix/store/gpxl5qgg8kicmcvivwmybwjlpf7wh20l-graalvm17-ce-22.3.0/lib/libjsvml.so
7ff7880f5000-7ff7889cd000 rw-p 00000000 00:00 0 
7ff7889cd000-7ff7889ce000 ---p 00000000 00:00 0 
7ff7889ce000-7ff788b79000 rw-p 00000000 00:00 0 
7ff788b79000-7ff788b89000 rw-p 00000000 00:00 0 
7ff788b89000-7ff788bcf000 ---p 00000000 00:00 0 
7ff788bcf000-7ff788bd5000 rw-p 00000000 00:00 0 
7ff788bd5000-7ff788cbb000 ---p 00000000 00:00 0 
7ff788cbb000-7ff788cdd000 rw-p 00000000 00:00 0 
7ff788cdd000-7ff788da6000 ---p 00000000 00:00 0 
7ff788da6000-7ff788dab000 rw-p 00000000 00:00 0 
7ff788dab000-7ff788db2000 ---p 00000000 00:00 0 
7ff788db2000-7ff788dd6000 r-xp 00000000 00:16c7 4611686019135190028      /nix/store/gpxl5qgg8kicmcvivwmybwjlpf7wh20l-graalvm17-ce-22.3.0/lib/libjava.so
7ff788dd6000-7ff788dd7000 ---p 00024000 00:16c7 4611686019135190028      /nix/store/gpxl5qgg8kicmcvivwmybwjlpf7wh20l-graalvm17-ce-22.3.0/lib/libjava.so
7ff788dd7000-7ff788dd8000 r--p 00024000 00:16c7 4611686019135190028      /nix/store/gpxl5qgg8kicmcvivwmybwjlpf7wh20l-graalvm17-ce-22.3.0/lib/libjava.so
7ff788dd8000-7ff788dd9000 rw-p 00025000 00:16c7 4611686019135190028      /nix/store/gpxl5qgg8kicmcvivwmybwjlpf7wh20l-graalvm17-ce-22.3.0/lib/libjava.so
7ff788dd9000-7ff788dda000 rw-p 00000000 00:00 0 
7ff788dda000-7ff788de1000 rw-p 0002f000 00:16c7 4611686019135190028      /nix/store/gpxl5qgg8kicmcvivwmybwjlpf7wh20l-graalvm17-ce-22.3.0/lib/libjava.so
7ff788de1000-7ff788de9000 rw-s 00000000 00:266 350                       /tmp/hsperfdata_runner/20
7ff788de9000-7ff788dea000 ---p 00000000 00:00 0 
7ff788dea000-7ff788deb000 r--p 00000000 00:00 0 
7ff788deb000-7ff788dec000 rwxp 00000000 00:00 0 
7ff788dec000-7ff788e07000 r-xp 00000000 00:16c7 4611686019135190032      /nix/store/gpxl5qgg8kicmcvivwmybwjlpf7wh20l-graalvm17-ce-22.3.0/lib/libjimage.so
7ff788e07000-7ff788e08000 ---p 0001b000 00:16c7 4611686019135190032      /nix/store/gpxl5qgg8kicmcvivwmybwjlpf7wh20l-graalvm17-ce-22.3.0/lib/libjimage.so
7ff788e08000-7ff788e0a000 r--p 0001b000 00:16c7 4611686019135190032      /nix/store/gpxl5qgg8kicmcvivwmybwjlpf7wh20l-graalvm17-ce-22.3.0/lib/libjimage.so
7ff788e0a000-7ff788e0b000 rw-p 0001d000 00:16c7 4611686019135190032      /nix/store/gpxl5qgg8kicmcvivwmybwjlpf7wh20l-graalvm17-ce-22.3.0/lib/libjimage.so
7ff788e0b000-7ff788e0c000 rw-p 00024000 00:16c7 4611686019135190032      /nix/store/gpxl5qgg8kicmcvivwmybwjlpf7wh20l-graalvm17-ce-22.3.0/lib/libjimage.so
7ff788e0c000-7ff788e10000 ---p 00000000 00:00 0 
7ff788e10000-7ff788f0c000 rw-p 00000000 00:00 0 
7ff788f0c000-7ff788f1a000 r--p 00000000 00:16c7 4611686019027979927      /nix/store/4nlgxhb09sdr51nc9hdm8az5b08vzkgx-glibc-2.35-163/lib/libm.so.6
7ff788f1a000-7ff788f8d000 r-xp 0000e000 00:16c7 4611686019027979927      /nix/store/4nlgxhb09sdr51nc9hdm8az5b08vzkgx-glibc-2.35-163/lib/libm.so.6
7ff788f8d000-7ff788fea000 r--p 00081000 00:16c7 4611686019027979927      /nix/store/4nlgxhb09sdr51nc9hdm8az5b08vzkgx-glibc-2.35-163/lib/libm.so.6
7ff788fea000-7ff788feb000 r--p 000dd000 00:16c7 4611686019027979927      /nix/store/4nlgxhb09sdr51nc9hdm8az5b08vzkgx-glibc-2.35-163/lib/libm.so.6
7ff788feb000-7ff788fec000 rw-p 000de000 00:16c7 4611686019027979927      /nix/store/4nlgxhb09sdr51nc9hdm8az5b08vzkgx-glibc-2.35-163/lib/libm.so.6
7ff788fec000-7ff788fed000 r--p 00000000 00:16c7 4611686019027979946      /nix/store/4nlgxhb09sdr51nc9hdm8az5b08vzkgx-glibc-2.35-163/lib/librt.so.1
7ff788fed000-7ff788fee000 r-xp 00001000 00:16c7 4611686019027979946      /nix/store/4nlgxhb09sdr51nc9hdm8az5b08vzkgx-glibc-2.35-163/lib/librt.so.1
7ff788fee000-7ff788fef000 r--p 00002000 00:16c7 4611686019027979946      /nix/store/4nlgxhb09sdr51nc9hdm8az5b08vzkgx-glibc-2.35-163/lib/librt.so.1
7ff788fef000-7ff788ff0000 r--p 00002000 00:16c7 4611686019027979946      /nix/store/4nlgxhb09sdr51nc9hdm8az5b08vzkgx-glibc-2.35-163/lib/librt.so.1
7ff788ff0000-7ff788ff1000 rw-p 00003000 00:16c7 4611686019027979946      /nix/store/4nlgxhb09sdr51nc9hdm8az5b08vzkgx-glibc-2.35-163/lib/librt.so.1
7ff788ff1000-7ff78a104000 r-xp 00000000 00:16c7 4611686019135360866      /nix/store/gpxl5qgg8kicmcvivwmybwjlpf7wh20l-graalvm17-ce-22.3.0/lib/server/libjvm.so
7ff78a104000-7ff78a105000 ---p 01113000 00:16c7 4611686019135360866      /nix/store/gpxl5qgg8kicmcvivwmybwjlpf7wh20l-graalvm17-ce-22.3.0/lib/server/libjvm.so
7ff78a105000-7ff78a1ba000 r--p 01113000 00:16c7 4611686019135360866      /nix/store/gpxl5qgg8kicmcvivwmybwjlpf7wh20l-graalvm17-ce-22.3.0/lib/server/libjvm.so
7ff78a1ba000-7ff78a1ee000 rw-p 011c8000 00:16c7 4611686019135360866      /nix/store/gpxl5qgg8kicmcvivwmybwjlpf7wh20l-graalvm17-ce-22.3.0/lib/server/libjvm.so
7ff78a1ee000-7ff78a24a000 rw-p 00000000 00:00 0 
7ff78a24a000-7ff78a272000 r--p 00000000 00:16c7 4611686019027979918      /nix/store/4nlgxhb09sdr51nc9hdm8az5b08vzkgx-glibc-2.35-163/lib/libc.so.6
7ff78a272000-7ff78a3e8000 r-xp 00028000 00:16c7 4611686019027979918      /nix/store/4nlgxhb09sdr51nc9hdm8az5b08vzkgx-glibc-2.35-163/lib/libc.so.6
7ff78a3e8000-7ff78a440000 r--p 0019e000 00:16c7 4611686019027979918      /nix/store/4nlgxhb09sdr51nc9hdm8az5b08vzkgx-glibc-2.35-163/lib/libc.so.6
7ff78a440000-7ff78a444000 r--p 001f6000 00:16c7 4611686019027979918      /nix/store/4nlgxhb09sdr51nc9hdm8az5b08vzkgx-glibc-2.35-163/lib/libc.so.6
7ff78a444000-7ff78a446000 rw-p 001fa000 00:16c7 4611686019027979918      /nix/store/4nlgxhb09sdr51nc9hdm8az5b08vzkgx-glibc-2.35-163/lib/libc.so.6
7ff78a446000-7ff78a455000 rw-p 00000000 00:00 0 
7ff78a455000-7ff78a456000 r--p 00000000 00:16c7 4611686019027979923      /nix/store/4nlgxhb09sdr51nc9hdm8az5b08vzkgx-glibc-2.35-163/lib/libdl.so.2
7ff78a456000-7ff78a457000 r-xp 00001000 00:16c7 4611686019027979923      /nix/store/4nlgxhb09sdr51nc9hdm8az5b08vzkgx-glibc-2.35-163/lib/libdl.so.2
7ff78a457000-7ff78a458000 r--p 00002000 00:16c7 4611686019027979923      /nix/store/4nlgxhb09sdr51nc9hdm8az5b08vzkgx-glibc-2.35-163/lib/libdl.so.2
7ff78a458000-7ff78a459000 r--p 00002000 00:16c7 4611686019027979923      /nix/store/4nlgxhb09sdr51nc9hdm8az5b08vzkgx-glibc-2.35-163/lib/libdl.so.2
7ff78a459000-7ff78a45a000 rw-p 00003000 00:16c7 4611686019027979923      /nix/store/4nlgxhb09sdr51nc9hdm8az5b08vzkgx-glibc-2.35-163/lib/libdl.so.2
7ff78a45a000-7ff78a45b000 r--p 00000000 00:16c7 4611686019027979942      /nix/store/4nlgxhb09sdr51nc9hdm8az5b08vzkgx-glibc-2.35-163/lib/libpthread.so.0
7ff78a45b000-7ff78a45c000 r-xp 00001000 00:16c7 4611686019027979942      /nix/store/4nlgxhb09sdr51nc9hdm8az5b08vzkgx-glibc-2.35-163/lib/libpthread.so.0
7ff78a45c000-7ff78a45d000 r--p 00002000 00:16c7 4611686019027979942      /nix/store/4nlgxhb09sdr51nc9hdm8az5b08vzkgx-glibc-2.35-163/lib/libpthread.so.0
7ff78a45d000-7ff78a45e000 r--p 00002000 00:16c7 4611686019027979942      /nix/store/4nlgxhb09sdr51nc9hdm8az5b08vzkgx-glibc-2.35-163/lib/libpthread.so.0
7ff78a45e000-7ff78a45f000 rw-p 00003000 00:16c7 4611686019027979942      /nix/store/4nlgxhb09sdr51nc9hdm8az5b08vzkgx-glibc-2.35-163/lib/libpthread.so.0
7ff78a45f000-7ff78a46d000 r-xp 00000000 00:16c7 4611686019135190033      /nix/store/gpxl5qgg8kicmcvivwmybwjlpf7wh20l-graalvm17-ce-22.3.0/lib/libjli.so
7ff78a46d000-7ff78a46e000 ---p 0000e000 00:16c7 4611686019135190033      /nix/store/gpxl5qgg8kicmcvivwmybwjlpf7wh20l-graalvm17-ce-22.3.0/lib/libjli.so
7ff78a46e000-7ff78a46f000 r--p 0000e000 00:16c7 4611686019135190033      /nix/store/gpxl5qgg8kicmcvivwmybwjlpf7wh20l-graalvm17-ce-22.3.0/lib/libjli.so
7ff78a46f000-7ff78a470000 rw-p 0000f000 00:16c7 4611686019135190033      /nix/store/gpxl5qgg8kicmcvivwmybwjlpf7wh20l-graalvm17-ce-22.3.0/lib/libjli.so
7ff78a470000-7ff78a471000 rw-p 00012000 00:16c7 4611686019135190033      /nix/store/gpxl5qgg8kicmcvivwmybwjlpf7wh20l-graalvm17-ce-22.3.0/lib/libjli.so
7ff78a471000-7ff78a474000 r--p 00000000 00:16c7 4611686019106210071      /nix/store/026hln0aq1hyshaxsdvhg0kmcm6yf45r-zlib-1.2.13/lib/libz.so.1.2.13
7ff78a474000-7ff78a486000 r-xp 00003000 00:16c7 4611686019106210071      /nix/store/026hln0aq1hyshaxsdvhg0kmcm6yf45r-zlib-1.2.13/lib/libz.so.1.2.13
7ff78a486000-7ff78a48d000 r--p 00015000 00:16c7 4611686019106210071      /nix/store/026hln0aq1hyshaxsdvhg0kmcm6yf45r-zlib-1.2.13/lib/libz.so.1.2.13
7ff78a48d000-7ff78a48e000 r--p 0001b000 00:16c7 4611686019106210071      /nix/store/026hln0aq1hyshaxsdvhg0kmcm6yf45r-zlib-1.2.13/lib/libz.so.1.2.13
7ff78a48e000-7ff78a48f000 rw-p 0001c000 00:16c7 4611686019106210071      /nix/store/026hln0aq1hyshaxsdvhg0kmcm6yf45r-zlib-1.2.13/lib/libz.so.1.2.13
7ff78a48f000-7ff78a491000 rw-p 00000000 00:00 0 
7ff78a491000-7ff78a493000 r--p 00000000 00:16c7 4611686019027979912      /nix/store/4nlgxhb09sdr51nc9hdm8az5b08vzkgx-glibc-2.35-163/lib/ld-linux-x86-64.so.2
7ff78a493000-7ff78a4ba000 r-xp 00002000 00:16c7 4611686019027979912      /nix/store/4nlgxhb09sdr51nc9hdm8az5b08vzkgx-glibc-2.35-163/lib/ld-linux-x86-64.so.2
7ff78a4ba000-7ff78a4c6000 r--p 00029000 00:16c7 4611686019027979912      /nix/store/4nlgxhb09sdr51nc9hdm8az5b08vzkgx-glibc-2.35-163/lib/ld-linux-x86-64.so.2
7ff78a4c6000-7ff78a4c8000 r--p 00034000 00:16c7 4611686019027979912      /nix/store/4nlgxhb09sdr51nc9hdm8az5b08vzkgx-glibc-2.35-163/lib/ld-linux-x86-64.so.2
7ff78a4c8000-7ff78a4ca000 rw-p 00036000 00:16c7 4611686019027979912      /nix/store/4nlgxhb09sdr51nc9hdm8az5b08vzkgx-glibc-2.35-163/lib/ld-linux-x86-64.so.2
7ffc6a85c000-7ffc6a880000 rw-p 00000000 00:00 0                          [stack]
7ffc6a93f000-7ffc6a943000 r--p 00000000 00:00 0                          [vvar]
7ffc6a943000-7ffc6a945000 r-xp 00000000 00:00 0                          [vdso]
ffffffffff600000-ffffffffff601000 --xp 00000000 00:00 0                  [vsyscall]


VM Arguments:
jvm_args: -XX:ThreadPriorityPolicy=1 -XX:+UnlockExperimentalVMOptions -XX:+EnableJVMCIProduct -XX:JVMCIThreadsPerNativeLibraryRuntime=1 -XX:-UnlockExperimentalVMOptions -Declipse.application=org.eclipse.jdt.ls.core.id1 -Dosgi.bundles.defaultStartLevel=4 -Declipse.product=org.eclipse.jdt.ls.core.product -Dlog.level=ALL -Xverify:none -XX:+UseParallelGC -XX:GCTimeRatio=4 -XX:AdaptiveSizePolicyWeight=90 -Dsun.zip.disableMemoryMapping=true -Xmx512m -Xms100m 
java_command: /nix/store/m6gcpi1ii6rghy04cjwjddcavv7i90df-jdt-language-server-1.9.0/share/java/plugins/org.eclipse.equinox.launcher_1.6.400.v20210924-0641.jar --add-modules=ALL-SYSTEM --add-opens java.base/java.util=ALL-UNNAMED --add-opens java.base/java.lang=ALL-UNNAMED -configuration /home/runner/.cache/jdt-language-server/config -data /home/runner/.cache/jdt-language-server/data/home/runner/Ship-Shape-V2
java_class_path (initial): /nix/store/m6gcpi1ii6rghy04cjwjddcavv7i90df-jdt-language-server-1.9.0/share/java/plugins/org.eclipse.equinox.launcher_1.6.400.v20210924-0641.jar
Launcher Type: SUN_STANDARD

[Global flags]
    uintx AdaptiveSizePolicyWeight                 = 90                                        {product} {command line}
     intx CICompilerCount                          = 2                                         {product} {ergonomic}
     bool EnableJVMCIProduct                       = true                                {JVMCI product} {jimage}
    uintx GCTimeRatio                              = 4                                         {product} {command line}
   size_t InitialHeapSize                          = 104857600                                 {product} {command line}
     uint JVMCIThreadsPerNativeLibraryRuntime      = 1                                   {JVMCI product} {jimage}
   size_t MaxHeapSize                              = 536870912                                 {product} {command line}
   size_t MaxNewSize                               = 178782208                                 {product} {ergonomic}
   size_t MinHeapDeltaBytes                        = 524288                                    {product} {ergonomic}
   size_t MinHeapSize                              = 104857600                                 {product} {command line}
   size_t NewSize                                  = 34603008                                  {product} {ergonomic}
    uintx NonNMethodCodeHeapSize                   = 5826188                                {pd product} {ergonomic}
    uintx NonProfiledCodeHeapSize                  = 122916026                              {pd product} {ergonomic}
   size_t OldSize                                  = 70254592                                  {product} {ergonomic}
    uintx ProfiledCodeHeapSize                     = 122916026                              {pd product} {ergonomic}
    uintx ReservedCodeCacheSize                    = 251658240                              {pd product} {ergonomic}
     bool SegmentedCodeCache                       = true                                      {product} {ergonomic}
   size_t SoftMaxHeapSize                          = 536870912                              {manageable} {ergonomic}
     intx ThreadPriorityPolicy                     = 1                                         {product} {jimage}
     bool UseCompressedClassPointers               = true                           {product lp64_product} {ergonomic}
     bool UseCompressedOops                        = true                           {product lp64_product} {ergonomic}
     bool UseParallelGC                            = true                                      {product} {command line}

Logging:
Log output configuration:
 #0: stdout all=warning uptime,level,tags
 #1: stderr all=off uptime,level,tags

Environment Variables:
JAVA_HOME=/nix/store/gpxl5qgg8kicmcvivwmybwjlpf7wh20l-graalvm17-ce-22.3.0
PATH=/nix/store/1d6ian3r8kdzspw8hacjhl3xkp40g1lj-binutils-wrapper-2.39/bin:/nix/store/dq0xwmsk1g0i2ayg6pb7y87na2knzylh-gcc-wrapper-11.3.0/bin:/nix/store/bap4d0lpcrhpwmpb8ayjcgkmvfj62lnq-bash-interactive-5.1-p16/bin:/nix/store/pr5n59mb4jzmfx6kanwxly0l07p861fg-patchelf-0.15.0/bin:/nix/store/1gf2flfqnpqbr1b4p4qz2f72y42bs56r-gcc-11.3.0/bin:/nix/store/57xv61c5zi8pphjbcwxxjlgc34p61ic9-glibc-2.35-163-bin/bin:/nix/store/a7gvj343m05j2s32xcnwr35v31ynlypr-coreutils-9.1/bin:/nix/store/039g378vc3pc3dvi9dzdlrd0i4q93qwf-binutils-2.39/bin:/nix/store/gpxl5qgg8kicmcvivwmybwjlpf7wh20l-graalvm17-ce-22.3.0/bin:/nix/store/6z9ag3ihc8mq2hzsw48lhbznvzny65nz-apache-maven-3.8.6/bin:/nix/store/m6gcpi1ii6rghy04cjwjddcavv7i90df-jdt-language-server-1.9.0/bin:/nix/store/84xs5alhs01zrbr4ywm05kxbjbp5590l-java-debug/bin:/nix/store/mydc6f4k2z73xlcz7ilif3v2lcaiqvza-findutils-4.9.0/bin:/nix/store/j9p3g8472iijd50vhdprx0nmk2fqn5gv-diffutils-3.8/bin:/nix/store/89zs7rms6x00xfq4dq6m7mjnhkr8a6r4-gnused-4.8/bin:/nix/store/86bp03jkmsl6f92w0yzg4s59g5mhxwmy-gnugrep-3.7/bin:/nix/store/hwcdqw4jrjnd37wxqgsd47hd0j8bnj09-gawk-5.1.1/bin:/nix/store/cfbhw8r8ags41vwqaz47r583d0p4h4a1-gnutar-1.34/bin:/nix/store/p3m1ndl1lapwrlh698bnb5lvvxh67378-gzip-1.12/bin:/nix/store/a8mhcagrsly7c7mpjrpsnaahk4aax056-bzip2-1.0.8-bin/bin:/nix/store/mblgz65m3zv9x548a3d5m96fj2pbwr09-gnumake-4.3/bin:/nix/store/dsd5gz46hdbdk2rfdimqddhq6m8m8fqs-bash-5.1-p16/bin:/nix/store/v7ljksji50mg3w61dykaa3n3y79n6nil-patch-2.7.6/bin:/nix/store/zlcnmqq14jz5x9439jf937mvayyl63da-xz-5.2.7-bin/bin:/nix/store/y6aj732zm9m87c82fpvf103a1xb22blp-file-5.43/bin:/nix/store/sgqd0ajghcv2axfl1lad0b1alyavp0dc-prybar-elisp-0.0.0-67f7a00/bin:/nix/store/p3hsvljpgs68jqwar41lc0jqhjj734lf-prybar-lua-0.0.0-67f7a00/bin:/nix/store/qzxs2gybds3s9kb1vkaflpgm2nwr85fh-prybar-python3-0.0.0-67f7a00/bin:/nix/store/km94z9mxp8w4m8gxxp5mbfpdf3nkfvd8-prybar-sqlite-0.0.0-67f7a00/bin:/nix/store/2pnc7b76asw0z59c4l6h6qy8arwqrii1-prybar-tcl-0.0.0-67f7a00/bin:/nix/store/hpbvrlwd5viqmvcaisb3x0118i913a9n-st
LD_LIBRARY_PATH=/nix/store/a4pff549sk2idnkpzk5nsfps3mdkdnvm-cups-2.4.2-lib/lib:/nix/store/72mqxxhh3cy5yifh92wh2yb8cl2hikyy-cairo-1.16.0/lib:/nix/store/2k366jrbsra97gjfxwvrhvixjfxdach5-glib-2.74.1/lib:/nix/store/2j2znigd8ak37rlwh9khz0ry3clqlw1l-gtk+3-3.24.34/lib:/nix/store/hisqvx32cd57apbpcsnkpx6k3549wql1-libglvnd-1.4.0/lib:/nix/store/p36pgcv991mq5srvg765b78yqpxvk3qs-mesa-21.3.3-drivers/lib:/nix/store/mav4251if1ahjq5vkpwycyyvnmy459c4-pulseaudio-14.2/lib
DISPLAY=:0
LANG=en_US.UTF-8

Signal Handlers:
   SIGSEGV: crash_handler in libjvm.so, mask=11100100010111111101111111111110, flags=SA_RESTART|SA_SIGINFO
    SIGBUS: crash_handler in libjvm.so, mask=11100100010111111101111111111110, flags=SA_RESTART|SA_SIGINFO
    SIGFPE: crash_handler in libjvm.so, mask=11100100010111111101111111111110, flags=SA_RESTART|SA_SIGINFO
   SIGPIPE: IsolateEnterStub_IgnoreSIGPIPEStartupHook_noopSignalHandler_8f19bff2f35b5f630d83b364d6b2339320d4ec70_216e8361c6bc87a8f89f58cc10d3b2fd4415bf87 in libjvmcicompiler.so, mask=00000000000000000000000000000000, flags=SA_RESTART
  *** Handler was modified!
  *** Expected: javaSignalHandler in libjvm.so, mask=11100100110111111111111111111110, flags=SA_RESTART|SA_SIGINFO
   SIGXFSZ: javaSignalHandler in libjvm.so, mask=11100100010111111101111111111110, flags=SA_RESTART|SA_SIGINFO
    SIGILL: crash_handler in libjvm.so, mask=11100100010111111101111111111110, flags=SA_RESTART|SA_SIGINFO
   SIGUSR2: SR_handler in libjvm.so, mask=00000000000000000000000000000000, flags=SA_RESTART|SA_SIGINFO
    SIGHUP: UserHandler in libjvm.so, mask=11100100010111111101111111111110, flags=SA_RESTART|SA_SIGINFO
    SIGINT: UserHandler in libjvm.so, mask=11100100010111111101111111111110, flags=SA_RESTART|SA_SIGINFO
   SIGTERM: UserHandler in libjvm.so, mask=11100100010111111101111111111110, flags=SA_RESTART|SA_SIGINFO
   SIGQUIT: UserHandler in libjvm.so, mask=11100100010111111101111111111110, flags=SA_RESTART|SA_SIGINFO
  *** Handler was modified!
  *** Expected: javaSignalHandler in libjvm.so, mask=11100100110111111111111111111110, flags=SA_RESTART|SA_SIGINFO
   SIGTRAP: crash_handler in libjvm.so, mask=11100100010111111101111111111110, flags=SA_RESTART|SA_SIGINFO


---------------  S Y S T E M  ---------------

OS:
DISTRIB_ID=Ubuntu
DISTRIB_RELEASE=20.04
DISTRIB_CODENAME=focal
DISTRIB_DESCRIPTION="Ubuntu 20.04.2 LTS"
uname: Linux 5.15.0-1029-gcp #36~20.04.1-Ubuntu SMP Tue Jan 24 16:54:15 UTC 2023 x86_64
OS uptime: 0 days 2:41 hours
libc: glibc 2.35 NPTL 2.35 
rlimit (soft/hard): STACK 8192k/infinity , CORE infinity/infinity , NPROC infinity/infinity , NOFILE 5242/5242 , AS infinity/infinity , CPU infinity/infinity , DATA infinity/infinity , FSIZE infinity/infinity , MEMLOCK 64k/64k
load average: 11.89 10.55 10.21

/proc/meminfo:
MemTotal:       65852724 kB
MemFree:        32678908 kB
MemAvailable:   51583064 kB
Buffers:         1307984 kB
Cached:         16770004 kB
SwapCached:            0 kB
Active:          6526976 kB
Inactive:       23404912 kB
Active(anon):      13592 kB
Inactive(anon): 11524752 kB
Active(file):    6513384 kB
Inactive(file): 11880160 kB
Unevictable:       42036 kB
Mlocked:           42036 kB
SwapTotal:             0 kB
SwapFree:              0 kB
Dirty:             27364 kB
Writeback:           208 kB
AnonPages:      11324716 kB
Mapped:          1803860 kB
Shmem:             29044 kB
KReclaimable:    1237212 kB
Slab:            2302796 kB
SReclaimable:    1237212 kB
SUnreclaim:      1065584 kB
KernelStack:      390264 kB
PageTables:       131856 kB
NFS_Unstable:          0 kB
Bounce:                0 kB
WritebackTmp:          0 kB
CommitLimit:    32926360 kB
Committed_AS:   59669144 kB
VmallocTotal:   34359738367 kB
VmallocUsed:      424088 kB
VmallocChunk:          0 kB
Percpu:            49312 kB
HardwareCorrupted:     0 kB
AnonHugePages:    782336 kB
ShmemHugePages:        0 kB
ShmemPmdMapped:        0 kB
FileHugePages:         0 kB
FilePmdMapped:         0 kB
HugePages_Total:       0
HugePages_Free:        0
HugePages_Rsvd:        0
HugePages_Surp:        0
Hugepagesize:       2048 kB
Hugetlb:               0 kB
DirectMap4k:     3038016 kB
DirectMap2M:    34707456 kB
DirectMap1G:    31457280 kB

/sys/kernel/mm/transparent_hugepage/enabled: always [madvise] never
/sys/kernel/mm/transparent_hugepage/defrag (defrag/compaction efforts parameter): always defer defer+madvise [madvise] never

Process Memory:
Virtual Size: 4455512K (peak: 4493116K)
Resident Set Size: 720364K (peak: 756188K) (anon: 525228K, file: 195136K, shmem: 0K)
Swapped out: 0K
C-Heap outstanding allocations: 40993K, retained: 14299K
glibc malloc tunables: (default)

/proc/sys/kernel/threads-max (system-wide limit on the number of threads): 514406
/proc/sys/vm/max_map_count (maximum number of memory map areas a process may have): 65530
/proc/sys/kernel/pid_max (system-wide limit on number of process identifiers): 4194304

container (cgroup) information:
container_type: cgroupv1
cpu_cpuset_cpus: 2-7
cpu_memory_nodes: 0
active_processor_count: 1
cpu_quota: 50000
cpu_period: 100000
cpu_shares: 512
memory_limit_in_bytes: 1048576 k
memory_and_swap_limit_in_bytes: 1048576 k
memory_soft_limit_in_bytes: 524288 k
memory_usage_in_bytes: 555452 k
memory_max_usage_in_bytes: 594980 k
maximum number of tasks: 1000
current number of tasks: 45

KVM virtualization detected
Steal ticks since vm start: 0
Steal ticks percentage since vm start:  0.000

CPU: total 8 (initial active 1) (8 cores per cpu, 2 threads per core) family 23 model 49 stepping 0 microcode 0xffffffff, cx8, cmov, fxsr, ht, mmx, 3dnowpref, sse, sse2, sse3, ssse3, sse4a, sse4.1, sse4.2, popcnt, lzcnt, tsc, tscinvbit, avx, avx2, aes, clmul, bmi1, bmi2, adx, sha, fma, vzeroupper, clflush, clflushopt, hv
CPU Model and flags from /proc/cpuinfo:
model name	: AMD EPYC 7B12
flags		: fpu vme de pse tsc msr pae mce cx8 apic sep mtrr pge mca cmov pat pse36 clflush mmx fxsr sse sse2 ht syscall nx mmxext fxsr_opt pdpe1gb rdtscp lm constant_tsc rep_good nopl nonstop_tsc cpuid extd_apicid tsc_known_freq pni pclmulqdq ssse3 fma cx16 sse4_1 sse4_2 movbe popcnt aes xsave avx f16c rdrand hypervisor lahf_lm cmp_legacy cr8_legacy abm sse4a misalignsse 3dnowprefetch osvw topoext ssbd ibrs ibpb stibp vmmcall fsgsbase tsc_adjust bmi1 avx2 smep bmi2 rdseed adx smap clflushopt clwb sha_ni xsaveopt xsavec xgetbv1 clzero xsaveerptr arat npt nrip_save umip rdpid

Online cpus: 0-7
Offline cpus: 
BIOS frequency limitation: <Not Available>
Frequency switch latency (ns): <Not Available>
Available cpu frequencies: <Not Available>
Current governor: <Not Available>
Core performance/turbo boost: <Not Available>

Memory: 4k page, physical 1048576k(493112k free), swap 0k(0k free)
Page Sizes: 4k

vm_info: OpenJDK 64-Bit Server VM (17.0.5+8-jvmci-22.3-b08) for linux-amd64 JRE (17.0.5+8-jvmci-22.3-b08), built on Oct 19 2022 09:01:27 by "buildslave" with gcc 10.3.0

END.
