#
# A fatal error has been detected by the Java Runtime Environment:
#
#  Internal Error (jvmciRuntime.cpp:1609), pid=55, tid=69
#  fatal error: Fatal exception in JVMCI: Error calling jdk.vm.ci.services.Services.serializeSavedProperties
#
# JRE version: OpenJDK Runtime Environment GraalVM CE 22.3.0 (17.0.5+8) (build 17.0.5+8-jvmci-22.3-b08)
# Java VM: OpenJDK 64-Bit Server VM GraalVM CE 22.3.0 (17.0.5+8-jvmci-22.3-b08, mixed mode, sharing, tiered, jvmci, jvmci compiler, compressed oops, compressed class ptrs, parallel gc, linux-amd64)
# Problematic frame:
# V  [libjvm.so+0x972714]  JVMCIRuntime::fatal_exception(JVMCIEnv*, char const*)+0x74
#
# Core dump will be written. Default location: Core dumps may be processed with "/usr/share/apport/apport -p%p -s%s -c%c -d%d -P%P -u%u -g%g -- %E" (or dumping to /home/runner/Ship-Shape-V2/core.55)
#
# If you would like to submit a bug report, please visit:
#   https://github.com/oracle/graal/issues
#

---------------  S U M M A R Y ------------

Command Line: -XX:ThreadPriorityPolicy=1 -XX:+UnlockExperimentalVMOptions -XX:+EnableJVMCIProduct -XX:JVMCIThreadsPerNativeLibraryRuntime=1 -XX:-UnlockExperimentalVMOptions -Declipse.application=org.eclipse.jdt.ls.core.id1 -Dosgi.bundles.defaultStartLevel=4 -Declipse.product=org.eclipse.jdt.ls.core.product -Dlog.level=ALL -Xverify:none -XX:+UseParallelGC -XX:GCTimeRatio=4 -XX:AdaptiveSizePolicyWeight=90 -Dsun.zip.disableMemoryMapping=true -Xmx512m -Xms100m /nix/store/m6gcpi1ii6rghy04cjwjddcavv7i90df-jdt-language-server-1.9.0/share/java/plugins/org.eclipse.equinox.launcher_1.6.400.v20210924-0641.jar --add-modules=ALL-SYSTEM --add-opens java.base/java.util=ALL-UNNAMED --add-opens java.base/java.lang=ALL-UNNAMED -configuration /home/runner/.cache/jdt-language-server/config -data /home/runner/.cache/jdt-language-server/data/home/runner/Ship-Shape-V2

Host: AMD EPYC 7B12, 8 cores, 1G, Ubuntu 20.04.2 LTS
Time: Thu Feb 23 19:20:30 2023 UTC elapsed time: 1562.299563 seconds (0d 0h 26m 2s)

---------------  T H R E A D  ---------------

Current thread (0x00007f85b40b21e0):  JavaThread "JVMCI-native CompilerThread0" daemon [_thread_in_vm, id=69, stack(0x00007f859aa00000,0x00007f859ac00000)]


Current CompileTask:
JVMCI-native:1562299 13524       4       org.eclipse.jdt.internal.core.JavaProject::equals (35 bytes)

Stack: [0x00007f859aa00000,0x00007f859ac00000],  sp=0x00007f859abfe380,  free space=2040k
Native frames: (J=compiled Java code, j=interpreted, Vv=VM code, C=native code)
V  [libjvm.so+0x972714]  JVMCIRuntime::fatal_exception(JVMCIEnv*, char const*)+0x74
V  [libjvm.so+0x93e2fe]  JVMCIEnv::copy_saved_properties()+0x14e
V  [libjvm.so+0x9732a9]  JVMCIRuntime::initialize(JVMCIEnv*)+0xb19
V  [libjvm.so+0x9738a2]  JVMCIRuntime::get_HotSpotJVMCIRuntime(JVMCIEnv*)+0x12
V  [libjvm.so+0x9749f2]  JVMCIRuntime::compile_method(JVMCIEnv*, JVMCICompiler*, methodHandle const&, int)+0xd2
V  [libjvm.so+0x5b0d20]  CompileBroker::invoke_compiler_on_method(CompileTask*)+0x1470
V  [libjvm.so+0x5b12e8]  CompileBroker::compiler_thread_loop()+0x528
V  [libjvm.so+0xd82460]  JavaThread::thread_main_inner()+0xd0
V  [libjvm.so+0xd85a40]  Thread::call_run()+0xc0
V  [libjvm.so+0xbdb1e1]  thread_native_entry(Thread*)+0xe1

Register to memory mapping:

RAX=0x00007f85ba7ed000 points into unknown readable memory: 0x0000000000000058 | 58 00 00 00 00 00 00 00
RBX=0x00007f85bb8e8398: <offset 0x0000000000ef5398> in /nix/store/gpxl5qgg8kicmcvivwmybwjlpf7wh20l-graalvm17-ce-22.3.0/lib/server/libjvm.so at 0x00007f85ba9f3000
RCX=0x00007f85bb8a01e8: <offset 0x0000000000ead1e8> in /nix/store/gpxl5qgg8kicmcvivwmybwjlpf7wh20l-graalvm17-ce-22.3.0/lib/server/libjvm.so at 0x00007f85ba9f3000
RDX=0x0000000000000649 is an unknown value
RSP=0x00007f859abfe380 is pointing into the stack for thread: 0x00007f85b40b21e0
RBP=0x00007f859abfe3a0 is pointing into the stack for thread: 0x00007f85b40b21e0
RSI=0x00007f85bb8e8c48: <offset 0x0000000000ef5c48> in /nix/store/gpxl5qgg8kicmcvivwmybwjlpf7wh20l-graalvm17-ce-22.3.0/lib/server/libjvm.so at 0x00007f85ba9f3000
RDI=0x00000000e0000000 is an oop: java.lang.String 
{0x00000000e0000000} - klass: 'java/lang/String'
 - string: "resolution"
R8 =0x00007f85bb8e8398: <offset 0x0000000000ef5398> in /nix/store/gpxl5qgg8kicmcvivwmybwjlpf7wh20l-graalvm17-ce-22.3.0/lib/server/libjvm.so at 0x00007f85ba9f3000
R9 =0x00007f859abfe330 is pointing into the stack for thread: 0x00007f85b40b21e0
R10=0x00007f859abff948 is pointing into the stack for thread: 0x00007f85b40b21e0
R11=0x0000000000000293 is an unknown value
R12=0x0 is NULL
R13=0x00007f85b40b21e0 is a thread
R14=0x00007f85b4000b80 points into unknown readable memory: 0x00007f85bbb19a38 | 38 9a b1 bb 85 7f 00 00
R15=0x00007f85bbc27e40: <offset 0x0000000001234e40> in /nix/store/gpxl5qgg8kicmcvivwmybwjlpf7wh20l-graalvm17-ce-22.3.0/lib/server/libjvm.so at 0x00007f85ba9f3000


Registers:
RAX=0x00007f85ba7ed000, RBX=0x00007f85bb8e8398, RCX=0x00007f85bb8a01e8, RDX=0x0000000000000649
RSP=0x00007f859abfe380, RBP=0x00007f859abfe3a0, RSI=0x00007f85bb8e8c48, RDI=0x00000000e0000000
R8 =0x00007f85bb8e8398, R9 =0x00007f859abfe330, R10=0x00007f859abff948, R11=0x0000000000000293
R12=0x0000000000000000, R13=0x00007f85b40b21e0, R14=0x00007f85b4000b80, R15=0x00007f85bbc27e40
RIP=0x00007f85bb365714, EFLAGS=0x0000000000010206, CSGSFS=0x002b000000000033, ERR=0x0000000000000006
  TRAPNO=0x000000000000000e

Top of Stack: (sp=0x00007f859abfe380)
0x00007f859abfe380:   00007f859abfe940 00007f85b40b21e0
0x00007f859abfe390:   00007f85b917e8c8 0000000800c409d8
0x00007f859abfe3a0:   00007f859abfe500 00007f85bb3312fe
0x00007f859abfe3b0:   00007f859abfe3e0 00007f859abfe440 

Instructions: (pc=0x00007f85bb365714)
0x00007f85bb365614:   30 e8 f6 cf e8 ff 4c 89 e7 e8 2e 48 d1 ff 84 db
0x00007f85bb365624:   75 2a 4d 85 ed 74 04 4d 8b 6d 00 48 83 c4 08 44
0x00007f85bb365634:   89 f9 4c 89 f2 4c 89 ee 5b 4c 89 e7 41 5c 41 5d
0x00007f85bb365644:   41 5e 41 5f 5d e9 e2 47 d1 ff 66 90 48 83 c4 08
0x00007f85bb365654:   5b 41 5c 41 5d 41 5e 41 5f 5d c3 90 31 d2 be 08
0x00007f85bb365664:   00 00 00 4c 89 ff e8 b1 78 a3 ff 49 89 c5 e9 37
0x00007f85bb365674:   ff ff ff 66 0f 1f 84 00 00 00 00 00 48 8b 7a 08
0x00007f85bb365684:   e9 6d ff ff ff 0f 1f 80 00 00 00 00 e8 5b 48 0a
0x00007f85bb365694:   00 84 c0 75 89 e9 6a ff ff ff 66 90 55 48 89 e5
0x00007f85bb3656a4:   41 56 41 55 41 54 49 89 fc 53 48 89 f3 66 48 8d
0x00007f85bb3656b4:   3d 27 5e 85 00 66 66 48 e8 df 43 8d ff 4c 8b 28
0x00007f85bb3656c4:   8b 05 be 72 8a 00 85 c0 75 14 ba 01 00 00 00 48
0x00007f85bb3656d4:   8d 0d ae 72 8a 00 f0 0f b1 11 85 c0 74 4e be c8
0x00007f85bb3656e4:   00 00 00 4c 89 ef e8 01 0b 41 00 48 8d 05 12 ac
0x00007f85bb3656f4:   85 00 49 89 d8 48 8d 0d e8 aa 53 00 ba 49 06 00
0x00007f85bb365704:   00 48 8d 35 3c 35 58 00 bf 00 00 00 e0 48 8b 00
0x00007f85bb365714:   c6 00 58 31 c0 e8 e2 91 c6 ff 5b 41 5c 41 5d 41
0x00007f85bb365724:   5e 5d e9 55 34 26 00 0f 1f 44 00 00 48 8d 05 81
0x00007f85bb365734:   a3 8b 00 48 89 df 4c 8b 30 e8 9e 43 8d ff 48 89
0x00007f85bb365744:   de 48 89 c2 49 8b 06 4c 89 f7 ff 50 08 4c 89 f7
0x00007f85bb365754:   e8 a7 5c 27 00 4d 85 e4 74 12 be 01 00 00 00 4c
0x00007f85bb365764:   89 e7 e8 35 43 fc ff eb 82 0f 1f 00 be 01 00 00
0x00007f85bb365774:   00 4c 89 ef e8 d3 fd ff ff e9 6d ff ff ff 66 66
0x00007f85bb365784:   2e 0f 1f 84 00 00 00 00 00 0f 1f 00 55 48 89 e5
0x00007f85bb365794:   41 57 41 56 41 55 41 54 53 48 81 ec 08 02 00 00
0x00007f85bb3657a4:   64 48 8b 04 25 28 00 00 00 48 89 45 c8 8b 07 83
0x00007f85bb3657b4:   f8 02 0f 84 11 04 00 00 4c 8b 6f 18 49 89 ff 49
0x00007f85bb3657c4:   89 f4 4d 85 ed 74 14 4c 89 ef e8 5d 57 22 00 41
0x00007f85bb3657d4:   8b 07 83 f8 02 0f 84 19 04 00 00 48 8d 1d 9a 06
0x00007f85bb3657e4:   8a 00 4c 8d 35 0b 3c 58 00 eb 38 90 48 85 d2 7f
0x00007f85bb3657f4:   0d 48 8d 05 b4 c0 85 00 48 83 38 00 7e 0e 41 8b
0x00007f85bb365804:   77 2c 4c 89 f7 31 c0 e8 a0 b2 f7 ff 49 8b 7f 18 


Stack slot to memory mapping:
stack at sp + 0 slots: 0x00007f859abfe940 is pointing into the stack for thread: 0x00007f85b40b21e0
stack at sp + 1 slots: 0x00007f85b40b21e0 is a thread
stack at sp + 2 slots: 0x00007f85b917e8c8 points into unknown readable memory: 0x65730018e552ffff | ff ff 52 e5 18 00 73 65
stack at sp + 3 slots: 0x0000000800c409d8 is a pointer to class: 
jdk.vm.ci.services.Services {0x0000000800c409d8}
 - instance size:     2
 - klass size:        65
 - access:            public final synchronized 
 - state:             fully_initialized
 - name:              'jdk/vm/ci/services/Services'
 - super:             'java/lang/Object'
 - sub:               
 - arrays:            NULL
 - methods:           Array<T>(0x00007f859ac3e288)
 - method ordering:   Array<T>(0x0000000800928960)
 - default_methods:   Array<T>(0x0000000000000000)
 - local interfaces:  Array<T>(0x00000008005ce810)
 - trans. interfaces: Array<T>(0x00000008005ce810)
 - constants:         constant pool [427] {0x00007f859ac3d368} for 'jdk/vm/ci/services/Services' cache=0x00007f859ac3f558
 - class loader data:  loader data: 0x00007f85b40283f0 of 'bootstrap'
 - source file:       'Services.java'
 - class annotations:       Array<T>(0x0000000000000000)
 - class type annotations:  Array<T>(0x0000000000000000)
 - field annotations:       Array<T>(0x0000000000000000)
 - field type annotations:  Array<T>(0x0000000000000000)
 - inner classes:     Array<T>(0x00007f859ac3f528)
 - nest members:     Array<T>(0x00007f859ac3f548)
 - permitted subclasses:     Array<T>(0x00000008005ce7a0)
 - java mirror:       a 'java/lang/Class'{0x00000000e014ab38} = 'jdk/vm/ci/services/Services'
 - vtable length      5  (start addr: 0x0000000800c40ba8)
 - itable length      2 (start addr: 0x0000000800c40bd0)
 - ---- static fields (3 words):
 - public static final 'IS_BUILDING_NATIVE_IMAGE' 'Z' @128 
 - public static final 'IS_IN_NATIVE_IMAGE' 'Z' @129 
 - private static volatile 'savedProperties' 'Ljava/util/Map;' @112 
 - static final 'JVMCI_ENABLED' 'Z' @130 
 - private static final 'servicesCache' 'Ljava/util/Map;' @116 
 - private static final 'MAX_UNICODE_IN_UTF8_LENGTH' 'I' @120 
 - private static final 'MAX_UTF8_PROPERTY_STRING_LENGTH' 'I' @124 
 - ---- non-static fields (0 words):
 - non-static oop maps: 
stack at sp + 4 slots: 0x00007f859abfe500 is pointing into the stack for thread: 0x00007f85b40b21e0
stack at sp + 5 slots: 0x00007f85bb3312fe: <offset 0x000000000093e2fe> in /nix/store/gpxl5qgg8kicmcvivwmybwjlpf7wh20l-graalvm17-ce-22.3.0/lib/server/libjvm.so at 0x00007f85ba9f3000
stack at sp + 6 slots: 0x00007f859abfe3e0 is pointing into the stack for thread: 0x00007f85b40b21e0
stack at sp + 7 slots: 0x00007f859abfe440 is pointing into the stack for thread: 0x00007f85b40b21e0


---------------  P R O C E S S  ---------------

Threads class SMR info:
_java_thread_list=0x00007f852415afa0, length=51, elements={
0x00007f85b4026690, 0x00007f85b40a64d0, 0x00007f85b40a7910, 0x00007f85b40ae050,
0x00007f85b40af400, 0x00007f85b40b07f0, 0x00007f85b40b21e0, 0x00007f85b40b36f0,
0x00007f85b40b4750, 0x00007f85b40d7680, 0x00007f85b411f620, 0x00007f85b43031e0,
0x00007f85b4336110, 0x00007f85b4338850, 0x00007f85b45fda00, 0x00007f854801a780,
0x00007f85482a05b0, 0x00007f85485ef280, 0x00007f85b43e5340, 0x00007f85b43a7d00,
0x00007f8518000ff0, 0x00007f85340157e0, 0x00007f852419ce30, 0x00007f852419fbf0,
0x00007f85241a32e0, 0x00007f852419e9b0, 0x00007f85241a1d80, 0x00007f85241a2300,
0x00007f8530321e80, 0x00007f85241474a0, 0x00007f85240bee00, 0x00007f852414c7d0,
0x00007f852414d4f0, 0x00007f8524190960, 0x00007f8524162b80, 0x00007f8524164cd0,
0x00007f85302c3730, 0x00007f852418f480, 0x00007f8524177a90, 0x00007f8524165680,
0x00007f8524148e50, 0x00007f8524149e00, 0x00007f852414af50, 0x00007f852414bf20,
0x00007f852417d470, 0x00007f852417e160, 0x00007f8524180b00, 0x00007f85241810f0,
0x00007f852417b540, 0x00007f852417be20, 0x00007f852415a0a0
}

Java Threads: ( => current thread )
  0x00007f85b4026690 JavaThread "main" [_thread_blocked, id=61, stack(0x00007f85ba80e000,0x00007f85ba90e000)]
  0x00007f85b40a64d0 JavaThread "Reference Handler" daemon [_thread_blocked, id=64, stack(0x00007f85b8825000,0x00007f85b8925000)]
  0x00007f85b40a7910 JavaThread "Finalizer" daemon [_thread_blocked, id=65, stack(0x00007f85b8725000,0x00007f85b8825000)]
  0x00007f85b40ae050 JavaThread "Signal Dispatcher" daemon [_thread_blocked, id=66, stack(0x00007f85b833f000,0x00007f85b843f000)]
  0x00007f85b40af400 JavaThread "Service Thread" daemon [_thread_blocked, id=67, stack(0x00007f85b823f000,0x00007f85b833f000)]
  0x00007f85b40b07f0 JavaThread "Monitor Deflation Thread" daemon [_thread_blocked, id=68, stack(0x00007f85b813f000,0x00007f85b823f000)]
=>0x00007f85b40b21e0 JavaThread "JVMCI-native CompilerThread0" daemon [_thread_in_vm, id=69, stack(0x00007f859aa00000,0x00007f859ac00000)]
  0x00007f85b40b36f0 JavaThread "C1 CompilerThread0" daemon [_thread_blocked, id=70, stack(0x00007f859a800000,0x00007f859aa00000)]
  0x00007f85b40b4750 JavaThread "Sweeper thread" daemon [_thread_blocked, id=71, stack(0x00007f85b803f000,0x00007f85b813f000)]
  0x00007f85b40d7680 JavaThread "Common-Cleaner" daemon [_thread_blocked, id=72, stack(0x00007f859a700000,0x00007f859a800000)]
  0x00007f85b411f620 JavaThread "Notification Thread" daemon [_thread_blocked, id=73, stack(0x00007f859a600000,0x00007f859a700000)]
  0x00007f85b43031e0 JavaThread "Active Thread: Equinox Container: 4c32c8ce-13ae-4773-8c58-eebe9c6c9ee2" [_thread_blocked, id=78, stack(0x00007f8599200000,0x00007f8599300000)]
  0x00007f85b4336110 JavaThread "Framework Event Dispatcher: Equinox Container: 4c32c8ce-13ae-4773-8c58-eebe9c6c9ee2" daemon [_thread_blocked, id=79, stack(0x00007f8599000000,0x00007f8599100000)]
  0x00007f85b4338850 JavaThread "Start Level: Equinox Container: 4c32c8ce-13ae-4773-8c58-eebe9c6c9ee2" daemon [_thread_blocked, id=80, stack(0x00007f8598e00000,0x00007f8598f00000)]
  0x00007f85b45fda00 JavaThread "Refresh Thread: Equinox Container: 4c32c8ce-13ae-4773-8c58-eebe9c6c9ee2" daemon [_thread_blocked, id=82, stack(0x00007f8598c00000,0x00007f8598d00000)]
  0x00007f854801a780 JavaThread "SCR Component Actor" daemon [_thread_blocked, id=83, stack(0x00007f8598a00000,0x00007f8598b00000)]
  0x00007f85482a05b0 JavaThread "Worker-JM" [_thread_blocked, id=85, stack(0x00007f8598600000,0x00007f8598700000)]
  0x00007f85485ef280 JavaThread "Bundle File Closer" daemon [_thread_blocked, id=89, stack(0x00007f8561b00000,0x00007f8561c00000)]
  0x00007f85b43e5340 JavaThread "pool-3-thread-1" [_thread_blocked, id=90, stack(0x00007f8561900000,0x00007f8561a00000)]
  0x00007f85b43a7d00 JavaThread "pool-2-thread-1" [_thread_blocked, id=92, stack(0x00007f8561500000,0x00007f8561600000)]
  0x00007f8518000ff0 JavaThread "Worker-4: Java indexing... " [_thread_blocked, id=94, stack(0x00007f8561100000,0x00007f8561200000)]
  0x00007f85340157e0 JavaThread "Java indexing" daemon [_thread_blocked, id=102, stack(0x00007f8599100000,0x00007f8599200000)]
  0x00007f852419ce30 JavaThread "Thread-14" [_thread_blocked, id=119, stack(0x00007f8561700000,0x00007f8561800000)]
  0x00007f852419fbf0 JavaThread "Thread-16" [_thread_blocked, id=122, stack(0x00007f859a200000,0x00007f859a300000)]
  0x00007f85241a32e0 JavaThread "Thread-17" [_thread_blocked, id=123, stack(0x00007f8598000000,0x00007f8598100000)]
  0x00007f852419e9b0 JavaThread "Thread-19" [_thread_blocked, id=125, stack(0x00007f859a000000,0x00007f859a100000)]
  0x00007f85241a1d80 JavaThread "Thread-20" [_thread_blocked, id=126, stack(0x00007f8561300000,0x00007f8561400000)]
  0x00007f85241a2300 JavaThread "Thread-21" [_thread_blocked, id=127, stack(0x00007f859a3fe000,0x00007f859a4fe000)]
  0x00007f8530321e80 JavaThread "Worker-7: Compacting resource model" [_thread_blocked, id=129, stack(0x00007f8599f00000,0x00007f859a000000)]
  0x00007f85241474a0 JavaThread "Thread-25" [_thread_blocked, id=132, stack(0x00007f859a100000,0x00007f859a200000)]
  0x00007f85240bee00 JavaThread "Thread-26" [_thread_blocked, id=133, stack(0x00007f8599e00000,0x00007f8599f00000)]
  0x00007f852414c7d0 JavaThread "Thread-27" [_thread_blocked, id=134, stack(0x00007f8599d00000,0x00007f8599e00000)]
  0x00007f852414d4f0 JavaThread "Thread-28" [_thread_blocked, id=135, stack(0x00007f8599b00000,0x00007f8599c00000)]
  0x00007f8524190960 JavaThread "Thread-37" [_thread_blocked, id=148, stack(0x00007f8599900000,0x00007f8599a00000)]
  0x00007f8524162b80 JavaThread "Thread-39" [_thread_blocked, id=150, stack(0x00007f8599500000,0x00007f8599600000)]
  0x00007f8524164cd0 JavaThread "Thread-40" [_thread_blocked, id=151, stack(0x00007f8560f00000,0x00007f8561000000)]
  0x00007f85302c3730 JavaThread "Worker-8: Periodic workspace save." [_thread_blocked, id=155, stack(0x00007f8599700000,0x00007f8599800000)]
  0x00007f852418f480 JavaThread "Thread-47" [_thread_blocked, id=160, stack(0x00007f8599300000,0x00007f8599400000)]
  0x00007f8524177a90 JavaThread "Thread-49" [_thread_blocked, id=162, stack(0x00007f8599c00000,0x00007f8599d00000)]
  0x00007f8524165680 JavaThread "Thread-50" [_thread_blocked, id=163, stack(0x00007f8598d00000,0x00007f8598e00000)]
  0x00007f8524148e50 JavaThread "Thread-51" [_thread_blocked, id=164, stack(0x00007f8599a00000,0x00007f8599b00000)]
  0x00007f8524149e00 JavaThread "Thread-52" [_thread_blocked, id=165, stack(0x00007f8598b00000,0x00007f8598c00000)]
  0x00007f852414af50 JavaThread "Thread-53" [_thread_blocked, id=166, stack(0x00007f8598900000,0x00007f8598a00000)]
  0x00007f852414bf20 JavaThread "Thread-54" [_thread_blocked, id=167, stack(0x00007f8598700000,0x00007f8598800000)]
  0x00007f852417d470 JavaThread "Thread-55" [_thread_blocked, id=168, stack(0x00007f8598500000,0x00007f8598600000)]
  0x00007f852417e160 JavaThread "Thread-58" [_thread_blocked, id=233, stack(0x00007f8598800000,0x00007f8598900000)]
  0x00007f8524180b00 JavaThread "Thread-61" [_thread_blocked, id=236, stack(0x00007f8598f00000,0x00007f8599000000)]
  0x00007f85241810f0 JavaThread "Thread-62" [_thread_blocked, id=237, stack(0x00007f8599800000,0x00007f8599900000)]
  0x00007f852417b540 JavaThread "Thread-63" [_thread_blocked, id=238, stack(0x00007f8598200000,0x00007f8598300000)]
  0x00007f852417be20 JavaThread "Thread-64" [_thread_blocked, id=239, stack(0x00007f8598400000,0x00007f8598500000)]
  0x00007f852415a0a0 JavaThread "Thread-65" [_thread_blocked, id=271, stack(0x00007f8599600000,0x00007f8599700000)]

Other Threads:
  0x00007f85b40a1c10 VMThread "VM Thread" [stack: 0x00007f85b8927000,0x00007f85b8a27000] [id=63] _threads_hazard_ptr=0x00007f852415afa0
  0x00007f85b4120fc0 WatcherThread [stack: 0x00007f859a500000,0x00007f859a600000] [id=74]
  0x00007f85b403df30 GCTaskThread "GC Thread#0" [stack: 0x00007f85ba3d1000,0x00007f85ba4d1000] [id=62]

Threads with active compile tasks:
JVMCI-native CompilerThread0  1562605 13524       4       org.eclipse.jdt.internal.core.JavaProject::equals (35 bytes)

VM state: synchronizing (normal execution)

VM Mutex/Monitor currently owned by a thread:  ([mutex/lock_event])
[0x00007f85b4023840] Threads_lock - owner thread: 0x00007f85b40a1c10
[0x00007f85b4023ff0] Heap_lock - owner thread: 0x00007f85b43e5340

OutOfMemory and StackOverflow Exception counts:
OutOfMemoryError java_heap_errors=13
LinkageErrors=53

Heap address: 0x00000000e0000000, size: 512 MB, Compressed Oops mode: 32-bit

CDS archive(s) mapped at: [0x0000000800000000-0x0000000800bc8000-0x0000000800bc8000), size 12353536, SharedBaseAddress: 0x0000000800000000, ArchiveRelocationMode: 0.
Compressed class space mapped at: 0x0000000800c00000-0x0000000840c00000, reserved size: 1073741824
Narrow klass base: 0x0000000800000000, Narrow klass shift: 0, Narrow klass range: 0x100000000

GC Precious Log:
 CPUs: 8 total, 1 available
 Memory: 1024M
 Large Page Support: Disabled
 NUMA Support: Disabled
 Compressed Oops: Enabled (32-bit)
 Alignments: Space 512K, Generation 512K, Heap 2M
 Heap Min Capacity: 100M
 Heap Initial Capacity: 100M
 Heap Max Capacity: 512M
 Pre-touch: Disabled
 Parallel Workers: 1

Heap:
 PSYoungGen      total 64512K, used 37375K [0x00000000f5580000, 0x00000000fb080000, 0x0000000100000000)
  eden space 37376K, 99% used [0x00000000f5580000,0x00000000f79ffff8,0x00000000f7a00000)
  from space 27136K, 0% used [0x00000000f8280000,0x00000000f8280000,0x00000000f9d00000)
  to   space 12800K, 0% used [0x00000000fa400000,0x00000000fa400000,0x00000000fb080000)
 ParOldGen       total 349696K, used 349695K [0x00000000e0000000, 0x00000000f5580000, 0x00000000f5580000)
  object space 349696K, 99% used [0x00000000e0000000,0x00000000f557ffe8,0x00000000f5580000)
 Metaspace       used 64965K, committed 65856K, reserved 1114112K
  class space    used 6031K, committed 6464K, reserved 1048576K

Card table byte_map: [0x00007f85ba4d1000,0x00007f85ba5d2000] _byte_map_base: 0x00007f85b9dd1000

Marking Bits: (ParMarkBitMap*) 0x00007f85bbc214c0
 Begin Bits: [0x00007f85b9324000, 0x00007f85b9b24000)
 End Bits:   [0x00007f85b9b24000, 0x00007f85ba324000)

Polling page: 0x00007f85ba7eb000

Metaspace:

Usage:
  Non-class:     57.55 MB used.
      Class:      5.89 MB used.
       Both:     63.44 MB used.

Virtual space:
  Non-class space:       64.00 MB reserved,      58.00 MB ( 91%) committed,  8 nodes.
      Class space:        1.00 GB reserved,       6.31 MB ( <1%) committed,  1 nodes.
             Both:        1.06 GB reserved,      64.31 MB (  6%) committed. 

Chunk freelists:
   Non-Class:  1.20 MB
       Class:  1.74 MB
        Both:  2.95 MB

MaxMetaspaceSize: unlimited
CompressedClassSpaceSize: 1.00 GB
Initial GC threshold: 21.00 MB
Current GC threshold: 107.00 MB
CDS: on
MetaspaceReclaimPolicy: balanced
 - commit_granule_bytes: 65536.
 - commit_granule_words: 8192.
 - virtual_space_node_default_size: 1048576.
 - enlarge_chunks_in_place: 1.
 - new_chunks_are_fully_committed: 0.
 - uncommit_free_chunks: 1.
 - use_allocation_guard: 0.
 - handle_deallocations: 1.


Internal statistics:

num_allocs_failed_limit: 6.
num_arena_births: 408.
num_arena_deaths: 88.
num_vsnodes_births: 9.
num_vsnodes_deaths: 0.
num_space_committed: 1025.
num_space_uncommitted: 0.
num_chunks_returned_to_freelist: 123.
num_chunks_taken_from_freelist: 2909.
num_chunk_merges: 48.
num_chunk_splits: 1928.
num_chunks_enlarged: 1237.
num_purges: 6.
num_inconsistent_stats: 0.

CodeHeap 'non-profiled nmethods': size=120036Kb used=3486Kb max_used=3486Kb free=116549Kb
 bounds [0x00007f85a2f7a000, 0x00007f85a32ea000, 0x00007f85aa4b3000]
CodeHeap 'profiled nmethods': size=120032Kb used=22609Kb max_used=22609Kb free=97423Kb
 bounds [0x00007f859ba42000, 0x00007f859d062000, 0x00007f85a2f7a000]
CodeHeap 'non-nmethods': size=5692Kb used=1440Kb max_used=1449Kb free=4251Kb
 bounds [0x00007f859b4b3000, 0x00007f859b723000, 0x00007f859ba42000]
 total_blobs=9859 nmethods=9070 adapters=624
 compilation: enabled
              stopped_count=0, restarted_count=0
 full_count=0

JVMCI Events (20 events):
Event: 1380.220 Thread 0x00007f85b40b21e0 releasing handles for JVMCI runtime 0: oop handles=61, metadata handles={total=128, live=125, blocks=55}
Event: 1380.220 Thread 0x00007f85b40b21e0 detached from JVMCI runtime 0
Event: 1402.403 Thread 0x00007f85b40b21e0 attached to JVMCI runtime 0
Event: 1402.404 Thread 0x00007f85b40b21e0 created JavaVM[16]@0x00007f856099e340 for JVMCI runtime 0
Event: 1403.549 Thread 0x00007f85b40b21e0 initializing JVMCI runtime 0
Event: 1403.549 Thread 0x00007f85b40b21e0 done waiting for JavaVM references initialization in JVMCI runtime 0
Event: 1428.501 Thread 0x00007f85b40b21e0 initialized JVMCI runtime 0
Event: 1522.053 Thread 0x00007f85b40b21e0 compacted oop handles in JVMCI runtime 0 from 93 to 87
Event: 1523.511 Thread 0x00007f85b40b21e0 detaching from JVMCI runtime 0: releasing idle compiler thread (0 other threads still attached)
Event: 1523.511 Thread 0x00007f85b40b21e0 shutting down HotSpotJVMCIRuntime for JVMCI runtime 0
Event: 1526.342 Thread 0x00007f85b40b21e0 compacted oop handles in JVMCI runtime 0 from 87 to 79
Event: 1526.342 Thread 0x00007f85b40b21e0 shut down JVMCI runtime 0
Event: 1529.222 Thread 0x00007f85b40b21e0 destroyed JavaVM[16]@0x00007f856099e340 for JVMCI runtime 0
Event: 1529.222 Thread 0x00007f85b40b21e0 compacted oop handles in JVMCI runtime 0 from 79 to 79
Event: 1529.222 Thread 0x00007f85b40b21e0 releasing handles for JVMCI runtime 0: oop handles=79, metadata handles={total=160, live=136, blocks=55}
Event: 1529.222 Thread 0x00007f85b40b21e0 detached from JVMCI runtime 0
Event: 1536.210 Thread 0x00007f85b40b21e0 attached to JVMCI runtime 0
Event: 1536.212 Thread 0x00007f85b40b21e0 created JavaVM[17]@0x00007f856099e340 for JVMCI runtime 0
Event: 1539.113 Thread 0x00007f85b40b21e0 initializing JVMCI runtime 0
Event: 1539.113 Thread 0x00007f85b40b21e0 done waiting for JavaVM references initialization in JVMCI runtime 0

Compilation events (20 events):
Event: 1318.819 Thread 0x00007f85b40b36f0 nmethod 13514 0x00007f859d04fb10 code [0x00007f859d04fcc0, 0x00007f859d04fe60]
Event: 1325.051 Thread 0x00007f85b40b21e0 13515       4       org.eclipse.jdt.internal.compiler.lookup.PackageBinding::clearMissingTagBit (24 bytes)
Event: 1353.933 Thread 0x00007f85b40b36f0 13517       3       java.util.concurrent.CompletableFuture::newIncompleteFuture (8 bytes)
Event: 1355.333 Thread 0x00007f85b40b36f0 nmethod 13517 0x00007f859d04ff10 code [0x00007f859d0500c0, 0x00007f859d0502d0]
Event: 1368.832 Thread 0x00007f85b40b21e0 nmethod 13515 0x00007f85a32dce10 code [0x00007f85a32dcf80, 0x00007f85a32dd040]
Event: 1368.832 Thread 0x00007f85b40b21e0 13516       4       java.lang.String::replace (42 bytes)
Event: 1376.325 Thread 0x00007f85b40b21e0 nmethod 13516 0x00007f85a32dd110 code [0x00007f85a32dd2e0, 0x00007f85a32dd9c0]
Event: 1376.325 Thread 0x00007f85b40b21e0 13518       4       org.eclipse.jdt.internal.compiler.lookup.PackageBinding::addPackage (40 bytes)
Event: 1376.329 Thread 0x00007f85b40b21e0 nmethod 13518 0x00007f85a32ddd90 code [0x00007f85a32ddf20, 0x00007f85a32de0d0]
Event: 1380.220 Thread 0x00007f85b40b36f0 13519       3       org.eclipse.jdt.internal.core.util.Messages::bind (17 bytes)
Event: 1380.220 Thread 0x00007f85b40b36f0 nmethod 13519 0x00007f859d050390 code [0x00007f859d050580, 0x00007f859d050df0]
Event: 1402.403 Thread 0x00007f85b40b21e0 13520       4       org.eclipse.jdt.internal.compiler.lookup.ModuleBinding::getOrCreateDeclaredPackage (136 bytes)
Event: 1443.634 Thread 0x00007f85b40b36f0 13521  s    3       java.util.Properties::setProperty (7 bytes)
Event: 1444.946 Thread 0x00007f85b40b36f0 nmethod 13521 0x00007f859d051010 code [0x00007f859d0511c0, 0x00007f859d051580]
Event: 1478.705 Thread 0x00007f85b40b36f0 13522       1       org.eclipse.osgi.internal.location.BasicLocation::isReadOnly (5 bytes)
Event: 1478.705 Thread 0x00007f85b40b36f0 nmethod 13522 0x00007f85a32de290 code [0x00007f85a32de420, 0x00007f85a32de4f0]
Event: 1513.539 Thread 0x00007f85b40b36f0 13523 %     3       java.text.MessageFormat::applyPattern @ 34 (422 bytes)
Event: 1516.400 Thread 0x00007f85b40b36f0 nmethod 13523% 0x00007f859d051690 code [0x00007f859d051ba0, 0x00007f859d055460]
Event: 1522.053 Thread 0x00007f85b40b21e0 nmethod 13520 0x00007f85a32de590 code [0x00007f85a32de880, 0x00007f85a32e0848]
Event: 1536.210 Thread 0x00007f85b40b21e0 13524       4       org.eclipse.jdt.internal.core.JavaProject::equals (35 bytes)

GC Heap History (20 events):
Event: 1545.005 GC heap before
{Heap before GC invocations=978 (full 776):
 PSYoungGen      total 64512K, used 37375K [0x00000000f5580000, 0x00000000fb080000, 0x0000000100000000)
  eden space 37376K, 99% used [0x00000000f5580000,0x00000000f79ffff8,0x00000000f7a00000)
  from space 27136K, 0% used [0x00000000f8280000,0x00000000f8280000,0x00000000f9d00000)
  to   space 12800K, 0% used [0x00000000fa400000,0x00000000fa400000,0x00000000fb080000)
 ParOldGen       total 349696K, used 349695K [0x00000000e0000000, 0x00000000f5580000, 0x00000000f5580000)
  object space 349696K, 99% used [0x00000000e0000000,0x00000000f557fff0,0x00000000f5580000)
 Metaspace       used 64965K, committed 65856K, reserved 1114112K
  class space    used 6031K, committed 6464K, reserved 1048576K
}
Event: 1546.623 GC heap after
{Heap after GC invocations=978 (full 776):
 PSYoungGen      total 50176K, used 37375K [0x00000000f5580000, 0x00000000fb080000, 0x0000000100000000)
  eden space 37376K, 99% used [0x00000000f5580000,0x00000000f79ffff8,0x00000000f7a00000)
  from space 12800K, 0% used [0x00000000fa400000,0x00000000fa400000,0x00000000fb080000)
  to   space 27136K, 0% used [0x00000000f8280000,0x00000000f8280000,0x00000000f9d00000)
 ParOldGen       total 349696K, used 349695K [0x00000000e0000000, 0x00000000f5580000, 0x00000000f5580000)
  object space 349696K, 99% used [0x00000000e0000000,0x00000000f557fff0,0x00000000f5580000)
 Metaspace       used 64965K, committed 65856K, reserved 1114112K
  class space    used 6031K, committed 6464K, reserved 1048576K
}
Event: 1546.624 GC heap before
{Heap before GC invocations=979 (full 777):
 PSYoungGen      total 50176K, used 37375K [0x00000000f5580000, 0x00000000fb080000, 0x0000000100000000)
  eden space 37376K, 99% used [0x00000000f5580000,0x00000000f79ffff8,0x00000000f7a00000)
  from space 12800K, 0% used [0x00000000fa400000,0x00000000fa400000,0x00000000fb080000)
  to   space 27136K, 0% used [0x00000000f8280000,0x00000000f8280000,0x00000000f9d00000)
 ParOldGen       total 349696K, used 349695K [0x00000000e0000000, 0x00000000f5580000, 0x00000000f5580000)
  object space 349696K, 99% used [0x00000000e0000000,0x00000000f557fff0,0x00000000f5580000)
 Metaspace       used 64965K, committed 65856K, reserved 1114112K
  class space    used 6031K, committed 6464K, reserved 1048576K
}
Event: 1548.040 GC heap after
{Heap after GC invocations=979 (full 777):
 PSYoungGen      total 64512K, used 37375K [0x00000000f5580000, 0x00000000fb080000, 0x0000000100000000)
  eden space 37376K, 99% used [0x00000000f5580000,0x00000000f79ffff8,0x00000000f7a00000)
  from space 27136K, 0% used [0x00000000f8280000,0x00000000f8280000,0x00000000f9d00000)
  to   space 12800K, 0% used [0x00000000fa400000,0x00000000fa400000,0x00000000fb080000)
 ParOldGen       total 349696K, used 349695K [0x00000000e0000000, 0x00000000f5580000, 0x00000000f5580000)
  object space 349696K, 99% used [0x00000000e0000000,0x00000000f557fff0,0x00000000f5580000)
 Metaspace       used 64965K, committed 65856K, reserved 1114112K
  class space    used 6031K, committed 6464K, reserved 1048576K
}
Event: 1548.040 GC heap before
{Heap before GC invocations=980 (full 778):
 PSYoungGen      total 64512K, used 37375K [0x00000000f5580000, 0x00000000fb080000, 0x0000000100000000)
  eden space 37376K, 99% used [0x00000000f5580000,0x00000000f79ffff8,0x00000000f7a00000)
  from space 27136K, 0% used [0x00000000f8280000,0x00000000f8280000,0x00000000f9d00000)
  to   space 12800K, 0% used [0x00000000fa400000,0x00000000fa400000,0x00000000fb080000)
 ParOldGen       total 349696K, used 349695K [0x00000000e0000000, 0x00000000f5580000, 0x00000000f5580000)
  object space 349696K, 99% used [0x00000000e0000000,0x00000000f557fff0,0x00000000f5580000)
 Metaspace       used 64965K, committed 65856K, reserved 1114112K
  class space    used 6031K, committed 6464K, reserved 1048576K
}
Event: 1549.517 GC heap after
{Heap after GC invocations=980 (full 778):
 PSYoungGen      total 50176K, used 37375K [0x00000000f5580000, 0x00000000fb080000, 0x0000000100000000)
  eden space 37376K, 99% used [0x00000000f5580000,0x00000000f79ffff8,0x00000000f7a00000)
  from space 12800K, 0% used [0x00000000fa400000,0x00000000fa400000,0x00000000fb080000)
  to   space 27136K, 0% used [0x00000000f8280000,0x00000000f8280000,0x00000000f9d00000)
 ParOldGen       total 349696K, used 349695K [0x00000000e0000000, 0x00000000f5580000, 0x00000000f5580000)
  object space 349696K, 99% used [0x00000000e0000000,0x00000000f557fff0,0x00000000f5580000)
 Metaspace       used 64965K, committed 65856K, reserved 1114112K
  class space    used 6031K, committed 6464K, reserved 1048576K
}
Event: 1549.518 GC heap before
{Heap before GC invocations=981 (full 779):
 PSYoungGen      total 50176K, used 37375K [0x00000000f5580000, 0x00000000fb080000, 0x0000000100000000)
  eden space 37376K, 99% used [0x00000000f5580000,0x00000000f79ffff8,0x00000000f7a00000)
  from space 12800K, 0% used [0x00000000fa400000,0x00000000fa400000,0x00000000fb080000)
  to   space 27136K, 0% used [0x00000000f8280000,0x00000000f8280000,0x00000000f9d00000)
 ParOldGen       total 349696K, used 349695K [0x00000000e0000000, 0x00000000f5580000, 0x00000000f5580000)
  object space 349696K, 99% used [0x00000000e0000000,0x00000000f557fff0,0x00000000f5580000)
 Metaspace       used 64965K, committed 65856K, reserved 1114112K
  class space    used 6031K, committed 6464K, reserved 1048576K
}
Event: 1551.017 GC heap after
{Heap after GC invocations=981 (full 779):
 PSYoungGen      total 64512K, used 37375K [0x00000000f5580000, 0x00000000fb080000, 0x0000000100000000)
  eden space 37376K, 99% used [0x00000000f5580000,0x00000000f79ffff8,0x00000000f7a00000)
  from space 27136K, 0% used [0x00000000f8280000,0x00000000f8280000,0x00000000f9d00000)
  to   space 12800K, 0% used [0x00000000fa400000,0x00000000fa400000,0x00000000fb080000)
 ParOldGen       total 349696K, used 349695K [0x00000000e0000000, 0x00000000f5580000, 0x00000000f5580000)
  object space 349696K, 99% used [0x00000000e0000000,0x00000000f557fff0,0x00000000f5580000)
 Metaspace       used 64965K, committed 65856K, reserved 1114112K
  class space    used 6031K, committed 6464K, reserved 1048576K
}
Event: 1551.017 GC heap before
{Heap before GC invocations=982 (full 780):
 PSYoungGen      total 64512K, used 37375K [0x00000000f5580000, 0x00000000fb080000, 0x0000000100000000)
  eden space 37376K, 99% used [0x00000000f5580000,0x00000000f79ffff8,0x00000000f7a00000)
  from space 27136K, 0% used [0x00000000f8280000,0x00000000f8280000,0x00000000f9d00000)
  to   space 12800K, 0% used [0x00000000fa400000,0x00000000fa400000,0x00000000fb080000)
 ParOldGen       total 349696K, used 349695K [0x00000000e0000000, 0x00000000f5580000, 0x00000000f5580000)
  object space 349696K, 99% used [0x00000000e0000000,0x00000000f557fff0,0x00000000f5580000)
 Metaspace       used 64965K, committed 65856K, reserved 1114112K
  class space    used 6031K, committed 6464K, reserved 1048576K
}
Event: 1552.457 GC heap after
{Heap after GC invocations=982 (full 780):
 PSYoungGen      total 50176K, used 37375K [0x00000000f5580000, 0x00000000fb080000, 0x0000000100000000)
  eden space 37376K, 99% used [0x00000000f5580000,0x00000000f79ffff8,0x00000000f7a00000)
  from space 12800K, 0% used [0x00000000fa400000,0x00000000fa400000,0x00000000fb080000)
  to   space 27136K, 0% used [0x00000000f8280000,0x00000000f8280000,0x00000000f9d00000)
 ParOldGen       total 349696K, used 349695K [0x00000000e0000000, 0x00000000f5580000, 0x00000000f5580000)
  object space 349696K, 99% used [0x00000000e0000000,0x00000000f557fff0,0x00000000f5580000)
 Metaspace       used 64965K, committed 65856K, reserved 1114112K
  class space    used 6031K, committed 6464K, reserved 1048576K
}
Event: 1552.471 GC heap before
{Heap before GC invocations=983 (full 781):
 PSYoungGen      total 50176K, used 37375K [0x00000000f5580000, 0x00000000fb080000, 0x0000000100000000)
  eden space 37376K, 99% used [0x00000000f5580000,0x00000000f79ffff8,0x00000000f7a00000)
  from space 12800K, 0% used [0x00000000fa400000,0x00000000fa400000,0x00000000fb080000)
  to   space 27136K, 0% used [0x00000000f8280000,0x00000000f8280000,0x00000000f9d00000)
 ParOldGen       total 349696K, used 349695K [0x00000000e0000000, 0x00000000f5580000, 0x00000000f5580000)
  object space 349696K, 99% used [0x00000000e0000000,0x00000000f557fff0,0x00000000f5580000)
 Metaspace       used 64965K, committed 65856K, reserved 1114112K
  class space    used 6031K, committed 6464K, reserved 1048576K
}
Event: 1553.948 GC heap after
{Heap after GC invocations=983 (full 781):
 PSYoungGen      total 64512K, used 37375K [0x00000000f5580000, 0x00000000fb080000, 0x0000000100000000)
  eden space 37376K, 99% used [0x00000000f5580000,0x00000000f79ffff8,0x00000000f7a00000)
  from space 27136K, 0% used [0x00000000f8280000,0x00000000f8280000,0x00000000f9d00000)
  to   space 12800K, 0% used [0x00000000fa400000,0x00000000fa400000,0x00000000fb080000)
 ParOldGen       total 349696K, used 349695K [0x00000000e0000000, 0x00000000f5580000, 0x00000000f5580000)
  object space 349696K, 99% used [0x00000000e0000000,0x00000000f557fff0,0x00000000f5580000)
 Metaspace       used 64965K, committed 65856K, reserved 1114112K
  class space    used 6031K, committed 6464K, reserved 1048576K
}
Event: 1553.948 GC heap before
{Heap before GC invocations=984 (full 782):
 PSYoungGen      total 64512K, used 37375K [0x00000000f5580000, 0x00000000fb080000, 0x0000000100000000)
  eden space 37376K, 99% used [0x00000000f5580000,0x00000000f79ffff8,0x00000000f7a00000)
  from space 27136K, 0% used [0x00000000f8280000,0x00000000f8280000,0x00000000f9d00000)
  to   space 12800K, 0% used [0x00000000fa400000,0x00000000fa400000,0x00000000fb080000)
 ParOldGen       total 349696K, used 349695K [0x00000000e0000000, 0x00000000f5580000, 0x00000000f5580000)
  object space 349696K, 99% used [0x00000000e0000000,0x00000000f557fff0,0x00000000f5580000)
 Metaspace       used 64965K, committed 65856K, reserved 1114112K
  class space    used 6031K, committed 6464K, reserved 1048576K
}
Event: 1555.342 GC heap after
{Heap after GC invocations=984 (full 782):
 PSYoungGen      total 50176K, used 37375K [0x00000000f5580000, 0x00000000fb080000, 0x0000000100000000)
  eden space 37376K, 99% used [0x00000000f5580000,0x00000000f79ffff8,0x00000000f7a00000)
  from space 12800K, 0% used [0x00000000fa400000,0x00000000fa400000,0x00000000fb080000)
  to   space 27136K, 0% used [0x00000000f8280000,0x00000000f8280000,0x00000000f9d00000)
 ParOldGen       total 349696K, used 349695K [0x00000000e0000000, 0x00000000f5580000, 0x00000000f5580000)
  object space 349696K, 99% used [0x00000000e0000000,0x00000000f557fff0,0x00000000f5580000)
 Metaspace       used 64965K, committed 65856K, reserved 1114112K
  class space    used 6031K, committed 6464K, reserved 1048576K
}
Event: 1555.347 GC heap before
{Heap before GC invocations=985 (full 783):
 PSYoungGen      total 50176K, used 37375K [0x00000000f5580000, 0x00000000fb080000, 0x0000000100000000)
  eden space 37376K, 99% used [0x00000000f5580000,0x00000000f79ffff8,0x00000000f7a00000)
  from space 12800K, 0% used [0x00000000fa400000,0x00000000fa400000,0x00000000fb080000)
  to   space 27136K, 0% used [0x00000000f8280000,0x00000000f8280000,0x00000000f9d00000)
 ParOldGen       total 349696K, used 349695K [0x00000000e0000000, 0x00000000f5580000, 0x00000000f5580000)
  object space 349696K, 99% used [0x00000000e0000000,0x00000000f557fff0,0x00000000f5580000)
 Metaspace       used 64965K, committed 65856K, reserved 1114112K
  class space    used 6031K, committed 6464K, reserved 1048576K
}
Event: 1556.846 GC heap after
{Heap after GC invocations=985 (full 783):
 PSYoungGen      total 64512K, used 37375K [0x00000000f5580000, 0x00000000fb080000, 0x0000000100000000)
  eden space 37376K, 99% used [0x00000000f5580000,0x00000000f79ffff8,0x00000000f7a00000)
  from space 27136K, 0% used [0x00000000f8280000,0x00000000f8280000,0x00000000f9d00000)
  to   space 12800K, 0% used [0x00000000fa400000,0x00000000fa400000,0x00000000fb080000)
 ParOldGen       total 349696K, used 349695K [0x00000000e0000000, 0x00000000f5580000, 0x00000000f5580000)
  object space 349696K, 99% used [0x00000000e0000000,0x00000000f557ffd0,0x00000000f5580000)
 Metaspace       used 64965K, committed 65856K, reserved 1114112K
  class space    used 6031K, committed 6464K, reserved 1048576K
}
Event: 1556.846 GC heap before
{Heap before GC invocations=986 (full 784):
 PSYoungGen      total 64512K, used 37375K [0x00000000f5580000, 0x00000000fb080000, 0x0000000100000000)
  eden space 37376K, 99% used [0x00000000f5580000,0x00000000f79ffff8,0x00000000f7a00000)
  from space 27136K, 0% used [0x00000000f8280000,0x00000000f8280000,0x00000000f9d00000)
  to   space 12800K, 0% used [0x00000000fa400000,0x00000000fa400000,0x00000000fb080000)
 ParOldGen       total 349696K, used 349695K [0x00000000e0000000, 0x00000000f5580000, 0x00000000f5580000)
  object space 349696K, 99% used [0x00000000e0000000,0x00000000f557ffe8,0x00000000f5580000)
 Metaspace       used 64965K, committed 65856K, reserved 1114112K
  class space    used 6031K, committed 6464K, reserved 1048576K
}
Event: 1558.335 GC heap after
{Heap after GC invocations=986 (full 784):
 PSYoungGen      total 50176K, used 37375K [0x00000000f5580000, 0x00000000fb080000, 0x0000000100000000)
  eden space 37376K, 99% used [0x00000000f5580000,0x00000000f79ffff8,0x00000000f7a00000)
  from space 12800K, 0% used [0x00000000fa400000,0x00000000fa400000,0x00000000fb080000)
  to   space 27136K, 0% used [0x00000000f8280000,0x00000000f8280000,0x00000000f9d00000)
 ParOldGen       total 349696K, used 349695K [0x00000000e0000000, 0x00000000f5580000, 0x00000000f5580000)
  object space 349696K, 99% used [0x00000000e0000000,0x00000000f557ffe8,0x00000000f5580000)
 Metaspace       used 64965K, committed 65856K, reserved 1114112K
  class space    used 6031K, committed 6464K, reserved 1048576K
}
Event: 1558.335 GC heap before
{Heap before GC invocations=987 (full 785):
 PSYoungGen      total 50176K, used 37375K [0x00000000f5580000, 0x00000000fb080000, 0x0000000100000000)
  eden space 37376K, 99% used [0x00000000f5580000,0x00000000f79ffff8,0x00000000f7a00000)
  from space 12800K, 0% used [0x00000000fa400000,0x00000000fa400000,0x00000000fb080000)
  to   space 27136K, 0% used [0x00000000f8280000,0x00000000f8280000,0x00000000f9d00000)
 ParOldGen       total 349696K, used 349695K [0x00000000e0000000, 0x00000000f5580000, 0x00000000f5580000)
  object space 349696K, 99% used [0x00000000e0000000,0x00000000f557ffe8,0x00000000f5580000)
 Metaspace       used 64965K, committed 65856K, reserved 1114112K
  class space    used 6031K, committed 6464K, reserved 1048576K
}
Event: 1562.105 GC heap after
{Heap after GC invocations=987 (full 785):
 PSYoungGen      total 64512K, used 37375K [0x00000000f5580000, 0x00000000fb080000, 0x0000000100000000)
  eden space 37376K, 99% used [0x00000000f5580000,0x00000000f79ffff8,0x00000000f7a00000)
  from space 27136K, 0% used [0x00000000f8280000,0x00000000f8280000,0x00000000f9d00000)
  to   space 12800K, 0% used [0x00000000fa400000,0x00000000fa400000,0x00000000fb080000)
 ParOldGen       total 349696K, used 349695K [0x00000000e0000000, 0x00000000f5580000, 0x00000000f5580000)
  object space 349696K, 99% used [0x00000000e0000000,0x00000000f557ffe8,0x00000000f5580000)
 Metaspace       used 64965K, committed 65856K, reserved 1114112K
  class space    used 6031K, committed 6464K, reserved 1048576K
}

Dll operation events (9 events):
Event: 0.003 Loaded shared library /nix/store/gpxl5qgg8kicmcvivwmybwjlpf7wh20l-graalvm17-ce-22.3.0/lib/libjava.so
Event: 0.009 Loaded shared library /nix/store/gpxl5qgg8kicmcvivwmybwjlpf7wh20l-graalvm17-ce-22.3.0/lib/libjsvml.so
Event: 0.221 Loaded shared library /nix/store/gpxl5qgg8kicmcvivwmybwjlpf7wh20l-graalvm17-ce-22.3.0/lib/libjvmcicompiler.so
Event: 0.222 Loaded shared library /nix/store/gpxl5qgg8kicmcvivwmybwjlpf7wh20l-graalvm17-ce-22.3.0/lib/libnio.so
Event: 0.228 Loaded shared library /nix/store/gpxl5qgg8kicmcvivwmybwjlpf7wh20l-graalvm17-ce-22.3.0/lib/libzip.so
Event: 0.653 Loaded shared library /nix/store/gpxl5qgg8kicmcvivwmybwjlpf7wh20l-graalvm17-ce-22.3.0/lib/libjimage.so
Event: 1.219 Loaded shared library /nix/store/gpxl5qgg8kicmcvivwmybwjlpf7wh20l-graalvm17-ce-22.3.0/lib/libnet.so
Event: 4.927 Loaded shared library /home/runner/.cache/jdt-language-server/config/org.eclipse.equinox.launcher/org.eclipse.equinox.launcher.gtk.linux.x86_64_1.2.400.v20211117-0650/eclipse_11600.so
Event: 13.952 Loaded shared library /nix/store/gpxl5qgg8kicmcvivwmybwjlpf7wh20l-graalvm17-ce-22.3.0/lib/libextnet.so

Deoptimization events (20 events):
Event: 1536.207 Thread 0x00007f852417be20 Uncommon trap: trap_request=0xffffff8f fr.pc=0x00007f85a2fc5e10 relative=0x00000000000005f0
Event: 1536.207 Thread 0x00007f852417be20 Uncommon trap: reason=constraint action=none pc=0x00007f85a2fc5e10 method=jdk.internal.org.objectweb.asm.ByteVector.putUTF8(Ljava/lang/String;)Ljdk/internal/org/objectweb/asm/ByteVector; @ 0 jvmci
Event: 1536.207 Thread 0x00007f852417be20 DEOPT PACKING pc=0x00007f85a2fc5e10 sp=0x00007f85984fc740
Event: 1536.207 Thread 0x00007f852417be20 DEOPT UNPACKING pc=0x00007f859b505325 sp=0x00007f85984fbbe0 mode 3
Event: 1539.114 Thread 0x00007f85b43a7d00 Uncommon trap: trap_request=0xffffff8f fr.pc=0x00007f85a31f32f4 relative=0x00000000000009f4
Event: 1539.114 Thread 0x00007f85b43a7d00 Uncommon trap: reason=constraint action=none pc=0x00007f85a31f32f4 method=java.util.HashMap.putVal(ILjava/lang/Object;Ljava/lang/Object;ZZ)Ljava/lang/Object; @ 29 jvmci
Event: 1539.114 Thread 0x00007f85b43a7d00 DEOPT PACKING pc=0x00007f85a31f32f4 sp=0x00007f85615fcfa0
Event: 1539.114 Thread 0x00007f85b43a7d00 DEOPT UNPACKING pc=0x00007f859b505325 sp=0x00007f85615fc450 mode 3
Event: 1542.105 Thread 0x00007f85340157e0 Uncommon trap: trap_request=0xffffff8f fr.pc=0x00007f85a31cc61f relative=0x000000000000105f
Event: 1542.105 Thread 0x00007f85340157e0 Uncommon trap: reason=constraint action=none pc=0x00007f85a31cc61f method=org.eclipse.jdt.internal.core.index.DiskIndex.copyQueryResults(Lorg/eclipse/jdt/internal/compiler/util/HashtableOfObject;I)V @ 123 jvmci
Event: 1542.105 Thread 0x00007f85340157e0 DEOPT PACKING pc=0x00007f85a31cc61f sp=0x00007f85991fe380
Event: 1542.105 Thread 0x00007f85340157e0 DEOPT UNPACKING pc=0x00007f859b505325 sp=0x00007f85991fd840 mode 3
Event: 1546.623 Thread 0x00007f8518000ff0 Uncommon trap: trap_request=0xffffff8f fr.pc=0x00007f85a32d8cf9 relative=0x0000000000000c19
Event: 1546.623 Thread 0x00007f8518000ff0 Uncommon trap: reason=constraint action=none pc=0x00007f85a32d8cf9 method=org.eclipse.core.runtime.Path.toOSString()Ljava/lang/String; @ 218 jvmci
Event: 1546.623 Thread 0x00007f8518000ff0 DEOPT PACKING pc=0x00007f85a32d8cf9 sp=0x00007f85611fe7f0
Event: 1546.623 Thread 0x00007f8518000ff0 DEOPT UNPACKING pc=0x00007f859b505325 sp=0x00007f85611fdca0 mode 3
Event: 1549.518 Thread 0x00007f85482a05b0 Uncommon trap: trap_request=0xffffff8f fr.pc=0x00007f85a30639f7 relative=0x00000000000000d7
Event: 1549.518 Thread 0x00007f85482a05b0 Uncommon trap: reason=constraint action=none pc=0x00007f85a30639f7 method=java.util.ArrayList.iterator()Ljava/util/Iterator; @ 0 jvmci
Event: 1549.518 Thread 0x00007f85482a05b0 DEOPT PACKING pc=0x00007f85a30639f7 sp=0x00007f85986fe910
Event: 1549.518 Thread 0x00007f85482a05b0 DEOPT UNPACKING pc=0x00007f859b505325 sp=0x00007f85986fddb8 mode 3

Classes unloaded (20 events):
Event: 73.046 Thread 0x00007f85b40a1c10 Unloading class 0x0000000800d06800 'java/lang/invoke/LambdaForm$MH+0x0000000800d06800'
Event: 73.046 Thread 0x00007f85b40a1c10 Unloading class 0x0000000800d06000 'java/lang/invoke/LambdaForm$MH+0x0000000800d06000'
Event: 73.046 Thread 0x00007f85b40a1c10 Unloading class 0x0000000800d05c00 'java/lang/invoke/LambdaForm$MH+0x0000000800d05c00'
Event: 73.046 Thread 0x00007f85b40a1c10 Unloading class 0x0000000800d05800 'java/lang/invoke/LambdaForm$MH+0x0000000800d05800'
Event: 73.046 Thread 0x00007f85b40a1c10 Unloading class 0x0000000800d05000 'java/lang/invoke/LambdaForm$MH+0x0000000800d05000'
Event: 73.046 Thread 0x00007f85b40a1c10 Unloading class 0x0000000800d04c00 'java/lang/invoke/LambdaForm$MH+0x0000000800d04c00'
Event: 73.046 Thread 0x00007f85b40a1c10 Unloading class 0x0000000800d04800 'java/lang/invoke/LambdaForm$MH+0x0000000800d04800'
Event: 73.046 Thread 0x00007f85b40a1c10 Unloading class 0x0000000800d04000 'java/lang/invoke/LambdaForm$MH+0x0000000800d04000'
Event: 73.046 Thread 0x00007f85b40a1c10 Unloading class 0x0000000800c1d000 'jdk/internal/reflect/GeneratedMethodAccessor5'
Event: 73.046 Thread 0x00007f85b40a1c10 Unloading class 0x0000000800c1cc00 'jdk/internal/reflect/GeneratedMethodAccessor4'
Event: 73.046 Thread 0x00007f85b40a1c10 Unloading class 0x0000000800c1c800 'jdk/internal/reflect/GeneratedMethodAccessor3'
Event: 73.046 Thread 0x00007f85b40a1c10 Unloading class 0x0000000800c1c400 'jdk/internal/reflect/GeneratedMethodAccessor2'
Event: 73.046 Thread 0x00007f85b40a1c10 Unloading class 0x0000000800c1c000 'jdk/internal/reflect/GeneratedMethodAccessor1'
Event: 73.046 Thread 0x00007f85b40a1c10 Unloading class 0x0000000800c01c00 'java/lang/invoke/LambdaForm$DMH+0x0000000800c01c00'
Event: 550.319 Thread 0x00007f85b40a1c10 Unloading class 0x00000008011d0c00 'jdk/internal/reflect/GeneratedSerializationConstructorAccessor8'
Event: 550.319 Thread 0x00007f85b40a1c10 Unloading class 0x00000008011d0800 'jdk/internal/reflect/GeneratedSerializationConstructorAccessor7'
Event: 550.319 Thread 0x00007f85b40a1c10 Unloading class 0x00000008011d0400 'jdk/internal/reflect/GeneratedSerializationConstructorAccessor6'
Event: 550.319 Thread 0x00007f85b40a1c10 Unloading class 0x00000008011d0000 'jdk/internal/reflect/GeneratedSerializationConstructorAccessor5'
Event: 726.305 Thread 0x00007f85b40a1c10 Unloading class 0x00000008011bd800 'jdk/internal/reflect/GeneratedConstructorAccessor35'
Event: 726.305 Thread 0x00007f85b40a1c10 Unloading class 0x00000008011bd400 'jdk/internal/reflect/GeneratedConstructorAccessor34'

Classes redefined (0 events):
No events

Internal exceptions (20 events):
Event: 569.330 Thread 0x00007f85340157e0 Exception <a 'sun/nio/fs/UnixException'{0x00000000f5f42b10}> (0x00000000f5f42b10) 
thrown [src/hotspot/share/prims/jni.cpp, line 516]
Event: 569.333 Thread 0x00007f85340157e0 Exception <a 'sun/nio/fs/UnixException'{0x00000000f5f46438}> (0x00000000f5f46438) 
thrown [src/hotspot/share/prims/jni.cpp, line 516]
Event: 571.006 Thread 0x00007f8500087b90 Implicit null exception at 0x00007f85a2feb701 to 0x00007f85a2feb7a5
Event: 571.120 Thread 0x00007f852419fbf0 Implicit null exception at 0x00007f85a31a533c to 0x00007f859b504f68
Event: 587.197 Thread 0x00007f852414af50 Implicit null exception at 0x00007f85a3147d34 to 0x00007f85a3147fc9
Event: 1372.442 Thread 0x00007f852417be20 Exception <a 'java/lang/OutOfMemoryError'{0x00000000e0004748}> (0x00000000e0004748) 
thrown [src/hotspot/share/gc/shared/memAllocator.cpp, line 136]
Event: 1529.223 Thread 0x00007f85241810f0 Exception <a 'java/lang/OutOfMemoryError'{0x00000000e0004748}> (0x00000000e0004748) 
thrown [src/hotspot/share/gc/shared/memAllocator.cpp, line 136]
Event: 1536.207 Thread 0x00007f852417be20 Exception <a 'java/lang/OutOfMemoryError'{0x00000000e0004428}> (0x00000000e0004428) 
thrown [src/hotspot/share/gc/shared/memAllocator.cpp, line 138]
Event: 1536.207 Thread 0x00007f852417be20 Implicit null exception at 0x00007f85a2fc5bb1 to 0x00007f85a2fc5df5
Event: 1539.114 Thread 0x00007f85b43a7d00 Exception <a 'java/lang/OutOfMemoryError'{0x00000000e0004428}> (0x00000000e0004428) 
thrown [src/hotspot/share/gc/shared/memAllocator.cpp, line 138]
Event: 1539.114 Thread 0x00007f85b43a7d00 Implicit null exception at 0x00007f85a31f2eed to 0x00007f85a31f32d9
Event: 1542.105 Thread 0x00007f85340157e0 Exception <a 'java/lang/OutOfMemoryError'{0x00000000e0004428}> (0x00000000e0004428) 
thrown [src/hotspot/share/gc/shared/memAllocator.cpp, line 138]
Event: 1542.105 Thread 0x00007f85340157e0 Implicit null exception at 0x00007f85a31cc073 to 0x00007f85a31cc604
Event: 1546.623 Thread 0x00007f8518000ff0 Exception <a 'java/lang/OutOfMemoryError'{0x00000000e0004428}> (0x00000000e0004428) 
thrown [src/hotspot/share/gc/shared/memAllocator.cpp, line 138]
Event: 1546.623 Thread 0x00007f8518000ff0 Implicit null exception at 0x00007f85a32d8833 to 0x00007f85a32d8cde
Event: 1549.518 Thread 0x00007f85482a05b0 Exception <a 'java/lang/OutOfMemoryError'{0x00000000e0004428}> (0x00000000e0004428) 
thrown [src/hotspot/share/gc/shared/memAllocator.cpp, line 138]
Event: 1549.518 Thread 0x00007f85482a05b0 Implicit null exception at 0x00007f85a30639d8 to 0x00007f85a30639dc
Event: 1552.458 Thread 0x00007f85482a05b0 Exception <a 'java/lang/OutOfMemoryError'{0x00000000e0004748}> (0x00000000e0004748) 
thrown [src/hotspot/share/gc/shared/memAllocator.cpp, line 136]
Event: 1555.343 Thread 0x00007f85b43031e0 Exception <a 'java/lang/OutOfMemoryError'{0x00000000e0004748}> (0x00000000e0004748) 
thrown [src/hotspot/share/gc/shared/memAllocator.cpp, line 136]
Event: 1562.106 Thread 0x00007f85b40b21e0 Exception <a 'java/lang/OutOfMemoryError'{0x00000000e0004748}> (0x00000000e0004748) 
thrown [src/hotspot/share/gc/shared/memAllocator.cpp, line 136]

VM Operations (20 events):
Event: 1536.207 Executing VM operation: ParallelGCFailedAllocation done
Event: 1536.207 Executing VM operation: ParallelGCFailedAllocation
Event: 1539.114 Executing VM operation: ParallelGCFailedAllocation done
Event: 1539.114 Executing VM operation: ParallelGCFailedAllocation
Event: 1542.105 Executing VM operation: ParallelGCFailedAllocation done
Event: 1542.105 Executing VM operation: ParallelGCFailedAllocation
Event: 1543.537 Executing VM operation: ParallelGCFailedAllocation done
Event: 1543.538 Executing VM operation: ParallelGCFailedAllocation
Event: 1546.623 Executing VM operation: ParallelGCFailedAllocation done
Event: 1546.624 Executing VM operation: ParallelGCFailedAllocation
Event: 1549.518 Executing VM operation: ParallelGCFailedAllocation done
Event: 1549.518 Executing VM operation: ParallelGCFailedAllocation
Event: 1552.458 Executing VM operation: ParallelGCFailedAllocation done
Event: 1552.459 Executing VM operation: ParallelGCFailedAllocation
Event: 1555.343 Executing VM operation: ParallelGCFailedAllocation done
Event: 1555.346 Executing VM operation: ParallelGCFailedAllocation
Event: 1556.846 Executing VM operation: ParallelGCFailedAllocation done
Event: 1556.846 Executing VM operation: ParallelGCFailedAllocation
Event: 1562.106 Executing VM operation: ParallelGCFailedAllocation done
Event: 1562.106 Executing VM operation: ParallelGCFailedAllocation

Events (20 events):
Event: 1001.023 Thread 0x00007f852417b540 Thread added: 0x00007f852417b540
Event: 1001.023 Protecting memory [0x00007f8598200000,0x00007f8598204000] with protection modes 0
Event: 1093.435 Thread 0x00007f852417be20 Thread added: 0x00007f852417be20
Event: 1093.435 Protecting memory [0x00007f8598400000,0x00007f8598404000] with protection modes 0
Event: 1352.643 Thread 0x00007f852415a0a0 Thread added: 0x00007f852415a0a0
Event: 1352.643 Protecting memory [0x00007f8599600000,0x00007f8599604000] with protection modes 0
Event: 1388.916 loading class java/util/concurrent/CompletionException
Event: 1397.524 loading class java/util/concurrent/CompletionException done
Event: 1422.421 loading class java/util/concurrent/CancellationException
Event: 1422.421 loading class java/util/concurrent/CancellationException done
Event: 1487.902 loading class java/util/logging/LogRecord
Event: 1487.902 loading class java/util/logging/LogRecord done
Event: 1489.335 loading class java/util/logging/ConsoleHandler
Event: 1489.336 loading class java/util/logging/StreamHandler
Event: 1498.131 loading class java/util/logging/StreamHandler done
Event: 1498.131 loading class java/util/logging/ConsoleHandler done
Event: 1513.539 loading class java/util/logging/SimpleFormatter
Event: 1513.539 loading class java/util/logging/Formatter
Event: 1519.234 loading class java/util/logging/Formatter done
Event: 1519.234 loading class java/util/logging/SimpleFormatter done


Dynamic libraries:
e0000000-f5580000 rw-p 00000000 00:00 0 
f5580000-fb080000 rw-p 00000000 00:00 0 
fb080000-100000000 ---p 00000000 00:00 0 
800000000-800449000 rw-p 00001000 00:18b0 4611686019135357769            /nix/store/gpxl5qgg8kicmcvivwmybwjlpf7wh20l-graalvm17-ce-22.3.0/lib/server/classes.jsa
800449000-800bc8000 r--p 0044a000 00:18b0 4611686019135357769            /nix/store/gpxl5qgg8kicmcvivwmybwjlpf7wh20l-graalvm17-ce-22.3.0/lib/server/classes.jsa
800bc8000-800c00000 ---p 00000000 00:00 0 
800c00000-800c20000 rw-p 00000000 00:00 0 
800c20000-800c40000 rw-p 00000000 00:00 0 
800c40000-800cc0000 rw-p 00000000 00:00 0 
800cc0000-800d00000 rw-p 00000000 00:00 0 
800d00000-800dc0000 rw-p 00000000 00:00 0 
800dc0000-800e00000 rw-p 00000000 00:00 0 
800e00000-800f40000 rw-p 00000000 00:00 0 
800f40000-800fc0000 rw-p 00000000 00:00 0 
800fc0000-801000000 rw-p 00000000 00:00 0 
801000000-801250000 rw-p 00000000 00:00 0 
801250000-840c00000 ---p 00000000 00:00 0 
56385b9fa000-56385b9fb000 r-xp 00000000 00:18b0 4611686019099417844      /nix/store/gpxl5qgg8kicmcvivwmybwjlpf7wh20l-graalvm17-ce-22.3.0/bin/.java-wrapped
56385b9fc000-56385b9fd000 r--p 00001000 00:18b0 4611686019099417844      /nix/store/gpxl5qgg8kicmcvivwmybwjlpf7wh20l-graalvm17-ce-22.3.0/bin/.java-wrapped
56385b9fd000-56385b9fe000 rw-p 00002000 00:18b0 4611686019099417844      /nix/store/gpxl5qgg8kicmcvivwmybwjlpf7wh20l-graalvm17-ce-22.3.0/bin/.java-wrapped
56385b9fe000-56385b9ff000 rw-p 00004000 00:18b0 4611686019099417844      /nix/store/gpxl5qgg8kicmcvivwmybwjlpf7wh20l-graalvm17-ce-22.3.0/bin/.java-wrapped
56385b9ff000-56385ba00000 rw-p 00005000 00:18b0 4611686019099417844      /nix/store/gpxl5qgg8kicmcvivwmybwjlpf7wh20l-graalvm17-ce-22.3.0/bin/.java-wrapped
56385c02e000-56385c076000 rw-p 00000000 00:00 0                          [heap]
7f84c8000000-7f84c8021000 rw-p 00000000 00:00 0 
7f84c8021000-7f84cc000000 ---p 00000000 00:00 0 
7f84cc000000-7f84cc021000 rw-p 00000000 00:00 0 
7f84cc021000-7f84d0000000 ---p 00000000 00:00 0 
7f84d0000000-7f84d0021000 rw-p 00000000 00:00 0 
7f84d0021000-7f84d4000000 ---p 00000000 00:00 0 
7f84d4000000-7f84d4021000 rw-p 00000000 00:00 0 
7f84d4021000-7f84d8000000 ---p 00000000 00:00 0 
7f84d8000000-7f84d8021000 rw-p 00000000 00:00 0 
7f84d8021000-7f84dc000000 ---p 00000000 00:00 0 
7f84dc000000-7f84dc021000 rw-p 00000000 00:00 0 
7f84dc021000-7f84e0000000 ---p 00000000 00:00 0 
7f84e0000000-7f84e0021000 rw-p 00000000 00:00 0 
7f84e0021000-7f84e4000000 ---p 00000000 00:00 0 
7f84e4000000-7f84e4021000 rw-p 00000000 00:00 0 
7f84e4021000-7f84e8000000 ---p 00000000 00:00 0 
7f84e8000000-7f84e8021000 rw-p 00000000 00:00 0 
7f84e8021000-7f84ec000000 ---p 00000000 00:00 0 
7f84ec000000-7f84ec021000 rw-p 00000000 00:00 0 
7f84ec021000-7f84f0000000 ---p 00000000 00:00 0 
7f84f0000000-7f84f0021000 rw-p 00000000 00:00 0 
7f84f0021000-7f84f4000000 ---p 00000000 00:00 0 
7f84f4000000-7f84f4021000 rw-p 00000000 00:00 0 
7f84f4021000-7f84f8000000 ---p 00000000 00:00 0 
7f84f8000000-7f84f8021000 rw-p 00000000 00:00 0 
7f84f8021000-7f84fc000000 ---p 00000000 00:00 0 
7f84fe800000-7f84fe900000 rw-p 00000000 00:00 0 
7f84fe900000-7f84fe930000 rw-p 00000000 00:00 0 
7f84fe930000-7f84fea00000 ---p 00000000 00:00 0 
7f84fea00000-7f84fead0000 rw-p 00000000 00:00 0 
7f84fead0000-7f84ff000000 ---p 00000000 00:00 0 
7f8500000000-7f8500093000 rw-p 00000000 00:00 0 
7f8500093000-7f8504000000 ---p 00000000 00:00 0 
7f8504000000-7f8504021000 rw-p 00000000 00:00 0 
7f8504021000-7f8508000000 ---p 00000000 00:00 0 
7f8508000000-7f8508048000 rw-p 00000000 00:00 0 
7f8508048000-7f850c000000 ---p 00000000 00:00 0 
7f850d400000-7f850d5c0000 rw-p 00000000 00:00 0 
7f850d5c0000-7f850da40000 rw-p 00000000 00:00 0 
7f850da40000-7f850dc00000 rw-p 00000000 00:00 0 
7f850dc00000-7f850e000000 rw-p 00000000 00:00 0 
7f850e000000-7f850e380000 rw-p 00000000 00:00 0 
7f850e380000-7f850e400000 rw-p 00000000 00:00 0 
7f850e4b3000-7f8518000000 r--s 00000000 00:18b0 4611686019135192581      /nix/store/gpxl5qgg8kicmcvivwmybwjlpf7wh20l-graalvm17-ce-22.3.0/lib/modules
7f8518000000-7f8518108000 rw-p 00000000 00:00 0 
7f8518108000-7f851c000000 ---p 00000000 00:00 0 
7f851c000000-7f851c021000 rw-p 00000000 00:00 0 
7f851c021000-7f8520000000 ---p 00000000 00:00 0 
7f8520000000-7f852014c000 rw-p 00000000 00:00 0 
7f852014c000-7f8524000000 ---p 00000000 00:00 0 
7f8524000000-7f85241ad000 rw-p 00000000 00:00 0 
7f85241ad000-7f8528000000 ---p 00000000 00:00 0 
7f8528000000-7f8528021000 rw-p 00000000 00:00 0 
7f8528021000-7f852c000000 ---p 00000000 00:00 0 
7f852c000000-7f852c021000 rw-p 00000000 00:00 0 
7f852c021000-7f8530000000 ---p 00000000 00:00 0 
7f8530000000-7f853036e000 rw-p 00000000 00:00 0 
7f853036e000-7f8534000000 ---p 00000000 00:00 0 
7f8534000000-7f8534061000 rw-p 00000000 00:00 0 
7f8534061000-7f8538000000 ---p 00000000 00:00 0 
7f8538000000-7f8538021000 rw-p 00000000 00:00 0 
7f8538021000-7f853c000000 ---p 00000000 00:00 0 
7f853c000000-7f853c049000 rw-p 00000000 00:00 0 
7f853c049000-7f8540000000 ---p 00000000 00:00 0 
7f8540000000-7f8540021000 rw-p 00000000 00:00 0 
7f8540021000-7f8544000000 ---p 00000000 00:00 0 
7f8544000000-7f8544246000 rw-p 00000000 00:00 0 
7f8544246000-7f8548000000 ---p 00000000 00:00 0 
7f8548000000-7f85488ba000 rw-p 00000000 00:00 0 
7f85488ba000-7f854c000000 ---p 00000000 00:00 0 
7f854c000000-7f854c046000 rw-p 00000000 00:00 0 
7f854c046000-7f8550000000 ---p 00000000 00:00 0 
7f8550000000-7f8550021000 rw-p 00000000 00:00 0 
7f8550021000-7f8554000000 ---p 00000000 00:00 0 
7f8554000000-7f8554021000 rw-p 00000000 00:00 0 
7f8554021000-7f8558000000 ---p 00000000 00:00 0 
7f8558000000-7f8558021000 rw-p 00000000 00:00 0 
7f8558021000-7f855c000000 ---p 00000000 00:00 0 
7f855c400000-7f855c500000 rw-p 00000000 00:00 0 
7f855c500000-7f855c600000 rw-p 00000000 00:00 0 
7f855c600000-7f855cac0000 rw-p 00000000 00:00 0 
7f855cac0000-7f855cc00000 rw-p 00000000 00:00 0 
7f855cc00000-7f855ccc0000 rw-p 00000000 00:00 0 
7f855ccc0000-7f855cd00000 rw-p 00000000 00:00 0 
7f855cd00000-7f855cf00000 rw-p 00000000 00:00 0 
7f855cf00000-7f855d100000 rw-p 00000000 00:00 0 
7f855d100000-7f855d200000 rw-p 00000000 00:00 0 
7f855d200000-7f855d400000 rw-p 00000000 00:00 0 
7f855d400000-7f855d500000 rw-p 00000000 00:00 0 
7f855d500000-7f855d600000 rw-p 00000000 00:00 0 
7f855d600000-7f855db80000 rw-p 00000000 00:00 0 
7f855db80000-7f855dc00000 rw-p 00000000 00:00 0 
7f855dc00000-7f855dd00000 rw-p 00000000 00:00 0 
7f855dd00000-7f855de00000 rw-p 00000000 00:00 0 
7f855de00000-7f855e100000 rw-p 00000000 00:00 0 
7f855e100000-7f855e200000 rw-p 00000000 00:00 0 
7f855e200000-7f855e400000 rw-p 00000000 00:00 0 
7f855e600000-7f855e610000 r-xp 00000000 00:18ab 377                      /home/runner/.cache/jdt-language-server/config/org.eclipse.equinox.launcher/org.eclipse.equinox.launcher.gtk.linux.x86_64_1.2.400.v20211117-0650/eclipse_11600.so
7f855e610000-7f855e80f000 ---p 00010000 00:18ab 377                      /home/runner/.cache/jdt-language-server/config/org.eclipse.equinox.launcher/org.eclipse.equinox.launcher.gtk.linux.x86_64_1.2.400.v20211117-0650/eclipse_11600.so
7f855e80f000-7f855e810000 r--p 0000f000 00:18ab 377                      /home/runner/.cache/jdt-language-server/config/org.eclipse.equinox.launcher/org.eclipse.equinox.launcher.gtk.linux.x86_64_1.2.400.v20211117-0650/eclipse_11600.so
7f855e810000-7f855e811000 rw-p 00010000 00:18ab 377                      /home/runner/.cache/jdt-language-server/config/org.eclipse.equinox.launcher/org.eclipse.equinox.launcher.gtk.linux.x86_64_1.2.400.v20211117-0650/eclipse_11600.so
7f855f8a9000-7f855fc00000 rw-p 00000000 00:00 0 
7f855fd00000-7f855fe00000 ---p 00000000 00:00 0 
7f855fe00000-7f85603af000 r--p 01122000 00:18b0 4611686019135190040      /nix/store/gpxl5qgg8kicmcvivwmybwjlpf7wh20l-graalvm17-ce-22.3.0/lib/libjvmcicompiler.so
7f85603af000-7f8560500000 r--p 00000000 00:00 0 
7f8560500000-7f856053d000 rw-p 00000000 00:00 0 
7f856053d000-7f8560a5d000 rw-p 0185f000 00:18b0 4611686019135190040      /nix/store/gpxl5qgg8kicmcvivwmybwjlpf7wh20l-graalvm17-ce-22.3.0/lib/libjvmcicompiler.so
7f8560a5d000-7f8560e44000 r--p 01d7f000 00:18b0 4611686019135190040      /nix/store/gpxl5qgg8kicmcvivwmybwjlpf7wh20l-graalvm17-ce-22.3.0/lib/libjvmcicompiler.so
7f8560f00000-7f8560f04000 ---p 00000000 00:00 0 
7f8560f04000-7f8561000000 rw-p 00000000 00:00 0 
7f8561100000-7f8561104000 ---p 00000000 00:00 0 
7f8561104000-7f8561200000 rw-p 00000000 00:00 0 
7f8561300000-7f8561304000 ---p 00000000 00:00 0 
7f8561304000-7f8561400000 rw-p 00000000 00:00 0 
7f8561500000-7f8561504000 ---p 00000000 00:00 0 
7f8561504000-7f8561600000 rw-p 00000000 00:00 0 
7f8561700000-7f8561704000 ---p 00000000 00:00 0 
7f8561704000-7f8561800000 rw-p 00000000 00:00 0 
7f8561900000-7f8561904000 ---p 00000000 00:00 0 
7f8561904000-7f8561a00000 rw-p 00000000 00:00 0 
7f8561b00000-7f8561b04000 ---p 00000000 00:00 0 
7f8561b04000-7f8561c00000 rw-p 00000000 00:00 0 
7f8561c00000-7f8563d6a000 r-xp 00000000 00:18b0 4611686019135190040      /nix/store/gpxl5qgg8kicmcvivwmybwjlpf7wh20l-graalvm17-ce-22.3.0/lib/libjvmcicompiler.so
7f8563d6a000-7f8563f69000 ---p 0216a000 00:18b0 4611686019135190040      /nix/store/gpxl5qgg8kicmcvivwmybwjlpf7wh20l-graalvm17-ce-22.3.0/lib/libjvmcicompiler.so
7f8563f69000-7f8563f6a000 r--p 02169000 00:18b0 4611686019135190040      /nix/store/gpxl5qgg8kicmcvivwmybwjlpf7wh20l-graalvm17-ce-22.3.0/lib/libjvmcicompiler.so
7f8563f6a000-7f8563f6c000 rw-p 0216a000 00:18b0 4611686019135190040      /nix/store/gpxl5qgg8kicmcvivwmybwjlpf7wh20l-graalvm17-ce-22.3.0/lib/libjvmcicompiler.so
7f8563f6c000-7f8563f6d000 rw-p 00000000 00:00 0 
7f8563f6d000-7f8563f72000 rw-p 023c3000 00:18b0 4611686019135190040      /nix/store/gpxl5qgg8kicmcvivwmybwjlpf7wh20l-graalvm17-ce-22.3.0/lib/libjvmcicompiler.so
7f8564000000-7f8564021000 rw-p 00000000 00:00 0 
7f8564021000-7f8568000000 ---p 00000000 00:00 0 
7f8568000000-7f8568021000 rw-p 00000000 00:00 0 
7f8568021000-7f856c000000 ---p 00000000 00:00 0 
7f856c000000-7f856c0c1000 rw-p 00000000 00:00 0 
7f856c0c1000-7f8570000000 ---p 00000000 00:00 0 
7f8570000000-7f8570021000 rw-p 00000000 00:00 0 
7f8570021000-7f8574000000 ---p 00000000 00:00 0 
7f8574000000-7f857423d000 rw-p 00000000 00:00 0 
7f857423d000-7f8578000000 ---p 00000000 00:00 0 
7f8578000000-7f8578bdf000 rw-p 00000000 00:00 0 
7f8578bdf000-7f857c000000 ---p 00000000 00:00 0 
7f857c000000-7f857c021000 rw-p 00000000 00:00 0 
7f857c021000-7f8580000000 ---p 00000000 00:00 0 
7f8580000000-7f8580021000 rw-p 00000000 00:00 0 
7f8580021000-7f8584000000 ---p 00000000 00:00 0 
7f8584000000-7f8584021000 rw-p 00000000 00:00 0 
7f8584021000-7f8588000000 ---p 00000000 00:00 0 
7f8588000000-7f8588021000 rw-p 00000000 00:00 0 
7f8588021000-7f858c000000 ---p 00000000 00:00 0 
7f858c000000-7f858c021000 rw-p 00000000 00:00 0 
7f858c021000-7f8590000000 ---p 00000000 00:00 0 
7f8590000000-7f8590021000 rw-p 00000000 00:00 0 
7f8590021000-7f8594000000 ---p 00000000 00:00 0 
7f8594000000-7f85941e7000 rw-p 00000000 00:00 0 
7f85941e7000-7f8598000000 ---p 00000000 00:00 0 
7f8598000000-7f8598004000 ---p 00000000 00:00 0 
7f8598004000-7f8598100000 rw-p 00000000 00:00 0 
7f8598200000-7f8598204000 ---p 00000000 00:00 0 
7f8598204000-7f8598300000 rw-p 00000000 00:00 0 
7f8598400000-7f8598404000 ---p 00000000 00:00 0 
7f8598404000-7f8598500000 rw-p 00000000 00:00 0 
7f8598500000-7f8598504000 ---p 00000000 00:00 0 
7f8598504000-7f8598600000 rw-p 00000000 00:00 0 
7f8598600000-7f8598604000 ---p 00000000 00:00 0 
7f8598604000-7f8598700000 rw-p 00000000 00:00 0 
7f8598700000-7f8598704000 ---p 00000000 00:00 0 
7f8598704000-7f8598800000 rw-p 00000000 00:00 0 
7f8598800000-7f8598804000 ---p 00000000 00:00 0 
7f8598804000-7f8598900000 rw-p 00000000 00:00 0 
7f8598900000-7f8598904000 ---p 00000000 00:00 0 
7f8598904000-7f8598a00000 rw-p 00000000 00:00 0 
7f8598a00000-7f8598a04000 ---p 00000000 00:00 0 
7f8598a04000-7f8598b00000 rw-p 00000000 00:00 0 
7f8598b00000-7f8598b04000 ---p 00000000 00:00 0 
7f8598b04000-7f8598c00000 rw-p 00000000 00:00 0 
7f8598c00000-7f8598c04000 ---p 00000000 00:00 0 
7f8598c04000-7f8598d00000 rw-p 00000000 00:00 0 
7f8598d00000-7f8598d04000 ---p 00000000 00:00 0 
7f8598d04000-7f8598e00000 rw-p 00000000 00:00 0 
7f8598e00000-7f8598e04000 ---p 00000000 00:00 0 
7f8598e04000-7f8598f00000 rw-p 00000000 00:00 0 
7f8598f00000-7f8598f04000 ---p 00000000 00:00 0 
7f8598f04000-7f8599000000 rw-p 00000000 00:00 0 
7f8599000000-7f8599004000 ---p 00000000 00:00 0 
7f8599004000-7f8599100000 rw-p 00000000 00:00 0 
7f8599100000-7f8599104000 ---p 00000000 00:00 0 
7f8599104000-7f8599200000 rw-p 00000000 00:00 0 
7f8599200000-7f8599204000 ---p 00000000 00:00 0 
7f8599204000-7f8599300000 rw-p 00000000 00:00 0 
7f8599300000-7f8599304000 ---p 00000000 00:00 0 
7f8599304000-7f8599400000 rw-p 00000000 00:00 0 
7f8599500000-7f8599504000 ---p 00000000 00:00 0 
7f8599504000-7f8599600000 rw-p 00000000 00:00 0 
7f8599600000-7f8599604000 ---p 00000000 00:00 0 
7f8599604000-7f8599700000 rw-p 00000000 00:00 0 
7f8599700000-7f8599704000 ---p 00000000 00:00 0 
7f8599704000-7f8599800000 rw-p 00000000 00:00 0 
7f8599800000-7f8599804000 ---p 00000000 00:00 0 
7f8599804000-7f8599900000 rw-p 00000000 00:00 0 
7f8599900000-7f8599904000 ---p 00000000 00:00 0 
7f8599904000-7f8599a00000 rw-p 00000000 00:00 0 
7f8599a00000-7f8599a04000 ---p 00000000 00:00 0 
7f8599a04000-7f8599b00000 rw-p 00000000 00:00 0 
7f8599b00000-7f8599b04000 ---p 00000000 00:00 0 
7f8599b04000-7f8599c00000 rw-p 00000000 00:00 0 
7f8599c00000-7f8599c04000 ---p 00000000 00:00 0 
7f8599c04000-7f8599d00000 rw-p 00000000 00:00 0 
7f8599d00000-7f8599d04000 ---p 00000000 00:00 0 
7f8599d04000-7f8599e00000 rw-p 00000000 00:00 0 
7f8599e00000-7f8599e04000 ---p 00000000 00:00 0 
7f8599e04000-7f8599f00000 rw-p 00000000 00:00 0 
7f8599f00000-7f8599f04000 ---p 00000000 00:00 0 
7f8599f04000-7f859a000000 rw-p 00000000 00:00 0 
7f859a000000-7f859a004000 ---p 00000000 00:00 0 
7f859a004000-7f859a100000 rw-p 00000000 00:00 0 
7f859a100000-7f859a104000 ---p 00000000 00:00 0 
7f859a104000-7f859a200000 rw-p 00000000 00:00 0 
7f859a200000-7f859a204000 ---p 00000000 00:00 0 
7f859a204000-7f859a300000 rw-p 00000000 00:00 0 
7f859a3fe000-7f859a402000 ---p 00000000 00:00 0 
7f859a402000-7f859a4fe000 rw-p 00000000 00:00 0 
7f859a4fe000-7f859a4ff000 ---p 00000000 00:00 0 
7f859a4ff000-7f859a600000 rw-p 00000000 00:00 0 
7f859a600000-7f859a604000 ---p 00000000 00:00 0 
7f859a604000-7f859a700000 rw-p 00000000 00:00 0 
7f859a700000-7f859a704000 ---p 00000000 00:00 0 
7f859a704000-7f859a800000 rw-p 00000000 00:00 0 
7f859a800000-7f859a804000 ---p 00000000 00:00 0 
7f859a804000-7f859aa00000 rw-p 00000000 00:00 0 
7f859aa00000-7f859aa04000 ---p 00000000 00:00 0 
7f859aa04000-7f859b000000 rw-p 00000000 00:00 0 
7f859b000000-7f859b300000 rw-p 00000000 00:00 0 
7f859b300000-7f859b400000 rw-p 00000000 00:00 0 
7f859b485000-7f859b489000 ---p 00000000 00:00 0 
7f859b489000-7f859b4a7000 rw-p 00000000 00:00 0 
7f859b4a7000-7f859b4ae000 r-xp 00000000 00:18b0 4611686019135192580      /nix/store/gpxl5qgg8kicmcvivwmybwjlpf7wh20l-graalvm17-ce-22.3.0/lib/libzip.so
7f859b4ae000-7f859b4af000 ---p 00007000 00:18b0 4611686019135192580      /nix/store/gpxl5qgg8kicmcvivwmybwjlpf7wh20l-graalvm17-ce-22.3.0/lib/libzip.so
7f859b4af000-7f859b4b0000 r--p 00007000 00:18b0 4611686019135192580      /nix/store/gpxl5qgg8kicmcvivwmybwjlpf7wh20l-graalvm17-ce-22.3.0/lib/libzip.so
7f859b4b0000-7f859b4b1000 rw-p 00008000 00:18b0 4611686019135192580      /nix/store/gpxl5qgg8kicmcvivwmybwjlpf7wh20l-graalvm17-ce-22.3.0/lib/libzip.so
7f859b4b1000-7f859b4b3000 rw-p 0000b000 00:18b0 4611686019135192580      /nix/store/gpxl5qgg8kicmcvivwmybwjlpf7wh20l-graalvm17-ce-22.3.0/lib/libzip.so
7f859b4b3000-7f859b723000 rwxp 00000000 00:00 0 
7f859b723000-7f859ba42000 ---p 00000000 00:00 0 
7f859ba42000-7f859d062000 rwxp 00000000 00:00 0 
7f859d062000-7f85a2f7a000 ---p 00000000 00:00 0 
7f85a2f7a000-7f85a32ea000 rwxp 00000000 00:00 0 
7f85a32ea000-7f85aa4b3000 ---p 00000000 00:00 0 
7f85aa4b3000-7f85b4000000 r--s 00000000 00:18b0 4611686019135192581      /nix/store/gpxl5qgg8kicmcvivwmybwjlpf7wh20l-graalvm17-ce-22.3.0/lib/modules
7f85b4000000-7f85b4601000 rw-p 00000000 00:00 0 
7f85b4601000-7f85b8000000 ---p 00000000 00:00 0 
7f85b8005000-7f85b8007000 r-xp 00000000 00:18b0 4611686019135190017      /nix/store/gpxl5qgg8kicmcvivwmybwjlpf7wh20l-graalvm17-ce-22.3.0/lib/libextnet.so
7f85b8007000-7f85b8008000 r--p 00001000 00:18b0 4611686019135190017      /nix/store/gpxl5qgg8kicmcvivwmybwjlpf7wh20l-graalvm17-ce-22.3.0/lib/libextnet.so
7f85b8008000-7f85b8009000 rw-p 00002000 00:18b0 4611686019135190017      /nix/store/gpxl5qgg8kicmcvivwmybwjlpf7wh20l-graalvm17-ce-22.3.0/lib/libextnet.so
7f85b8009000-7f85b800a000 rw-p 00004000 00:18b0 4611686019135190017      /nix/store/gpxl5qgg8kicmcvivwmybwjlpf7wh20l-graalvm17-ce-22.3.0/lib/libextnet.so
7f85b800a000-7f85b801f000 r-xp 00000000 00:18b0 4611686019135192570      /nix/store/gpxl5qgg8kicmcvivwmybwjlpf7wh20l-graalvm17-ce-22.3.0/lib/libnet.so
7f85b801f000-7f85b8020000 ---p 00015000 00:18b0 4611686019135192570      /nix/store/gpxl5qgg8kicmcvivwmybwjlpf7wh20l-graalvm17-ce-22.3.0/lib/libnet.so
7f85b8020000-7f85b8021000 r--p 00015000 00:18b0 4611686019135192570      /nix/store/gpxl5qgg8kicmcvivwmybwjlpf7wh20l-graalvm17-ce-22.3.0/lib/libnet.so
7f85b8021000-7f85b8022000 rw-p 00016000 00:18b0 4611686019135192570      /nix/store/gpxl5qgg8kicmcvivwmybwjlpf7wh20l-graalvm17-ce-22.3.0/lib/libnet.so
7f85b8022000-7f85b8025000 rw-p 0001b000 00:18b0 4611686019135192570      /nix/store/gpxl5qgg8kicmcvivwmybwjlpf7wh20l-graalvm17-ce-22.3.0/lib/libnet.so
7f85b8025000-7f85b8038000 r-xp 00000000 00:18b0 4611686019135192571      /nix/store/gpxl5qgg8kicmcvivwmybwjlpf7wh20l-graalvm17-ce-22.3.0/lib/libnio.so
7f85b8038000-7f85b8039000 r--p 00012000 00:18b0 4611686019135192571      /nix/store/gpxl5qgg8kicmcvivwmybwjlpf7wh20l-graalvm17-ce-22.3.0/lib/libnio.so
7f85b8039000-7f85b803a000 rw-p 00013000 00:18b0 4611686019135192571      /nix/store/gpxl5qgg8kicmcvivwmybwjlpf7wh20l-graalvm17-ce-22.3.0/lib/libnio.so
7f85b803a000-7f85b803f000 rw-p 00019000 00:18b0 4611686019135192571      /nix/store/gpxl5qgg8kicmcvivwmybwjlpf7wh20l-graalvm17-ce-22.3.0/lib/libnio.so
7f85b803f000-7f85b8043000 ---p 00000000 00:00 0 
7f85b8043000-7f85b813f000 rw-p 00000000 00:00 0 
7f85b813f000-7f85b8143000 ---p 00000000 00:00 0 
7f85b8143000-7f85b823f000 rw-p 00000000 00:00 0 
7f85b823f000-7f85b8243000 ---p 00000000 00:00 0 
7f85b8243000-7f85b833f000 rw-p 00000000 00:00 0 
7f85b833f000-7f85b8343000 ---p 00000000 00:00 0 
7f85b8343000-7f85b843f000 rw-p 00000000 00:00 0 
7f85b843f000-7f85b8725000 r--p 00000000 00:1888 28444448                 /usr/lib/locale/locale-archive
7f85b8725000-7f85b8729000 ---p 00000000 00:00 0 
7f85b8729000-7f85b8825000 rw-p 00000000 00:00 0 
7f85b8825000-7f85b8829000 ---p 00000000 00:00 0 
7f85b8829000-7f85b8925000 rw-p 00000000 00:00 0 
7f85b8925000-7f85b8926000 ---p 00000000 00:00 0 
7f85b8926000-7f85b8a27000 rw-p 00000000 00:00 0 
7f85b8a27000-7f85b8af5000 r-xp 00000000 00:18b0 4611686019135190036      /nix/store/gpxl5qgg8kicmcvivwmybwjlpf7wh20l-graalvm17-ce-22.3.0/lib/libjsvml.so
7f85b8af5000-7f85b8af6000 r--p 000cd000 00:18b0 4611686019135190036      /nix/store/gpxl5qgg8kicmcvivwmybwjlpf7wh20l-graalvm17-ce-22.3.0/lib/libjsvml.so
7f85b8af6000-7f85b8af7000 rw-p 000ce000 00:18b0 4611686019135190036      /nix/store/gpxl5qgg8kicmcvivwmybwjlpf7wh20l-graalvm17-ce-22.3.0/lib/libjsvml.so
7f85b8af7000-7f85ba3cf000 rw-p 00000000 00:00 0 
7f85ba3cf000-7f85ba3d0000 ---p 00000000 00:00 0 
7f85ba3d0000-7f85ba57b000 rw-p 00000000 00:00 0 
7f85ba57b000-7f85ba5aa000 rw-p 00000000 00:00 0 
7f85ba5aa000-7f85ba5d1000 ---p 00000000 00:00 0 
7f85ba5d1000-7f85ba5d9000 rw-p 00000000 00:00 0 
7f85ba5d9000-7f85ba6bd000 ---p 00000000 00:00 0 
7f85ba6bd000-7f85ba6ea000 rw-p 00000000 00:00 0 
7f85ba6ea000-7f85ba7a8000 ---p 00000000 00:00 0 
7f85ba7a8000-7f85ba7ad000 rw-p 00000000 00:00 0 
7f85ba7ad000-7f85ba7b4000 ---p 00000000 00:00 0 
7f85ba7b4000-7f85ba7d8000 r-xp 00000000 00:18b0 4611686019135190028      /nix/store/gpxl5qgg8kicmcvivwmybwjlpf7wh20l-graalvm17-ce-22.3.0/lib/libjava.so
7f85ba7d8000-7f85ba7d9000 ---p 00024000 00:18b0 4611686019135190028      /nix/store/gpxl5qgg8kicmcvivwmybwjlpf7wh20l-graalvm17-ce-22.3.0/lib/libjava.so
7f85ba7d9000-7f85ba7da000 r--p 00024000 00:18b0 4611686019135190028      /nix/store/gpxl5qgg8kicmcvivwmybwjlpf7wh20l-graalvm17-ce-22.3.0/lib/libjava.so
7f85ba7da000-7f85ba7db000 rw-p 00025000 00:18b0 4611686019135190028      /nix/store/gpxl5qgg8kicmcvivwmybwjlpf7wh20l-graalvm17-ce-22.3.0/lib/libjava.so
7f85ba7db000-7f85ba7dc000 rw-p 00000000 00:00 0 
7f85ba7dc000-7f85ba7e3000 rw-p 0002f000 00:18b0 4611686019135190028      /nix/store/gpxl5qgg8kicmcvivwmybwjlpf7wh20l-graalvm17-ce-22.3.0/lib/libjava.so
7f85ba7e3000-7f85ba7eb000 rw-s 00000000 00:ea 374                        /tmp/hsperfdata_runner/55
7f85ba7eb000-7f85ba7ec000 ---p 00000000 00:00 0 
7f85ba7ec000-7f85ba7ed000 r--p 00000000 00:00 0 
7f85ba7ed000-7f85ba7ee000 rwxp 00000000 00:00 0 
7f85ba7ee000-7f85ba809000 r-xp 00000000 00:18b0 4611686019135190032      /nix/store/gpxl5qgg8kicmcvivwmybwjlpf7wh20l-graalvm17-ce-22.3.0/lib/libjimage.so
7f85ba809000-7f85ba80a000 ---p 0001b000 00:18b0 4611686019135190032      /nix/store/gpxl5qgg8kicmcvivwmybwjlpf7wh20l-graalvm17-ce-22.3.0/lib/libjimage.so
7f85ba80a000-7f85ba80c000 r--p 0001b000 00:18b0 4611686019135190032      /nix/store/gpxl5qgg8kicmcvivwmybwjlpf7wh20l-graalvm17-ce-22.3.0/lib/libjimage.so
7f85ba80c000-7f85ba80d000 rw-p 0001d000 00:18b0 4611686019135190032      /nix/store/gpxl5qgg8kicmcvivwmybwjlpf7wh20l-graalvm17-ce-22.3.0/lib/libjimage.so
7f85ba80d000-7f85ba80e000 rw-p 00024000 00:18b0 4611686019135190032      /nix/store/gpxl5qgg8kicmcvivwmybwjlpf7wh20l-graalvm17-ce-22.3.0/lib/libjimage.so
7f85ba80e000-7f85ba812000 ---p 00000000 00:00 0 
7f85ba812000-7f85ba90e000 rw-p 00000000 00:00 0 
7f85ba90e000-7f85ba91c000 r--p 00000000 00:18b0 4611686019027979927      /nix/store/4nlgxhb09sdr51nc9hdm8az5b08vzkgx-glibc-2.35-163/lib/libm.so.6
7f85ba91c000-7f85ba98f000 r-xp 0000e000 00:18b0 4611686019027979927      /nix/store/4nlgxhb09sdr51nc9hdm8az5b08vzkgx-glibc-2.35-163/lib/libm.so.6
7f85ba98f000-7f85ba9ec000 r--p 00081000 00:18b0 4611686019027979927      /nix/store/4nlgxhb09sdr51nc9hdm8az5b08vzkgx-glibc-2.35-163/lib/libm.so.6
7f85ba9ec000-7f85ba9ed000 r--p 000dd000 00:18b0 4611686019027979927      /nix/store/4nlgxhb09sdr51nc9hdm8az5b08vzkgx-glibc-2.35-163/lib/libm.so.6
7f85ba9ed000-7f85ba9ee000 rw-p 000de000 00:18b0 4611686019027979927      /nix/store/4nlgxhb09sdr51nc9hdm8az5b08vzkgx-glibc-2.35-163/lib/libm.so.6
7f85ba9ee000-7f85ba9ef000 r--p 00000000 00:18b0 4611686019027979946      /nix/store/4nlgxhb09sdr51nc9hdm8az5b08vzkgx-glibc-2.35-163/lib/librt.so.1
7f85ba9ef000-7f85ba9f0000 r-xp 00001000 00:18b0 4611686019027979946      /nix/store/4nlgxhb09sdr51nc9hdm8az5b08vzkgx-glibc-2.35-163/lib/librt.so.1
7f85ba9f0000-7f85ba9f1000 r--p 00002000 00:18b0 4611686019027979946      /nix/store/4nlgxhb09sdr51nc9hdm8az5b08vzkgx-glibc-2.35-163/lib/librt.so.1
7f85ba9f1000-7f85ba9f2000 r--p 00002000 00:18b0 4611686019027979946      /nix/store/4nlgxhb09sdr51nc9hdm8az5b08vzkgx-glibc-2.35-163/lib/librt.so.1
7f85ba9f2000-7f85ba9f3000 rw-p 00003000 00:18b0 4611686019027979946      /nix/store/4nlgxhb09sdr51nc9hdm8az5b08vzkgx-glibc-2.35-163/lib/librt.so.1
7f85ba9f3000-7f85bbb06000 r-xp 00000000 00:18b0 4611686019135360866      /nix/store/gpxl5qgg8kicmcvivwmybwjlpf7wh20l-graalvm17-ce-22.3.0/lib/server/libjvm.so
7f85bbb06000-7f85bbb07000 ---p 01113000 00:18b0 4611686019135360866      /nix/store/gpxl5qgg8kicmcvivwmybwjlpf7wh20l-graalvm17-ce-22.3.0/lib/server/libjvm.so
7f85bbb07000-7f85bbbbc000 r--p 01113000 00:18b0 4611686019135360866      /nix/store/gpxl5qgg8kicmcvivwmybwjlpf7wh20l-graalvm17-ce-22.3.0/lib/server/libjvm.so
7f85bbbbc000-7f85bbbf0000 rw-p 011c8000 00:18b0 4611686019135360866      /nix/store/gpxl5qgg8kicmcvivwmybwjlpf7wh20l-graalvm17-ce-22.3.0/lib/server/libjvm.so
7f85bbbf0000-7f85bbc4c000 rw-p 00000000 00:00 0 
7f85bbc4c000-7f85bbc74000 r--p 00000000 00:18b0 4611686019027979918      /nix/store/4nlgxhb09sdr51nc9hdm8az5b08vzkgx-glibc-2.35-163/lib/libc.so.6
7f85bbc74000-7f85bbdea000 r-xp 00028000 00:18b0 4611686019027979918      /nix/store/4nlgxhb09sdr51nc9hdm8az5b08vzkgx-glibc-2.35-163/lib/libc.so.6
7f85bbdea000-7f85bbe42000 r--p 0019e000 00:18b0 4611686019027979918      /nix/store/4nlgxhb09sdr51nc9hdm8az5b08vzkgx-glibc-2.35-163/lib/libc.so.6
7f85bbe42000-7f85bbe46000 r--p 001f6000 00:18b0 4611686019027979918      /nix/store/4nlgxhb09sdr51nc9hdm8az5b08vzkgx-glibc-2.35-163/lib/libc.so.6
7f85bbe46000-7f85bbe48000 rw-p 001fa000 00:18b0 4611686019027979918      /nix/store/4nlgxhb09sdr51nc9hdm8az5b08vzkgx-glibc-2.35-163/lib/libc.so.6
7f85bbe48000-7f85bbe57000 rw-p 00000000 00:00 0 
7f85bbe57000-7f85bbe58000 r--p 00000000 00:18b0 4611686019027979923      /nix/store/4nlgxhb09sdr51nc9hdm8az5b08vzkgx-glibc-2.35-163/lib/libdl.so.2
7f85bbe58000-7f85bbe59000 r-xp 00001000 00:18b0 4611686019027979923      /nix/store/4nlgxhb09sdr51nc9hdm8az5b08vzkgx-glibc-2.35-163/lib/libdl.so.2
7f85bbe59000-7f85bbe5a000 r--p 00002000 00:18b0 4611686019027979923      /nix/store/4nlgxhb09sdr51nc9hdm8az5b08vzkgx-glibc-2.35-163/lib/libdl.so.2
7f85bbe5a000-7f85bbe5b000 r--p 00002000 00:18b0 4611686019027979923      /nix/store/4nlgxhb09sdr51nc9hdm8az5b08vzkgx-glibc-2.35-163/lib/libdl.so.2
7f85bbe5b000-7f85bbe5c000 rw-p 00003000 00:18b0 4611686019027979923      /nix/store/4nlgxhb09sdr51nc9hdm8az5b08vzkgx-glibc-2.35-163/lib/libdl.so.2
7f85bbe5c000-7f85bbe5d000 r--p 00000000 00:18b0 4611686019027979942      /nix/store/4nlgxhb09sdr51nc9hdm8az5b08vzkgx-glibc-2.35-163/lib/libpthread.so.0
7f85bbe5d000-7f85bbe5e000 r-xp 00001000 00:18b0 4611686019027979942      /nix/store/4nlgxhb09sdr51nc9hdm8az5b08vzkgx-glibc-2.35-163/lib/libpthread.so.0
7f85bbe5e000-7f85bbe5f000 r--p 00002000 00:18b0 4611686019027979942      /nix/store/4nlgxhb09sdr51nc9hdm8az5b08vzkgx-glibc-2.35-163/lib/libpthread.so.0
7f85bbe5f000-7f85bbe60000 r--p 00002000 00:18b0 4611686019027979942      /nix/store/4nlgxhb09sdr51nc9hdm8az5b08vzkgx-glibc-2.35-163/lib/libpthread.so.0
7f85bbe60000-7f85bbe61000 rw-p 00003000 00:18b0 4611686019027979942      /nix/store/4nlgxhb09sdr51nc9hdm8az5b08vzkgx-glibc-2.35-163/lib/libpthread.so.0
7f85bbe61000-7f85bbe6f000 r-xp 00000000 00:18b0 4611686019135190033      /nix/store/gpxl5qgg8kicmcvivwmybwjlpf7wh20l-graalvm17-ce-22.3.0/lib/libjli.so
7f85bbe6f000-7f85bbe70000 ---p 0000e000 00:18b0 4611686019135190033      /nix/store/gpxl5qgg8kicmcvivwmybwjlpf7wh20l-graalvm17-ce-22.3.0/lib/libjli.so
7f85bbe70000-7f85bbe71000 r--p 0000e000 00:18b0 4611686019135190033      /nix/store/gpxl5qgg8kicmcvivwmybwjlpf7wh20l-graalvm17-ce-22.3.0/lib/libjli.so
7f85bbe71000-7f85bbe72000 rw-p 0000f000 00:18b0 4611686019135190033      /nix/store/gpxl5qgg8kicmcvivwmybwjlpf7wh20l-graalvm17-ce-22.3.0/lib/libjli.so
7f85bbe72000-7f85bbe73000 rw-p 00012000 00:18b0 4611686019135190033      /nix/store/gpxl5qgg8kicmcvivwmybwjlpf7wh20l-graalvm17-ce-22.3.0/lib/libjli.so
7f85bbe73000-7f85bbe76000 r--p 00000000 00:18b0 4611686019106210071      /nix/store/026hln0aq1hyshaxsdvhg0kmcm6yf45r-zlib-1.2.13/lib/libz.so.1.2.13
7f85bbe76000-7f85bbe88000 r-xp 00003000 00:18b0 4611686019106210071      /nix/store/026hln0aq1hyshaxsdvhg0kmcm6yf45r-zlib-1.2.13/lib/libz.so.1.2.13
7f85bbe88000-7f85bbe8f000 r--p 00015000 00:18b0 4611686019106210071      /nix/store/026hln0aq1hyshaxsdvhg0kmcm6yf45r-zlib-1.2.13/lib/libz.so.1.2.13
7f85bbe8f000-7f85bbe90000 r--p 0001b000 00:18b0 4611686019106210071      /nix/store/026hln0aq1hyshaxsdvhg0kmcm6yf45r-zlib-1.2.13/lib/libz.so.1.2.13
7f85bbe90000-7f85bbe91000 rw-p 0001c000 00:18b0 4611686019106210071      /nix/store/026hln0aq1hyshaxsdvhg0kmcm6yf45r-zlib-1.2.13/lib/libz.so.1.2.13
7f85bbe91000-7f85bbe93000 rw-p 00000000 00:00 0 
7f85bbe93000-7f85bbe95000 r--p 00000000 00:18b0 4611686019027979912      /nix/store/4nlgxhb09sdr51nc9hdm8az5b08vzkgx-glibc-2.35-163/lib/ld-linux-x86-64.so.2
7f85bbe95000-7f85bbebc000 r-xp 00002000 00:18b0 4611686019027979912      /nix/store/4nlgxhb09sdr51nc9hdm8az5b08vzkgx-glibc-2.35-163/lib/ld-linux-x86-64.so.2
7f85bbebc000-7f85bbec8000 r--p 00029000 00:18b0 4611686019027979912      /nix/store/4nlgxhb09sdr51nc9hdm8az5b08vzkgx-glibc-2.35-163/lib/ld-linux-x86-64.so.2
7f85bbec8000-7f85bbeca000 r--p 00034000 00:18b0 4611686019027979912      /nix/store/4nlgxhb09sdr51nc9hdm8az5b08vzkgx-glibc-2.35-163/lib/ld-linux-x86-64.so.2
7f85bbeca000-7f85bbecc000 rw-p 00036000 00:18b0 4611686019027979912      /nix/store/4nlgxhb09sdr51nc9hdm8az5b08vzkgx-glibc-2.35-163/lib/ld-linux-x86-64.so.2
7ffde2aea000-7ffde2b0e000 rw-p 00000000 00:00 0                          [stack]
7ffde2b81000-7ffde2b85000 r--p 00000000 00:00 0                          [vvar]
7ffde2b85000-7ffde2b87000 r-xp 00000000 00:00 0                          [vdso]
ffffffffff600000-ffffffffff601000 --xp 00000000 00:00 0                  [vsyscall]


VM Arguments:
jvm_args: -XX:ThreadPriorityPolicy=1 -XX:+UnlockExperimentalVMOptions -XX:+EnableJVMCIProduct -XX:JVMCIThreadsPerNativeLibraryRuntime=1 -XX:-UnlockExperimentalVMOptions -Declipse.application=org.eclipse.jdt.ls.core.id1 -Dosgi.bundles.defaultStartLevel=4 -Declipse.product=org.eclipse.jdt.ls.core.product -Dlog.level=ALL -Xverify:none -XX:+UseParallelGC -XX:GCTimeRatio=4 -XX:AdaptiveSizePolicyWeight=90 -Dsun.zip.disableMemoryMapping=true -Xmx512m -Xms100m 
java_command: /nix/store/m6gcpi1ii6rghy04cjwjddcavv7i90df-jdt-language-server-1.9.0/share/java/plugins/org.eclipse.equinox.launcher_1.6.400.v20210924-0641.jar --add-modules=ALL-SYSTEM --add-opens java.base/java.util=ALL-UNNAMED --add-opens java.base/java.lang=ALL-UNNAMED -configuration /home/runner/.cache/jdt-language-server/config -data /home/runner/.cache/jdt-language-server/data/home/runner/Ship-Shape-V2
java_class_path (initial): /nix/store/m6gcpi1ii6rghy04cjwjddcavv7i90df-jdt-language-server-1.9.0/share/java/plugins/org.eclipse.equinox.launcher_1.6.400.v20210924-0641.jar
Launcher Type: SUN_STANDARD

[Global flags]
    uintx AdaptiveSizePolicyWeight                 = 90                                        {product} {command line}
     intx CICompilerCount                          = 2                                         {product} {ergonomic}
     bool EnableJVMCIProduct                       = true                                {JVMCI product} {jimage}
    uintx GCTimeRatio                              = 4                                         {product} {command line}
   size_t InitialHeapSize                          = 104857600                                 {product} {command line}
     uint JVMCIThreadsPerNativeLibraryRuntime      = 1                                   {JVMCI product} {jimage}
   size_t MaxHeapSize                              = 536870912                                 {product} {command line}
   size_t MaxNewSize                               = 178782208                                 {product} {ergonomic}
   size_t MinHeapDeltaBytes                        = 524288                                    {product} {ergonomic}
   size_t MinHeapSize                              = 104857600                                 {product} {command line}
   size_t NewSize                                  = 34603008                                  {product} {ergonomic}
    uintx NonNMethodCodeHeapSize                   = 5826188                                {pd product} {ergonomic}
    uintx NonProfiledCodeHeapSize                  = 122916026                              {pd product} {ergonomic}
   size_t OldSize                                  = 70254592                                  {product} {ergonomic}
    uintx ProfiledCodeHeapSize                     = 122916026                              {pd product} {ergonomic}
    uintx ReservedCodeCacheSize                    = 251658240                              {pd product} {ergonomic}
     bool SegmentedCodeCache                       = true                                      {product} {ergonomic}
   size_t SoftMaxHeapSize                          = 536870912                              {manageable} {ergonomic}
     intx ThreadPriorityPolicy                     = 1                                         {product} {jimage}
     bool UseCompressedClassPointers               = true                           {product lp64_product} {ergonomic}
     bool UseCompressedOops                        = true                           {product lp64_product} {ergonomic}
     bool UseParallelGC                            = true                                      {product} {command line}

Logging:
Log output configuration:
 #0: stdout all=warning uptime,level,tags
 #1: stderr all=off uptime,level,tags

Environment Variables:
JAVA_HOME=/nix/store/gpxl5qgg8kicmcvivwmybwjlpf7wh20l-graalvm17-ce-22.3.0
PATH=/nix/store/1d6ian3r8kdzspw8hacjhl3xkp40g1lj-binutils-wrapper-2.39/bin:/nix/store/dq0xwmsk1g0i2ayg6pb7y87na2knzylh-gcc-wrapper-11.3.0/bin:/nix/store/bap4d0lpcrhpwmpb8ayjcgkmvfj62lnq-bash-interactive-5.1-p16/bin:/nix/store/pr5n59mb4jzmfx6kanwxly0l07p861fg-patchelf-0.15.0/bin:/nix/store/1gf2flfqnpqbr1b4p4qz2f72y42bs56r-gcc-11.3.0/bin:/nix/store/57xv61c5zi8pphjbcwxxjlgc34p61ic9-glibc-2.35-163-bin/bin:/nix/store/a7gvj343m05j2s32xcnwr35v31ynlypr-coreutils-9.1/bin:/nix/store/039g378vc3pc3dvi9dzdlrd0i4q93qwf-binutils-2.39/bin:/nix/store/gpxl5qgg8kicmcvivwmybwjlpf7wh20l-graalvm17-ce-22.3.0/bin:/nix/store/6z9ag3ihc8mq2hzsw48lhbznvzny65nz-apache-maven-3.8.6/bin:/nix/store/m6gcpi1ii6rghy04cjwjddcavv7i90df-jdt-language-server-1.9.0/bin:/nix/store/84xs5alhs01zrbr4ywm05kxbjbp5590l-java-debug/bin:/nix/store/mydc6f4k2z73xlcz7ilif3v2lcaiqvza-findutils-4.9.0/bin:/nix/store/j9p3g8472iijd50vhdprx0nmk2fqn5gv-diffutils-3.8/bin:/nix/store/89zs7rms6x00xfq4dq6m7mjnhkr8a6r4-gnused-4.8/bin:/nix/store/86bp03jkmsl6f92w0yzg4s59g5mhxwmy-gnugrep-3.7/bin:/nix/store/hwcdqw4jrjnd37wxqgsd47hd0j8bnj09-gawk-5.1.1/bin:/nix/store/cfbhw8r8ags41vwqaz47r583d0p4h4a1-gnutar-1.34/bin:/nix/store/p3m1ndl1lapwrlh698bnb5lvvxh67378-gzip-1.12/bin:/nix/store/a8mhcagrsly7c7mpjrpsnaahk4aax056-bzip2-1.0.8-bin/bin:/nix/store/mblgz65m3zv9x548a3d5m96fj2pbwr09-gnumake-4.3/bin:/nix/store/dsd5gz46hdbdk2rfdimqddhq6m8m8fqs-bash-5.1-p16/bin:/nix/store/v7ljksji50mg3w61dykaa3n3y79n6nil-patch-2.7.6/bin:/nix/store/zlcnmqq14jz5x9439jf937mvayyl63da-xz-5.2.7-bin/bin:/nix/store/y6aj732zm9m87c82fpvf103a1xb22blp-file-5.43/bin:/nix/store/sgqd0ajghcv2axfl1lad0b1alyavp0dc-prybar-elisp-0.0.0-67f7a00/bin:/nix/store/p3hsvljpgs68jqwar41lc0jqhjj734lf-prybar-lua-0.0.0-67f7a00/bin:/nix/store/qzxs2gybds3s9kb1vkaflpgm2nwr85fh-prybar-python3-0.0.0-67f7a00/bin:/nix/store/km94z9mxp8w4m8gxxp5mbfpdf3nkfvd8-prybar-sqlite-0.0.0-67f7a00/bin:/nix/store/2pnc7b76asw0z59c4l6h6qy8arwqrii1-prybar-tcl-0.0.0-67f7a00/bin:/nix/store/hpbvrlwd5viqmvcaisb3x0118i913a9n-st
LD_LIBRARY_PATH=/nix/store/a4pff549sk2idnkpzk5nsfps3mdkdnvm-cups-2.4.2-lib/lib:/nix/store/72mqxxhh3cy5yifh92wh2yb8cl2hikyy-cairo-1.16.0/lib:/nix/store/2k366jrbsra97gjfxwvrhvixjfxdach5-glib-2.74.1/lib:/nix/store/2j2znigd8ak37rlwh9khz0ry3clqlw1l-gtk+3-3.24.34/lib:/nix/store/hisqvx32cd57apbpcsnkpx6k3549wql1-libglvnd-1.4.0/lib:/nix/store/p36pgcv991mq5srvg765b78yqpxvk3qs-mesa-21.3.3-drivers/lib:/nix/store/mav4251if1ahjq5vkpwycyyvnmy459c4-pulseaudio-14.2/lib
DISPLAY=:0
LANG=en_US.UTF-8

Signal Handlers:
   SIGSEGV: crash_handler in libjvm.so, mask=11100100010111111101111111111110, flags=SA_RESTART|SA_SIGINFO
    SIGBUS: crash_handler in libjvm.so, mask=11100100010111111101111111111110, flags=SA_RESTART|SA_SIGINFO
    SIGFPE: crash_handler in libjvm.so, mask=11100100010111111101111111111110, flags=SA_RESTART|SA_SIGINFO
   SIGPIPE: IsolateEnterStub_IgnoreSIGPIPEStartupHook_noopSignalHandler_8f19bff2f35b5f630d83b364d6b2339320d4ec70_216e8361c6bc87a8f89f58cc10d3b2fd4415bf87 in libjvmcicompiler.so, mask=00000000000000000000000000000000, flags=SA_RESTART
  *** Handler was modified!
  *** Expected: javaSignalHandler in libjvm.so, mask=11100100110111111111111111111110, flags=SA_RESTART|SA_SIGINFO
   SIGXFSZ: javaSignalHandler in libjvm.so, mask=11100100010111111101111111111110, flags=SA_RESTART|SA_SIGINFO
    SIGILL: crash_handler in libjvm.so, mask=11100100010111111101111111111110, flags=SA_RESTART|SA_SIGINFO
   SIGUSR2: SR_handler in libjvm.so, mask=00000000000000000000000000000000, flags=SA_RESTART|SA_SIGINFO
    SIGHUP: UserHandler in libjvm.so, mask=11100100010111111101111111111110, flags=SA_RESTART|SA_SIGINFO
    SIGINT: UserHandler in libjvm.so, mask=11100100010111111101111111111110, flags=SA_RESTART|SA_SIGINFO
   SIGTERM: UserHandler in libjvm.so, mask=11100100010111111101111111111110, flags=SA_RESTART|SA_SIGINFO
   SIGQUIT: UserHandler in libjvm.so, mask=11100100010111111101111111111110, flags=SA_RESTART|SA_SIGINFO
  *** Handler was modified!
  *** Expected: javaSignalHandler in libjvm.so, mask=11100100110111111111111111111110, flags=SA_RESTART|SA_SIGINFO
   SIGTRAP: crash_handler in libjvm.so, mask=11100100010111111101111111111110, flags=SA_RESTART|SA_SIGINFO


---------------  S Y S T E M  ---------------

OS:
DISTRIB_ID=Ubuntu
DISTRIB_RELEASE=20.04
DISTRIB_CODENAME=focal
DISTRIB_DESCRIPTION="Ubuntu 20.04.2 LTS"
uname: Linux 5.15.0-1029-gcp #36~20.04.1-Ubuntu SMP Tue Jan 24 16:54:15 UTC 2023 x86_64
OS uptime: 0 days 9:54 hours
libc: glibc 2.35 NPTL 2.35 
rlimit (soft/hard): STACK 8192k/infinity , CORE infinity/infinity , NPROC infinity/infinity , NOFILE 5242/5242 , AS infinity/infinity , CPU infinity/infinity , DATA infinity/infinity , FSIZE infinity/infinity , MEMLOCK 64k/64k
load average: 16.31 14.83 14.13

/proc/meminfo:
MemTotal:       65852724 kB
MemFree:        18335468 kB
MemAvailable:   48871744 kB
Buffers:         2620272 kB
Cached:         26575752 kB
SwapCached:            0 kB
Active:         10862664 kB
Inactive:       31927524 kB
Active(anon):      12600 kB
Inactive(anon): 13388988 kB
Active(file):   10850064 kB
Inactive(file): 18538536 kB
Unevictable:       44568 kB
Mlocked:           44568 kB
SwapTotal:             0 kB
SwapFree:              0 kB
Dirty:              5404 kB
Writeback:             0 kB
AnonPages:      12198652 kB
Mapped:          1737556 kB
Shmem:             37024 kB
KReclaimable:    1886564 kB
Slab:            3844608 kB
SReclaimable:    1886564 kB
SUnreclaim:      1958044 kB
KernelStack:      373480 kB
PageTables:       108612 kB
NFS_Unstable:          0 kB
Bounce:                0 kB
WritebackTmp:          0 kB
CommitLimit:    32926360 kB
Committed_AS:   50826232 kB
VmallocTotal:   34359738367 kB
VmallocUsed:      419824 kB
VmallocChunk:          0 kB
Percpu:            84928 kB
HardwareCorrupted:     0 kB
AnonHugePages:   1005568 kB
ShmemHugePages:        0 kB
ShmemPmdMapped:        0 kB
FileHugePages:         0 kB
FilePmdMapped:         0 kB
HugePages_Total:       0
HugePages_Free:        0
HugePages_Rsvd:        0
HugePages_Surp:        0
Hugepagesize:       2048 kB
Hugetlb:               0 kB
DirectMap4k:     5256000 kB
DirectMap2M:    57655296 kB
DirectMap1G:     6291456 kB

/sys/kernel/mm/transparent_hugepage/enabled: always [madvise] never
/sys/kernel/mm/transparent_hugepage/defrag (defrag/compaction efforts parameter): always defer defer+madvise [madvise] never

Process Memory:
Virtual Size: 5469012K (peak: 5531452K)
Resident Set Size: 807672K (peak: 843228K) (anon: 611540K, file: 196132K, shmem: 0K)
Swapped out: 0K
C-Heap outstanding allocations: 43763K, retained: 16616K
glibc malloc tunables: (default)

/proc/sys/kernel/threads-max (system-wide limit on the number of threads): 514406
/proc/sys/vm/max_map_count (maximum number of memory map areas a process may have): 65530
/proc/sys/kernel/pid_max (system-wide limit on number of process identifiers): 4194304

container (cgroup) information:
container_type: cgroupv1
cpu_cpuset_cpus: 2-7
cpu_memory_nodes: 0
active_processor_count: 1
cpu_quota: 50000
cpu_period: 100000
cpu_shares: 512
memory_limit_in_bytes: 1048576 k
memory_and_swap_limit_in_bytes: 1048576 k
memory_soft_limit_in_bytes: 524288 k
memory_usage_in_bytes: 1025808 k
memory_max_usage_in_bytes: 1048576 k
maximum number of tasks: 1000
current number of tasks: 87

KVM virtualization detected
Steal ticks since vm start: 0
Steal ticks percentage since vm start:  0.000

CPU: total 8 (initial active 1) (8 cores per cpu, 2 threads per core) family 23 model 49 stepping 0 microcode 0xffffffff, cx8, cmov, fxsr, ht, mmx, 3dnowpref, sse, sse2, sse3, ssse3, sse4a, sse4.1, sse4.2, popcnt, lzcnt, tsc, tscinvbit, avx, avx2, aes, clmul, bmi1, bmi2, adx, sha, fma, vzeroupper, clflush, clflushopt, hv
CPU Model and flags from /proc/cpuinfo:
model name	: AMD EPYC 7B12
flags		: fpu vme de pse tsc msr pae mce cx8 apic sep mtrr pge mca cmov pat pse36 clflush mmx fxsr sse sse2 ht syscall nx mmxext fxsr_opt pdpe1gb rdtscp lm constant_tsc rep_good nopl nonstop_tsc cpuid extd_apicid tsc_known_freq pni pclmulqdq ssse3 fma cx16 sse4_1 sse4_2 movbe popcnt aes xsave avx f16c rdrand hypervisor lahf_lm cmp_legacy cr8_legacy abm sse4a misalignsse 3dnowprefetch osvw topoext ssbd ibrs ibpb stibp vmmcall fsgsbase tsc_adjust bmi1 avx2 smep bmi2 rdseed adx smap clflushopt clwb sha_ni xsaveopt xsavec xgetbv1 clzero xsaveerptr arat npt nrip_save umip rdpid

Online cpus: 0-7
Offline cpus: 
BIOS frequency limitation: <Not Available>
Frequency switch latency (ns): <Not Available>
Available cpu frequencies: <Not Available>
Current governor: <Not Available>
Core performance/turbo boost: <Not Available>

Memory: 4k page, physical 1048576k(22756k free), swap 0k(0k free)
Page Sizes: 4k

vm_info: OpenJDK 64-Bit Server VM (17.0.5+8-jvmci-22.3-b08) for linux-amd64 JRE (17.0.5+8-jvmci-22.3-b08), built on Oct 19 2022 09:01:27 by "buildslave" with gcc 10.3.0

END.
